{"/home/alex/github/node-report/src/html.coffee":{"path":"/home/alex/github/node-report/src/html.coffee","s":{"1":1,"2":1,"3":1,"4":1,"5":1,"6":1,"7":1,"8":1,"9":1,"10":1,"11":1,"12":1,"13":1,"14":1,"15":1,"16":1,"17":1,"18":1,"19":1,"20":1,"21":1,"22":1,"23":1,"24":1,"25":1,"26":1,"27":9,"28":0,"29":0,"30":9,"31":9,"32":9,"33":9,"34":2,"35":2,"36":2,"37":2,"38":2,"39":2,"40":2,"41":2,"42":9,"43":9,"44":9,"45":9,"46":9,"47":9,"48":9,"49":9,"50":0,"51":0,"52":0,"53":0,"54":0,"55":0,"56":0,"57":9,"58":9,"59":9,"60":1,"61":8,"62":9,"63":9,"64":9,"65":9,"66":8,"67":1,"68":0,"69":1,"70":1,"71":1,"72":1,"73":9,"74":8,"75":1,"76":5,"77":5,"78":5,"79":0,"80":0,"81":0,"82":1,"83":1,"84":40,"85":1,"86":1,"87":72,"88":72,"89":0,"90":72,"91":1,"92":9,"93":9,"94":9,"95":9,"96":36,"97":36,"98":36,"99":9,"100":27,"101":27,"102":27,"103":9,"104":72,"105":9},"b":{"1":[0,9],"2":[9,0,0],"3":[1,8],"4":[8,1],"5":[0,1],"6":[8,1],"7":[5,0],"8":[0,72]},"f":{"1":9,"2":2,"3":1,"4":9,"5":5,"6":40,"7":72,"8":9},"fnMap":{"1":{"name":"module","line":62,"loc":{"start":{"line":62,"column":0},"end":{"line":62,"column":38}}},"2":{"name":"(anonymous_1)","line":82,"loc":{"start":{"line":82,"column":9},"end":{"line":82,"column":23}}},"3":{"name":"(anonymous_2)","line":121,"loc":{"start":{"line":121,"column":8},"end":{"line":121,"column":16}}},"4":{"name":"initHtml","line":130,"loc":{"start":{"line":130,"column":0},"end":{"line":130,"column":12}}},"5":{"name":"highlight","line":139,"loc":{"start":{"line":139,"column":4},"end":{"line":139,"column":28}}},"6":{"name":"md2html","line":167,"loc":{"start":{"line":167,"column":2},"end":{"line":167,"column":47}}},"7":{"name":"text","line":171,"loc":{"start":{"line":171,"column":0},"end":{"line":171,"column":34}}},"8":{"name":"optimizeHtml","line":176,"loc":{"start":{"line":176,"column":0},"end":{"line":176,"column":38}}}},"statementMap":{"1":{"start":{"line":7,"column":0},"end":{"line":7,"column":16}},"2":{"start":{"line":8,"column":0},"end":{"line":8,"column":20}},"3":{"start":{"line":9,"column":0},"end":{"line":9,"column":23}},"4":{"start":{"line":10,"column":0},"end":{"line":10,"column":20}},"5":{"start":{"line":11,"column":0},"end":{"line":11,"column":31}},"6":{"start":{"line":13,"column":0},"end":{"line":13,"column":26}},"7":{"start":{"line":14,"column":0},"end":{"line":14,"column":28}},"8":{"start":{"line":15,"column":0},"end":{"line":15,"column":44}},"9":{"start":{"line":16,"column":0},"end":{"line":16,"column":36}},"10":{"start":{"line":17,"column":0},"end":{"line":17,"column":32}},"11":{"start":{"line":18,"column":0},"end":{"line":18,"column":32}},"12":{"start":{"line":19,"column":0},"end":{"line":19,"column":34}},"13":{"start":{"line":20,"column":0},"end":{"line":20,"column":36}},"14":{"start":{"line":21,"column":0},"end":{"line":21,"column":48}},"15":{"start":{"line":22,"column":0},"end":{"line":22,"column":40}},"16":{"start":{"line":23,"column":0},"end":{"line":23,"column":34}},"17":{"start":{"line":24,"column":0},"end":{"line":24,"column":42}},"18":{"start":{"line":25,"column":0},"end":{"line":25,"column":42}},"19":{"start":{"line":26,"column":0},"end":{"line":26,"column":42}},"20":{"start":{"line":27,"column":0},"end":{"line":27,"column":43}},"21":{"start":{"line":28,"column":0},"end":{"line":28,"column":26}},"22":{"start":{"line":33,"column":0},"end":{"line":35,"column":0}},"23":{"start":{"line":34,"column":13},"end":{"line":34,"column":53}},"24":{"start":{"line":34,"column":14},"end":{"line":34,"column":22}},"25":{"start":{"line":36,"column":0},"end":{"line":61,"column":51}},"26":{"start":{"line":62,"column":0},"end":{"line":128,"column":43}},"27":{"start":{"line":63,"column":2},"end":{"line":67,"column":1}},"28":{"start":{"line":64,"column":4},"end":{"line":64,"column":13}},"29":{"start":{"line":65,"column":4},"end":{"line":65,"column":15}},"30":{"start":{"line":67,"column":2},"end":{"line":67,"column":16}},"31":{"start":{"line":68,"column":2},"end":{"line":68,"column":10}},"32":{"start":{"line":69,"column":2},"end":{"line":69,"column":28}},"33":{"start":{"line":72,"column":2},"end":{"line":87,"column":1}},"34":{"start":{"line":83,"column":4},"end":{"line":83,"column":39}},"35":{"start":{"line":84,"column":4},"end":{"line":84,"column":57}},"36":{"start":{"line":85,"column":4},"end":{"line":85,"column":49}},"37":{"start":{"line":85,"column":6},"end":{"line":85,"column":48}},"38":{"start":{"line":85,"column":7},"end":{"line":85,"column":7}},"39":{"start":{"line":85,"column":16},"end":{"line":85,"column":28}},"40":{"start":{"line":85,"column":40},"end":{"line":85,"column":43}},"41":{"start":{"line":85,"column":47},"end":{"line":85,"column":47}},"42":{"start":{"line":87,"column":2},"end":{"line":87,"column":63}},"43":{"start":{"line":88,"column":2},"end":{"line":88,"column":45}},"44":{"start":{"line":89,"column":2},"end":{"line":89,"column":33}},"45":{"start":{"line":91,"column":2},"end":{"line":101,"column":1}},"46":{"start":{"line":93,"column":6},"end":{"line":93,"column":53}},"47":{"start":{"line":94,"column":6},"end":{"line":94,"column":28}},"48":{"start":{"line":94,"column":6},"end":{"line":94,"column":28}},"49":{"start":{"line":94,"column":16},"end":{"line":94,"column":18}},"50":{"start":{"line":96,"column":6},"end":{"line":96,"column":52}},"51":{"start":{"line":96,"column":6},"end":{"line":96,"column":52}},"52":{"start":{"line":96,"column":41},"end":{"line":96,"column":45}},"53":{"start":{"line":98,"column":6},"end":{"line":98,"column":40}},"54":{"start":{"line":99,"column":6},"end":{"line":99,"column":28}},"55":{"start":{"line":99,"column":6},"end":{"line":99,"column":28}},"56":{"start":{"line":99,"column":16},"end":{"line":99,"column":18}},"57":{"start":{"line":101,"column":2},"end":{"line":115,"column":4}},"58":{"start":{"line":101,"column":9},"end":{"line":115,"column":4}},"59":{"start":{"line":103,"column":16},"end":{"line":103,"column":65}},"60":{"start":{"line":103,"column":38},"end":{"line":103,"column":42}},"61":{"start":{"line":103,"column":62},"end":{"line":103,"column":65}},"62":{"start":{"line":105,"column":15},"end":{"line":105,"column":19}},"63":{"start":{"line":111,"column":8},"end":{"line":111,"column":10}},"64":{"start":{"line":113,"column":12},"end":{"line":113,"column":18}},"65":{"start":{"line":116,"column":2},"end":{"line":116,"column":22}},"66":{"start":{"line":116,"column":2},"end":{"line":116,"column":12}},"67":{"start":{"line":117,"column":2},"end":{"line":117,"column":38}},"68":{"start":{"line":117,"column":2},"end":{"line":117,"column":14}},"69":{"start":{"line":119,"column":2},"end":{"line":128,"column":43}},"70":{"start":{"line":122,"column":4},"end":{"line":122,"column":16}},"71":{"start":{"line":129,"column":0},"end":{"line":129,"column":13}},"72":{"start":{"line":130,"column":0},"end":{"line":170,"column":0}},"73":{"start":{"line":131,"column":2},"end":{"line":131,"column":26}},"74":{"start":{"line":131,"column":2},"end":{"line":131,"column":15}},"75":{"start":{"line":133,"column":2},"end":{"line":166,"column":1}},"76":{"start":{"line":140,"column":6},"end":{"line":143,"column":5}},"77":{"start":{"line":141,"column":8},"end":{"line":143,"column":5}},"78":{"start":{"line":142,"column":10},"end":{"line":142,"column":47}},"79":{"start":{"line":143,"column":6},"end":{"line":145,"column":5}},"80":{"start":{"line":144,"column":8},"end":{"line":144,"column":43}},"81":{"start":{"line":145,"column":6},"end":{"line":145,"column":14}},"82":{"start":{"line":166,"column":2},"end":{"line":166,"column":45}},"83":{"start":{"line":167,"column":2},"end":{"line":169,"column":1}},"84":{"start":{"line":168,"column":4},"end":{"line":168,"column":35}},"85":{"start":{"line":169,"column":2},"end":{"line":169,"column":8}},"86":{"start":{"line":171,"column":0},"end":{"line":175,"column":0}},"87":{"start":{"line":172,"column":2},"end":{"line":172,"column":23}},"88":{"start":{"line":173,"column":2},"end":{"line":173,"column":80}},"89":{"start":{"line":173,"column":2},"end":{"line":173,"column":55}},"90":{"start":{"line":174,"column":2},"end":{"line":174,"column":53}},"91":{"start":{"line":176,"column":0},"end":{"line":199,"column":6}},"92":{"start":{"line":177,"column":2},"end":{"line":182,"column":2}},"93":{"start":{"line":180,"column":6},"end":{"line":180,"column":53}},"94":{"start":{"line":180,"column":19},"end":{"line":180,"column":40}},"95":{"start":{"line":184,"column":2},"end":{"line":190,"column":1}},"96":{"start":{"line":185,"column":4},"end":{"line":188,"column":4}},"97":{"start":{"line":187,"column":6},"end":{"line":187,"column":57}},"98":{"start":{"line":187,"column":19},"end":{"line":187,"column":46}},"99":{"start":{"line":190,"column":2},"end":{"line":196,"column":1}},"100":{"start":{"line":191,"column":4},"end":{"line":194,"column":4}},"101":{"start":{"line":193,"column":6},"end":{"line":193,"column":58}},"102":{"start":{"line":193,"column":19},"end":{"line":193,"column":47}},"103":{"start":{"line":196,"column":2},"end":{"line":199,"column":1}},"104":{"start":{"line":197,"column":4},"end":{"line":197,"column":27}},"105":{"start":{"line":199,"column":2},"end":{"line":199,"column":5}}},"branchMap":{"1":{"line":63,"type":"if","locations":[{"start":{"line":63,"column":2},"end":{"line":63,"column":2}},{"start":{"line":63,"column":2},"end":{"line":63,"column":2}}]},"2":{"line":91,"type":"switch","locations":[{"start":{"line":92,"column":4},"end":{"line":93,"column":53}},{"start":{"line":95,"column":4},"end":{"line":96,"column":52}},{"start":{"line":98,"column":6},"end":{"line":98,"column":40}}]},"3":{"line":103,"type":"if","locations":[{"start":{"line":103,"column":16},"end":{"line":103,"column":16}},{"start":{"line":103,"column":16},"end":{"line":103,"column":16}}]},"4":{"line":116,"type":"if","locations":[{"start":{"line":116,"column":2},"end":{"line":116,"column":2}},{"start":{"line":116,"column":2},"end":{"line":116,"column":2}}]},"5":{"line":117,"type":"if","locations":[{"start":{"line":117,"column":2},"end":{"line":117,"column":2}},{"start":{"line":117,"column":2},"end":{"line":117,"column":2}}]},"6":{"line":131,"type":"if","locations":[{"start":{"line":131,"column":2},"end":{"line":131,"column":2}},{"start":{"line":131,"column":2},"end":{"line":131,"column":2}}]},"7":{"line":140,"type":"if","locations":[{"start":{"line":140,"column":6},"end":{"line":140,"column":6}},{"start":{"line":140,"column":6},"end":{"line":140,"column":6}}]},"8":{"line":173,"type":"if","locations":[{"start":{"line":173,"column":2},"end":{"line":173,"column":2}},{"start":{"line":173,"column":2},"end":{"line":173,"column":2}}]}}},"/home/alex/github/node-report/src/index.coffee":{"path":"/home/alex/github/node-report/src/index.coffee","s":{"1":1,"2":1,"3":1,"4":1,"5":56,"6":56,"7":54,"8":56,"9":56,"10":1,"11":15,"12":0,"13":15,"14":3,"15":3,"16":9,"17":2,"18":1,"19":1,"20":2,"21":2,"22":2,"23":2,"24":7,"25":3,"26":10,"27":20,"28":20,"29":0,"30":15,"31":12,"32":6,"33":4,"34":6,"35":6,"36":14,"37":0,"38":14,"39":6,"40":6,"41":1,"42":1,"43":2,"44":1,"45":3,"46":3,"47":8,"48":15,"49":1,"50":1,"51":1,"52":14,"53":1,"54":1,"55":1,"56":1,"57":15,"58":58,"59":58,"60":164,"61":58,"62":15,"63":39,"64":39,"65":152,"66":0,"67":152,"68":22,"69":152,"70":15,"71":3,"72":3,"73":13,"74":13,"75":13,"76":5,"77":13,"78":13,"79":0,"80":15,"81":15,"82":39,"83":5,"84":34,"85":0,"86":39,"87":39,"88":39,"89":15,"90":15,"91":39,"92":5,"93":5,"94":5,"95":34,"96":34,"97":34,"98":0,"99":0,"100":0,"101":15,"102":58,"103":58,"104":152,"105":20,"106":132,"107":0,"108":152,"109":152,"110":0,"111":152,"112":152,"113":152,"114":15,"115":1,"116":3,"117":3,"118":3,"119":3,"120":3,"121":3,"122":3,"123":3,"124":12,"125":12,"126":12,"127":2,"128":2,"129":2,"130":2,"131":2,"132":2,"133":2,"134":2,"135":2,"136":2,"137":2,"138":2,"139":2,"140":2,"141":2,"142":2,"143":2,"144":2,"145":1,"146":1,"147":1,"148":2,"149":2,"150":2,"151":2,"152":2,"153":2,"154":2,"155":2,"156":2,"157":1,"158":2,"159":2,"160":2,"161":2,"162":2,"163":0,"164":2,"165":11,"166":11,"167":11,"168":11,"169":11,"170":3,"171":8,"172":0,"173":0,"174":0,"175":0,"176":0,"177":0,"178":23,"179":5,"180":5,"181":4,"182":2,"183":2,"184":2,"185":2,"186":2,"187":2,"188":5,"189":0,"190":0,"191":0,"192":5,"193":0,"194":5,"195":5,"196":5,"197":5,"198":0,"199":0,"200":2,"201":6,"202":1,"203":1,"204":1,"205":0,"206":6,"207":19,"208":2,"209":2,"210":17,"211":17,"212":3,"213":1,"214":1,"215":1,"216":0,"217":3,"218":3,"219":3,"220":3,"221":10,"222":1,"223":1,"224":9,"225":9,"226":9,"227":9,"228":2,"229":2,"230":0,"231":0,"232":0,"233":0,"234":2,"235":2,"236":5,"237":5,"238":5,"239":5,"240":5,"241":5,"242":5,"243":5,"244":2,"245":1,"246":1,"247":3,"248":3,"249":3,"250":2,"251":1,"252":3,"253":1,"254":2,"255":2,"256":2,"257":2,"258":2,"259":0,"260":0,"261":0,"262":11,"263":11,"264":11,"265":11,"266":0,"267":11,"268":11,"269":56,"270":0,"271":56,"272":56,"273":0,"274":0,"275":0,"276":0,"277":0,"278":0,"279":2,"280":2,"281":11,"282":1,"283":1,"284":1,"285":20,"286":1,"287":2,"288":2,"289":4,"290":2,"291":1,"292":1,"293":1,"294":1,"295":2,"296":2,"297":2,"298":2,"299":2,"300":2,"301":2,"302":2,"303":2,"304":1,"305":21,"306":21,"307":42,"308":33,"309":9,"310":9,"311":9,"312":21,"313":5,"314":5,"315":5,"316":1,"317":1,"318":1,"319":1,"320":1,"321":1,"322":1,"323":1,"324":1,"325":1,"326":1,"327":1,"328":1,"329":1,"330":1,"331":1,"332":1,"333":14,"334":14,"335":14,"336":14,"337":1,"338":1,"339":1,"340":1,"341":1,"342":1,"343":13,"344":1,"345":1,"346":1,"347":1,"348":1,"349":1,"350":1,"351":0,"352":0,"353":0,"354":0,"355":1,"356":1,"357":1,"358":1,"359":1,"360":3,"361":1,"362":1,"363":1,"364":3,"365":1,"366":1,"367":3,"368":1,"369":1,"370":4,"371":4,"372":4,"373":12,"374":1,"375":1,"376":3,"377":1,"378":1,"379":1,"380":1,"381":1,"382":4,"383":4,"384":4,"385":4,"386":4,"387":4,"388":4,"389":4,"390":4,"391":4,"392":4,"393":4,"394":4,"395":4,"396":4,"397":4,"398":4,"399":4,"400":4,"401":1,"402":9,"403":1,"404":9,"405":1,"406":1,"407":1,"408":1,"409":1,"410":1,"411":1,"412":1,"413":1,"414":2,"415":1,"416":1,"417":2,"418":2,"419":2,"420":2,"421":2,"422":1,"423":1,"424":8},"b":{"1":[54,2],"2":[0,15],"3":[3,12],"4":[2,7],"5":[1,1],"6":[20,0],"7":[12,3],"8":[6,6],"9":[4,2],"10":[0,14],"11":[1,5],"12":[1,14],"13":[1,13],"14":[0,152],"15":[22,130],"16":[3,12],"17":[5,8],"18":[13,0],"19":[5,34,0],"20":[5,34,0],"21":[20,132,0],"22":[0,152],"23":[0,2],"24":[3,8],"25":[2,2],"26":[0,5],"27":[0,5],"28":[1,5],"29":[0,1],"30":[2,17],"31":[1,2],"32":[0,1],"33":[1,9],"34":[0,2],"35":[0,0],"36":[2,1],"37":[0,11],"38":[0,56],"39":[0,0],"40":[33,9],"41":[4,0],"42":[1,8],"43":[1,0],"44":[1,1]},"f":{"1":56,"2":15,"3":10,"4":20,"5":58,"6":13,"7":39,"8":39,"9":152,"10":1,"11":3,"12":3,"13":12,"14":2,"15":2,"16":2,"17":2,"18":2,"19":2,"20":1,"21":2,"22":2,"23":2,"24":1,"25":2,"26":11,"27":0,"28":23,"29":5,"30":4,"31":5,"32":2,"33":6,"34":19,"35":3,"36":10,"37":2,"38":5,"39":1,"40":2,"41":2,"42":0,"43":11,"44":56,"45":0,"46":2,"47":2,"48":11,"49":1,"50":1,"51":1,"52":20,"53":1,"54":2,"55":2,"56":4,"57":2,"58":1,"59":1,"60":1,"61":1,"62":2,"63":2,"64":1,"65":21,"66":5,"67":1,"68":1,"69":1,"70":14,"71":1,"72":1,"73":1,"74":1,"75":0,"76":1,"77":4,"78":4,"79":9,"80":1,"81":2,"82":8},"fnMap":{"1":{"name":"block","line":16,"loc":{"start":{"line":16,"column":0},"end":{"line":16,"column":51}}},"2":{"name":"table","line":23,"loc":{"start":{"line":23,"column":0},"end":{"line":23,"column":26}}},"3":{"name":"(anonymous_1)","line":37,"loc":{"start":{"line":37,"column":16},"end":{"line":37,"column":21}}},"4":{"name":"(anonymous_2)","line":38,"loc":{"start":{"line":38,"column":12},"end":{"line":38,"column":17}}},"5":{"name":"(anonymous_3)","line":70,"loc":{"start":{"line":70,"column":16},"end":{"line":70,"column":23}}},"6":{"name":"(anonymous_4)","line":84,"loc":{"start":{"line":84,"column":13},"end":{"line":84,"column":21}}},"7":{"name":"(anonymous_5)","line":92,"loc":{"start":{"line":92,"column":25},"end":{"line":92,"column":30}}},"8":{"name":"(anonymous_6)","line":102,"loc":{"start":{"line":102,"column":25},"end":{"line":102,"column":30}}},"9":{"name":"(anonymous_7)","line":115,"loc":{"start":{"line":115,"column":27},"end":{"line":115,"column":32}}},"10":{"name":"Report","line":132,"loc":{"start":{"line":132,"column":6},"end":{"line":132,"column":11}}},"11":{"name":"this","line":140,"loc":{"start":{"line":140,"column":2},"end":{"line":140,"column":22}}},"12":{"name":"this","line":143,"loc":{"start":{"line":143,"column":2},"end":{"line":143,"column":22}}},"13":{"name":"this","line":146,"loc":{"start":{"line":146,"column":2},"end":{"line":146,"column":15}}},"14":{"name":"this","line":147,"loc":{"start":{"line":147,"column":2},"end":{"line":147,"column":15}}},"15":{"name":"this","line":148,"loc":{"start":{"line":148,"column":2},"end":{"line":148,"column":15}}},"16":{"name":"this","line":149,"loc":{"start":{"line":149,"column":2},"end":{"line":149,"column":15}}},"17":{"name":"this","line":152,"loc":{"start":{"line":152,"column":2},"end":{"line":152,"column":14}}},"18":{"name":"this","line":153,"loc":{"start":{"line":153,"column":2},"end":{"line":153,"column":14}}},"19":{"name":"this","line":154,"loc":{"start":{"line":154,"column":2},"end":{"line":154,"column":16}}},"20":{"name":"this","line":155,"loc":{"start":{"line":155,"column":2},"end":{"line":155,"column":15}}},"21":{"name":"this","line":156,"loc":{"start":{"line":156,"column":2},"end":{"line":156,"column":16}}},"22":{"name":"this","line":157,"loc":{"start":{"line":157,"column":2},"end":{"line":157,"column":16}}},"23":{"name":"this","line":158,"loc":{"start":{"line":158,"column":2},"end":{"line":158,"column":17}}},"24":{"name":"this","line":159,"loc":{"start":{"line":159,"column":2},"end":{"line":159,"column":8}}},"25":{"name":"this","line":160,"loc":{"start":{"line":160,"column":2},"end":{"line":160,"column":26}}},"26":{"name":"this","line":162,"loc":{"start":{"line":162,"column":2},"end":{"line":162,"column":28}}},"27":{"name":"this","line":166,"loc":{"start":{"line":166,"column":2},"end":{"line":166,"column":25}}},"28":{"name":"this","line":170,"loc":{"start":{"line":170,"column":2},"end":{"line":170,"column":21}}},"29":{"name":"this","line":171,"loc":{"start":{"line":171,"column":2},"end":{"line":171,"column":36}}},"30":{"name":"this","line":174,"loc":{"start":{"line":174,"column":2},"end":{"line":174,"column":30}}},"31":{"name":"this","line":179,"loc":{"start":{"line":179,"column":2},"end":{"line":179,"column":29}}},"32":{"name":"this","line":186,"loc":{"start":{"line":186,"column":2},"end":{"line":186,"column":8}}},"33":{"name":"this","line":190,"loc":{"start":{"line":190,"column":2},"end":{"line":190,"column":28}}},"34":{"name":"(anonymous_8)","line":195,"loc":{"start":{"line":195,"column":20},"end":{"line":195,"column":28}}},"35":{"name":"this","line":202,"loc":{"start":{"line":202,"column":2},"end":{"line":202,"column":28}}},"36":{"name":"(anonymous_9)","line":210,"loc":{"start":{"line":210,"column":20},"end":{"line":210,"column":28}}},"37":{"name":"this","line":217,"loc":{"start":{"line":217,"column":2},"end":{"line":217,"column":27}}},"38":{"name":"(anonymous_10)","line":225,"loc":{"start":{"line":225,"column":51},"end":{"line":225,"column":56}}},"39":{"name":"this","line":230,"loc":{"start":{"line":230,"column":2},"end":{"line":230,"column":17}}},"40":{"name":"this","line":238,"loc":{"start":{"line":238,"column":2},"end":{"line":238,"column":23}}},"41":{"name":"this","line":239,"loc":{"start":{"line":239,"column":2},"end":{"line":239,"column":9}}},"42":{"name":"this","line":240,"loc":{"start":{"line":240,"column":2},"end":{"line":240,"column":19}}},"43":{"name":"constructor","line":245,"loc":{"start":{"line":245,"column":2},"end":{"line":245,"column":24}}},"44":{"name":"raw","line":261,"loc":{"start":{"line":261,"column":2},"end":{"line":261,"column":15}}},"45":{"name":"add","line":267,"loc":{"start":{"line":267,"column":2},"end":{"line":267,"column":17}}},"46":{"name":"h1","line":275,"loc":{"start":{"line":275,"column":2},"end":{"line":275,"column":14}}},"47":{"name":"h2","line":276,"loc":{"start":{"line":276,"column":2},"end":{"line":276,"column":14}}},"48":{"name":"h3","line":277,"loc":{"start":{"line":277,"column":2},"end":{"line":277,"column":14}}},"49":{"name":"h4","line":278,"loc":{"start":{"line":278,"column":2},"end":{"line":278,"column":14}}},"50":{"name":"h5","line":279,"loc":{"start":{"line":279,"column":2},"end":{"line":279,"column":14}}},"51":{"name":"h6","line":280,"loc":{"start":{"line":280,"column":2},"end":{"line":280,"column":14}}},"52":{"name":"p","line":283,"loc":{"start":{"line":283,"column":2},"end":{"line":283,"column":13}}},"53":{"name":"hr","line":284,"loc":{"start":{"line":284,"column":2},"end":{"line":284,"column":7}}},"54":{"name":"quote","line":285,"loc":{"start":{"line":285,"column":2},"end":{"line":285,"column":24}}},"55":{"name":"code","line":286,"loc":{"start":{"line":286,"column":2},"end":{"line":286,"column":22}}},"56":{"name":"box","line":287,"loc":{"start":{"line":287,"column":2},"end":{"line":287,"column":21}}},"57":{"name":"ul","line":290,"loc":{"start":{"line":290,"column":2},"end":{"line":290,"column":20}}},"58":{"name":"ol","line":291,"loc":{"start":{"line":291,"column":2},"end":{"line":291,"column":20}}},"59":{"name":"dl","line":292,"loc":{"start":{"line":292,"column":2},"end":{"line":292,"column":19}}},"60":{"name":"check","line":293,"loc":{"start":{"line":293,"column":2},"end":{"line":293,"column":16}}},"61":{"name":"table","line":295,"loc":{"start":{"line":295,"column":2},"end":{"line":295,"column":27}}},"62":{"name":"footnote","line":297,"loc":{"start":{"line":297,"column":2},"end":{"line":297,"column":24}}},"63":{"name":"abbr","line":302,"loc":{"start":{"line":302,"column":2},"end":{"line":302,"column":22}}},"64":{"name":"toc","line":303,"loc":{"start":{"line":303,"column":2},"end":{"line":303,"column":8}}},"65":{"name":"toString","line":309,"loc":{"start":{"line":309,"column":2},"end":{"line":309,"column":13}}},"66":{"name":"toText","line":317,"loc":{"start":{"line":317,"column":2},"end":{"line":317,"column":11}}},"67":{"name":"toConsole","line":342,"loc":{"start":{"line":342,"column":2},"end":{"line":342,"column":14}}},"68":{"name":"(anonymous_11)","line":348,"loc":{"start":{"line":348,"column":56},"end":{"line":348,"column":86}}},"69":{"name":"(anonymous_12)","line":350,"loc":{"start":{"line":350,"column":56},"end":{"line":350,"column":86}}},"70":{"name":"(anonymous_13)","line":352,"loc":{"start":{"line":352,"column":58},"end":{"line":352,"column":82}}},"71":{"name":"(anonymous_14)","line":355,"loc":{"start":{"line":355,"column":39},"end":{"line":355,"column":40}}},"72":{"name":"(anonymous_15)","line":375,"loc":{"start":{"line":375,"column":43},"end":{"line":375,"column":58}}},"73":{"name":"(anonymous_16)","line":377,"loc":{"start":{"line":377,"column":43},"end":{"line":377,"column":58}}},"74":{"name":"(anonymous_17)","line":379,"loc":{"start":{"line":379,"column":41},"end":{"line":379,"column":56}}},"75":{"name":"(anonymous_18)","line":382,"loc":{"start":{"line":382,"column":69},"end":{"line":382,"column":88}}},"76":{"name":"(anonymous_19)","line":385,"loc":{"start":{"line":385,"column":49},"end":{"line":385,"column":58}}},"77":{"name":"(anonymous_20)","line":408,"loc":{"start":{"line":408,"column":67},"end":{"line":408,"column":86}}},"78":{"name":"(anonymous_21)","line":421,"loc":{"start":{"line":421,"column":34},"end":{"line":421,"column":39}}},"79":{"name":"toHtml","line":429,"loc":{"start":{"line":429,"column":2},"end":{"line":429,"column":25}}},"80":{"name":"toPdf","line":434,"loc":{"start":{"line":434,"column":2},"end":{"line":434,"column":24}}},"81":{"name":"toImage","line":450,"loc":{"start":{"line":450,"column":2},"end":{"line":450,"column":26}}},"82":{"name":"stripAnsi","line":470,"loc":{"start":{"line":470,"column":0},"end":{"line":470,"column":20}}}},"statementMap":{"1":{"start":{"line":7,"column":0},"end":{"line":7,"column":22}},"2":{"start":{"line":8,"column":0},"end":{"line":8,"column":20}},"3":{"start":{"line":10,"column":0},"end":{"line":10,"column":31}},"4":{"start":{"line":16,"column":0},"end":{"line":22,"column":38}},"5":{"start":{"line":17,"column":2},"end":{"line":17,"column":23}},"6":{"start":{"line":18,"column":2},"end":{"line":18,"column":83}},"7":{"start":{"line":18,"column":2},"end":{"line":18,"column":72}},"8":{"start":{"line":19,"column":2},"end":{"line":19,"column":57}},"9":{"start":{"line":20,"column":2},"end":{"line":20,"column":39}},"10":{"start":{"line":23,"column":0},"end":{"line":131,"column":0}},"11":{"start":{"line":24,"column":2},"end":{"line":24,"column":41}},"12":{"start":{"line":24,"column":2},"end":{"line":24,"column":10}},"13":{"start":{"line":26,"column":2},"end":{"line":41,"column":1}},"14":{"start":{"line":27,"column":4},"end":{"line":27,"column":9}},"15":{"start":{"line":28,"column":4},"end":{"line":37,"column":3}},"16":{"start":{"line":29,"column":6},"end":{"line":36,"column":25}},"17":{"start":{"line":30,"column":8},"end":{"line":35,"column":5}},"18":{"start":{"line":31,"column":10},"end":{"line":31,"column":37}},"19":{"start":{"line":33,"column":10},"end":{"line":35,"column":5}},"20":{"start":{"line":34,"column":12},"end":{"line":34,"column":37}},"21":{"start":{"line":34,"column":22},"end":{"line":34,"column":32}},"22":{"start":{"line":34,"column":23},"end":{"line":34,"column":26}},"23":{"start":{"line":34,"column":31},"end":{"line":34,"column":31}},"24":{"start":{"line":36,"column":8},"end":{"line":36,"column":25}},"25":{"start":{"line":37,"column":4},"end":{"line":41,"column":1}},"26":{"start":{"line":38,"column":6},"end":{"line":41,"column":1}},"27":{"start":{"line":39,"column":8},"end":{"line":39,"column":69}},"28":{"start":{"line":39,"column":37},"end":{"line":39,"column":62}},"29":{"start":{"line":39,"column":69},"end":{"line":39,"column":69}},"30":{"start":{"line":41,"column":2},"end":{"line":58,"column":11}},"31":{"start":{"line":42,"column":4},"end":{"line":57,"column":1}},"32":{"start":{"line":43,"column":6},"end":{"line":48,"column":5}},"33":{"start":{"line":44,"column":8},"end":{"line":47,"column":8}},"34":{"start":{"line":48,"column":6},"end":{"line":48,"column":11}},"35":{"start":{"line":49,"column":6},"end":{"line":52,"column":5}},"36":{"start":{"line":50,"column":8},"end":{"line":50,"column":37}},"37":{"start":{"line":50,"column":8},"end":{"line":50,"column":12}},"38":{"start":{"line":51,"column":8},"end":{"line":51,"column":29}},"39":{"start":{"line":52,"column":6},"end":{"line":52,"column":12}},"40":{"start":{"line":53,"column":9},"end":{"line":57,"column":1}},"41":{"start":{"line":54,"column":6},"end":{"line":54,"column":11}},"42":{"start":{"line":55,"column":6},"end":{"line":55,"column":52}},"43":{"start":{"line":55,"column":6},"end":{"line":55,"column":29}},"44":{"start":{"line":56,"column":6},"end":{"line":56,"column":12}},"45":{"start":{"line":58,"column":4},"end":{"line":58,"column":11}},"46":{"start":{"line":59,"column":4},"end":{"line":59,"column":47}},"47":{"start":{"line":59,"column":4},"end":{"line":59,"column":28}},"48":{"start":{"line":61,"column":2},"end":{"line":70,"column":1}},"49":{"start":{"line":62,"column":4},"end":{"line":62,"column":9}},"50":{"start":{"line":63,"column":4},"end":{"line":63,"column":18}},"51":{"start":{"line":64,"column":4},"end":{"line":64,"column":11}},"52":{"start":{"line":65,"column":7},"end":{"line":70,"column":1}},"53":{"start":{"line":66,"column":4},"end":{"line":66,"column":9}},"54":{"start":{"line":67,"column":4},"end":{"line":67,"column":33}},"55":{"start":{"line":67,"column":4},"end":{"line":67,"column":17}},"56":{"start":{"line":68,"column":4},"end":{"line":68,"column":11}},"57":{"start":{"line":70,"column":2},"end":{"line":75,"column":1}},"58":{"start":{"line":71,"column":4},"end":{"line":71,"column":9}},"59":{"start":{"line":72,"column":4},"end":{"line":72,"column":48}},"60":{"start":{"line":72,"column":4},"end":{"line":72,"column":27}},"61":{"start":{"line":73,"column":4},"end":{"line":73,"column":4}},"62":{"start":{"line":75,"column":2},"end":{"line":82,"column":1}},"63":{"start":{"line":76,"column":4},"end":{"line":76,"column":52}},"64":{"start":{"line":77,"column":4},"end":{"line":82,"column":1}},"65":{"start":{"line":78,"column":6},"end":{"line":78,"column":30}},"66":{"start":{"line":78,"column":6},"end":{"line":78,"column":13}},"67":{"start":{"line":79,"column":6},"end":{"line":79,"column":73}},"68":{"start":{"line":79,"column":6},"end":{"line":79,"column":37}},"69":{"start":{"line":80,"column":6},"end":{"line":80,"column":29}},"70":{"start":{"line":82,"column":2},"end":{"line":91,"column":1}},"71":{"start":{"line":83,"column":4},"end":{"line":83,"column":20}},"72":{"start":{"line":84,"column":4},"end":{"line":91,"column":1}},"73":{"start":{"line":85,"column":6},"end":{"line":89,"column":5}},"74":{"start":{"line":86,"column":8},"end":{"line":86,"column":42}},"75":{"start":{"line":87,"column":8},"end":{"line":87,"column":40}},"76":{"start":{"line":87,"column":8},"end":{"line":87,"column":21}},"77":{"start":{"line":88,"column":8},"end":{"line":88,"column":24}},"78":{"start":{"line":88,"column":8},"end":{"line":88,"column":17}},"79":{"start":{"line":89,"column":6},"end":{"line":89,"column":6}},"80":{"start":{"line":91,"column":2},"end":{"line":99,"column":9}},"81":{"start":{"line":92,"column":4},"end":{"line":98,"column":14}},"82":{"start":{"line":93,"column":6},"end":{"line":97,"column":5}},"83":{"start":{"line":94,"column":22},"end":{"line":94,"column":24}},"84":{"start":{"line":95,"column":22},"end":{"line":95,"column":24}},"85":{"start":{"line":96,"column":13},"end":{"line":96,"column":15}},"86":{"start":{"line":97,"column":6},"end":{"line":97,"column":51}},"87":{"start":{"line":97,"column":15},"end":{"line":97,"column":23}},"88":{"start":{"line":97,"column":16},"end":{"line":97,"column":18}},"89":{"start":{"line":101,"column":2},"end":{"line":111,"column":8}},"90":{"start":{"line":102,"column":4},"end":{"line":110,"column":12}},"91":{"start":{"line":103,"column":6},"end":{"line":110,"column":3}},"92":{"start":{"line":105,"column":10},"end":{"line":105,"column":47}},"93":{"start":{"line":105,"column":10},"end":{"line":105,"column":47}},"94":{"start":{"line":105,"column":14},"end":{"line":105,"column":44}},"95":{"start":{"line":107,"column":10},"end":{"line":107,"column":47}},"96":{"start":{"line":107,"column":10},"end":{"line":107,"column":47}},"97":{"start":{"line":107,"column":14},"end":{"line":107,"column":44}},"98":{"start":{"line":109,"column":10},"end":{"line":109,"column":47}},"99":{"start":{"line":109,"column":10},"end":{"line":109,"column":47}},"100":{"start":{"line":109,"column":14},"end":{"line":109,"column":44}},"101":{"start":{"line":113,"column":2},"end":{"line":126,"column":1}},"102":{"start":{"line":114,"column":4},"end":{"line":125,"column":11}},"103":{"start":{"line":115,"column":6},"end":{"line":124,"column":16}},"104":{"start":{"line":116,"column":8},"end":{"line":120,"column":7}},"105":{"start":{"line":117,"column":24},"end":{"line":117,"column":26}},"106":{"start":{"line":118,"column":24},"end":{"line":118,"column":26}},"107":{"start":{"line":119,"column":15},"end":{"line":119,"column":17}},"108":{"start":{"line":120,"column":8},"end":{"line":120,"column":19}},"109":{"start":{"line":121,"column":8},"end":{"line":123,"column":7}},"110":{"start":{"line":122,"column":10},"end":{"line":122,"column":52}},"111":{"start":{"line":123,"column":8},"end":{"line":123,"column":44}},"112":{"start":{"line":123,"column":17},"end":{"line":123,"column":25}},"113":{"start":{"line":123,"column":18},"end":{"line":123,"column":20}},"114":{"start":{"line":126,"column":2},"end":{"line":126,"column":12}},"115":{"start":{"line":132,"column":0},"end":{"line":462,"column":51}},"116":{"start":{"line":141,"column":4},"end":{"line":142,"column":44}},"117":{"start":{"line":141,"column":4},"end":{"line":142,"column":44}},"118":{"start":{"line":141,"column":13},"end":{"line":141,"column":16}},"119":{"start":{"line":142,"column":6},"end":{"line":142,"column":38}},"120":{"start":{"line":144,"column":4},"end":{"line":145,"column":44}},"121":{"start":{"line":144,"column":4},"end":{"line":145,"column":44}},"122":{"start":{"line":144,"column":13},"end":{"line":144,"column":16}},"123":{"start":{"line":145,"column":6},"end":{"line":145,"column":38}},"124":{"start":{"line":146,"column":17},"end":{"line":146,"column":33}},"125":{"start":{"line":146,"column":17},"end":{"line":146,"column":33}},"126":{"start":{"line":146,"column":26},"end":{"line":146,"column":29}},"127":{"start":{"line":147,"column":17},"end":{"line":147,"column":34}},"128":{"start":{"line":147,"column":17},"end":{"line":147,"column":34}},"129":{"start":{"line":147,"column":27},"end":{"line":147,"column":30}},"130":{"start":{"line":148,"column":17},"end":{"line":148,"column":35}},"131":{"start":{"line":148,"column":17},"end":{"line":148,"column":35}},"132":{"start":{"line":148,"column":28},"end":{"line":148,"column":31}},"133":{"start":{"line":149,"column":17},"end":{"line":149,"column":36}},"134":{"start":{"line":149,"column":17},"end":{"line":149,"column":36}},"135":{"start":{"line":149,"column":29},"end":{"line":149,"column":32}},"136":{"start":{"line":152,"column":16},"end":{"line":152,"column":28}},"137":{"start":{"line":152,"column":16},"end":{"line":152,"column":28}},"138":{"start":{"line":152,"column":21},"end":{"line":152,"column":24}},"139":{"start":{"line":153,"column":16},"end":{"line":153,"column":26}},"140":{"start":{"line":153,"column":16},"end":{"line":153,"column":26}},"141":{"start":{"line":153,"column":20},"end":{"line":153,"column":23}},"142":{"start":{"line":154,"column":18},"end":{"line":154,"column":30}},"143":{"start":{"line":154,"column":18},"end":{"line":154,"column":30}},"144":{"start":{"line":154,"column":23},"end":{"line":154,"column":26}},"145":{"start":{"line":155,"column":17},"end":{"line":155,"column":27}},"146":{"start":{"line":155,"column":17},"end":{"line":155,"column":27}},"147":{"start":{"line":155,"column":21},"end":{"line":155,"column":24}},"148":{"start":{"line":156,"column":18},"end":{"line":156,"column":28}},"149":{"start":{"line":156,"column":18},"end":{"line":156,"column":28}},"150":{"start":{"line":156,"column":22},"end":{"line":156,"column":25}},"151":{"start":{"line":157,"column":18},"end":{"line":157,"column":28}},"152":{"start":{"line":157,"column":18},"end":{"line":157,"column":28}},"153":{"start":{"line":157,"column":22},"end":{"line":157,"column":25}},"154":{"start":{"line":158,"column":19},"end":{"line":158,"column":31}},"155":{"start":{"line":158,"column":19},"end":{"line":158,"column":31}},"156":{"start":{"line":158,"column":24},"end":{"line":158,"column":27}},"157":{"start":{"line":159,"column":10},"end":{"line":159,"column":15}},"158":{"start":{"line":161,"column":4},"end":{"line":161,"column":61}},"159":{"start":{"line":161,"column":4},"end":{"line":161,"column":61}},"160":{"start":{"line":161,"column":8},"end":{"line":161,"column":11}},"161":{"start":{"line":161,"column":17},"end":{"line":161,"column":19}},"162":{"start":{"line":161,"column":23},"end":{"line":161,"column":58}},"163":{"start":{"line":161,"column":37},"end":{"line":161,"column":50}},"164":{"start":{"line":161,"column":57},"end":{"line":161,"column":58}},"165":{"start":{"line":163,"column":4},"end":{"line":163,"column":62}},"166":{"start":{"line":163,"column":4},"end":{"line":163,"column":62}},"167":{"start":{"line":163,"column":9},"end":{"line":163,"column":12}},"168":{"start":{"line":163,"column":18},"end":{"line":163,"column":20}},"169":{"start":{"line":163,"column":24},"end":{"line":163,"column":59}},"170":{"start":{"line":163,"column":38},"end":{"line":163,"column":51}},"171":{"start":{"line":163,"column":58},"end":{"line":163,"column":59}},"172":{"start":{"line":167,"column":4},"end":{"line":167,"column":40}},"173":{"start":{"line":167,"column":5},"end":{"line":167,"column":14}},"174":{"start":{"line":167,"column":10},"end":{"line":167,"column":11}},"175":{"start":{"line":167,"column":17},"end":{"line":167,"column":39}},"176":{"start":{"line":167,"column":24},"end":{"line":167,"column":25}},"177":{"start":{"line":167,"column":32},"end":{"line":167,"column":35}},"178":{"start":{"line":170,"column":23},"end":{"line":170,"column":56}},"179":{"start":{"line":172,"column":4},"end":{"line":172,"column":37}},"180":{"start":{"line":173,"column":4},"end":{"line":173,"column":45}},"181":{"start":{"line":175,"column":4},"end":{"line":177,"column":3}},"182":{"start":{"line":176,"column":6},"end":{"line":176,"column":50}},"183":{"start":{"line":176,"column":13},"end":{"line":176,"column":50}},"184":{"start":{"line":176,"column":22},"end":{"line":176,"column":25}},"185":{"start":{"line":176,"column":31},"end":{"line":176,"column":41}},"186":{"start":{"line":177,"column":4},"end":{"line":177,"column":18}},"187":{"start":{"line":178,"column":4},"end":{"line":178,"column":51}},"188":{"start":{"line":180,"column":4},"end":{"line":182,"column":3}},"189":{"start":{"line":181,"column":6},"end":{"line":181,"column":58}},"190":{"start":{"line":181,"column":22},"end":{"line":181,"column":58}},"191":{"start":{"line":181,"column":42},"end":{"line":181,"column":45}},"192":{"start":{"line":182,"column":4},"end":{"line":182,"column":29}},"193":{"start":{"line":182,"column":4},"end":{"line":182,"column":17}},"194":{"start":{"line":183,"column":4},"end":{"line":183,"column":48}},"195":{"start":{"line":183,"column":11},"end":{"line":183,"column":48}},"196":{"start":{"line":183,"column":20},"end":{"line":183,"column":23}},"197":{"start":{"line":183,"column":29},"end":{"line":183,"column":39}},"198":{"start":{"line":184,"column":4},"end":{"line":184,"column":14}},"199":{"start":{"line":185,"column":4},"end":{"line":185,"column":45}},"200":{"start":{"line":186,"column":10},"end":{"line":186,"column":18}},"201":{"start":{"line":191,"column":4},"end":{"line":195,"column":3}},"202":{"start":{"line":192,"column":6},"end":{"line":192,"column":21}},"203":{"start":{"line":193,"column":6},"end":{"line":193,"column":16}},"204":{"start":{"line":194,"column":6},"end":{"line":194,"column":31}},"205":{"start":{"line":194,"column":6},"end":{"line":194,"column":19}},"206":{"start":{"line":195,"column":4},"end":{"line":201,"column":21}},"207":{"start":{"line":196,"column":6},"end":{"line":199,"column":5}},"208":{"start":{"line":197,"column":8},"end":{"line":197,"column":29}},"209":{"start":{"line":198,"column":8},"end":{"line":198,"column":53}},"210":{"start":{"line":199,"column":6},"end":{"line":199,"column":58}},"211":{"start":{"line":200,"column":6},"end":{"line":200,"column":9}},"212":{"start":{"line":203,"column":4},"end":{"line":207,"column":3}},"213":{"start":{"line":204,"column":6},"end":{"line":204,"column":21}},"214":{"start":{"line":205,"column":6},"end":{"line":205,"column":16}},"215":{"start":{"line":206,"column":6},"end":{"line":206,"column":31}},"216":{"start":{"line":206,"column":6},"end":{"line":206,"column":19}},"217":{"start":{"line":207,"column":4},"end":{"line":207,"column":45}},"218":{"start":{"line":208,"column":4},"end":{"line":208,"column":37}},"219":{"start":{"line":209,"column":4},"end":{"line":209,"column":10}},"220":{"start":{"line":210,"column":4},"end":{"line":216,"column":21}},"221":{"start":{"line":211,"column":6},"end":{"line":214,"column":5}},"222":{"start":{"line":212,"column":8},"end":{"line":212,"column":29}},"223":{"start":{"line":213,"column":8},"end":{"line":213,"column":62}},"224":{"start":{"line":214,"column":6},"end":{"line":214,"column":44}},"225":{"start":{"line":214,"column":28},"end":{"line":214,"column":36}},"226":{"start":{"line":214,"column":29},"end":{"line":214,"column":33}},"227":{"start":{"line":215,"column":6},"end":{"line":215,"column":54}},"228":{"start":{"line":218,"column":4},"end":{"line":218,"column":25}},"229":{"start":{"line":219,"column":4},"end":{"line":223,"column":3}},"230":{"start":{"line":220,"column":6},"end":{"line":220,"column":21}},"231":{"start":{"line":221,"column":6},"end":{"line":221,"column":16}},"232":{"start":{"line":222,"column":6},"end":{"line":222,"column":31}},"233":{"start":{"line":222,"column":6},"end":{"line":222,"column":19}},"234":{"start":{"line":223,"column":4},"end":{"line":223,"column":12}},"235":{"start":{"line":224,"column":4},"end":{"line":229,"column":3}},"236":{"start":{"line":225,"column":6},"end":{"line":227,"column":17}},"237":{"start":{"line":226,"column":8},"end":{"line":226,"column":53}},"238":{"start":{"line":226,"column":8},"end":{"line":226,"column":52}},"239":{"start":{"line":226,"column":13},"end":{"line":226,"column":51}},"240":{"start":{"line":228,"column":6},"end":{"line":228,"column":40}},"241":{"start":{"line":228,"column":14},"end":{"line":228,"column":40}},"242":{"start":{"line":228,"column":19},"end":{"line":228,"column":22}},"243":{"start":{"line":228,"column":30},"end":{"line":228,"column":36}},"244":{"start":{"line":229,"column":4},"end":{"line":229,"column":7}},"245":{"start":{"line":231,"column":4},"end":{"line":231,"column":12}},"246":{"start":{"line":232,"column":4},"end":{"line":234,"column":3}},"247":{"start":{"line":233,"column":6},"end":{"line":233,"column":54}},"248":{"start":{"line":233,"column":14},"end":{"line":233,"column":53}},"249":{"start":{"line":233,"column":20},"end":{"line":233,"column":43}},"250":{"start":{"line":233,"column":32},"end":{"line":233,"column":34}},"251":{"start":{"line":233,"column":41},"end":{"line":233,"column":43}},"252":{"start":{"line":233,"column":49},"end":{"line":233,"column":52}},"253":{"start":{"line":234,"column":4},"end":{"line":234,"column":14}},"254":{"start":{"line":238,"column":25},"end":{"line":238,"column":54}},"255":{"start":{"line":238,"column":25},"end":{"line":238,"column":53}},"256":{"start":{"line":238,"column":32},"end":{"line":238,"column":35}},"257":{"start":{"line":238,"column":42},"end":{"line":238,"column":52}},"258":{"start":{"line":239,"column":11},"end":{"line":239,"column":22}},"259":{"start":{"line":240,"column":21},"end":{"line":240,"column":41}},"260":{"start":{"line":240,"column":21},"end":{"line":240,"column":41}},"261":{"start":{"line":240,"column":30},"end":{"line":240,"column":34}},"262":{"start":{"line":246,"column":4},"end":{"line":246,"column":29}},"263":{"start":{"line":247,"column":4},"end":{"line":247,"column":20}},"264":{"start":{"line":249,"column":4},"end":{"line":249,"column":13}},"265":{"start":{"line":250,"column":4},"end":{"line":250,"column":41}},"266":{"start":{"line":250,"column":4},"end":{"line":250,"column":24}},"267":{"start":{"line":251,"column":4},"end":{"line":254,"column":3}},"268":{"start":{"line":254,"column":4},"end":{"line":261,"column":1}},"269":{"start":{"line":262,"column":4},"end":{"line":262,"column":20}},"270":{"start":{"line":262,"column":4},"end":{"line":262,"column":12}},"271":{"start":{"line":263,"column":4},"end":{"line":263,"column":16}},"272":{"start":{"line":264,"column":4},"end":{"line":264,"column":7}},"273":{"start":{"line":268,"column":4},"end":{"line":268,"column":27}},"274":{"start":{"line":268,"column":4},"end":{"line":268,"column":19}},"275":{"start":{"line":269,"column":4},"end":{"line":269,"column":23}},"276":{"start":{"line":270,"column":4},"end":{"line":272,"column":3}},"277":{"start":{"line":271,"column":6},"end":{"line":271,"column":55}},"278":{"start":{"line":272,"column":4},"end":{"line":272,"column":7}},"279":{"start":{"line":275,"column":16},"end":{"line":275,"column":42}},"280":{"start":{"line":276,"column":16},"end":{"line":276,"column":42}},"281":{"start":{"line":277,"column":16},"end":{"line":277,"column":42}},"282":{"start":{"line":278,"column":16},"end":{"line":278,"column":42}},"283":{"start":{"line":279,"column":16},"end":{"line":279,"column":42}},"284":{"start":{"line":280,"column":16},"end":{"line":280,"column":42}},"285":{"start":{"line":283,"column":15},"end":{"line":283,"column":40}},"286":{"start":{"line":284,"column":9},"end":{"line":284,"column":24}},"287":{"start":{"line":285,"column":26},"end":{"line":285,"column":62}},"288":{"start":{"line":286,"column":24},"end":{"line":286,"column":58}},"289":{"start":{"line":287,"column":23},"end":{"line":287,"column":56}},"290":{"start":{"line":290,"column":22},"end":{"line":290,"column":54}},"291":{"start":{"line":291,"column":22},"end":{"line":291,"column":54}},"292":{"start":{"line":292,"column":21},"end":{"line":292,"column":52}},"293":{"start":{"line":293,"column":18},"end":{"line":293,"column":38}},"294":{"start":{"line":295,"column":29},"end":{"line":295,"column":60}},"295":{"start":{"line":298,"column":4},"end":{"line":298,"column":26}},"296":{"start":{"line":299,"column":4},"end":{"line":299,"column":50}},"297":{"start":{"line":299,"column":25},"end":{"line":299,"column":49}},"298":{"start":{"line":299,"column":30},"end":{"line":299,"column":31}},"299":{"start":{"line":299,"column":38},"end":{"line":299,"column":48}},"300":{"start":{"line":300,"column":4},"end":{"line":300,"column":20}},"301":{"start":{"line":300,"column":11},"end":{"line":300,"column":20}},"302":{"start":{"line":300,"column":16},"end":{"line":300,"column":17}},"303":{"start":{"line":302,"column":24},"end":{"line":302,"column":50}},"304":{"start":{"line":303,"column":10},"end":{"line":303,"column":26}},"305":{"start":{"line":310,"column":4},"end":{"line":310,"column":15}},"306":{"start":{"line":311,"column":4},"end":{"line":314,"column":3}},"307":{"start":{"line":312,"column":6},"end":{"line":312,"column":39}},"308":{"start":{"line":312,"column":6},"end":{"line":312,"column":13}},"309":{"start":{"line":313,"column":6},"end":{"line":313,"column":43}},"310":{"start":{"line":313,"column":14},"end":{"line":313,"column":43}},"311":{"start":{"line":313,"column":19},"end":{"line":313,"column":39}},"312":{"start":{"line":314,"column":4},"end":{"line":314,"column":7}},"313":{"start":{"line":318,"column":4},"end":{"line":318,"column":21}},"314":{"start":{"line":320,"column":4},"end":{"line":330,"column":10}},"315":{"start":{"line":333,"column":4},"end":{"line":339,"column":21}},"316":{"start":{"line":343,"column":4},"end":{"line":343,"column":19}},"317":{"start":{"line":344,"column":4},"end":{"line":344,"column":56}},"318":{"start":{"line":345,"column":4},"end":{"line":345,"column":52}},"319":{"start":{"line":346,"column":4},"end":{"line":346,"column":57}},"320":{"start":{"line":348,"column":4},"end":{"line":350,"column":3}},"321":{"start":{"line":349,"column":6},"end":{"line":349,"column":62}},"322":{"start":{"line":349,"column":6},"end":{"line":349,"column":62}},"323":{"start":{"line":349,"column":9},"end":{"line":349,"column":13}},"324":{"start":{"line":349,"column":17},"end":{"line":349,"column":31}},"325":{"start":{"line":349,"column":37},"end":{"line":349,"column":58}},"326":{"start":{"line":350,"column":4},"end":{"line":352,"column":3}},"327":{"start":{"line":351,"column":6},"end":{"line":351,"column":62}},"328":{"start":{"line":351,"column":6},"end":{"line":351,"column":62}},"329":{"start":{"line":351,"column":9},"end":{"line":351,"column":13}},"330":{"start":{"line":351,"column":17},"end":{"line":351,"column":31}},"331":{"start":{"line":351,"column":37},"end":{"line":351,"column":58}},"332":{"start":{"line":352,"column":4},"end":{"line":355,"column":3}},"333":{"start":{"line":353,"column":6},"end":{"line":353,"column":43}},"334":{"start":{"line":353,"column":6},"end":{"line":353,"column":42}},"335":{"start":{"line":353,"column":9},"end":{"line":353,"column":13}},"336":{"start":{"line":353,"column":17},"end":{"line":353,"column":41}},"337":{"start":{"line":355,"column":4},"end":{"line":358,"column":3}},"338":{"start":{"line":356,"column":6},"end":{"line":356,"column":41}},"339":{"start":{"line":356,"column":6},"end":{"line":356,"column":41}},"340":{"start":{"line":356,"column":13},"end":{"line":356,"column":37}},"341":{"start":{"line":358,"column":4},"end":{"line":372,"column":3}},"342":{"start":{"line":372,"column":4},"end":{"line":375,"column":3}},"343":{"start":{"line":373,"column":6},"end":{"line":373,"column":33}},"344":{"start":{"line":375,"column":4},"end":{"line":377,"column":3}},"345":{"start":{"line":376,"column":6},"end":{"line":376,"column":32}},"346":{"start":{"line":377,"column":4},"end":{"line":379,"column":3}},"347":{"start":{"line":378,"column":6},"end":{"line":378,"column":31}},"348":{"start":{"line":379,"column":4},"end":{"line":382,"column":3}},"349":{"start":{"line":380,"column":6},"end":{"line":380,"column":24}},"350":{"start":{"line":382,"column":4},"end":{"line":385,"column":3}},"351":{"start":{"line":383,"column":6},"end":{"line":383,"column":75}},"352":{"start":{"line":383,"column":6},"end":{"line":383,"column":74}},"353":{"start":{"line":383,"column":13},"end":{"line":383,"column":29}},"354":{"start":{"line":383,"column":34},"end":{"line":383,"column":73}},"355":{"start":{"line":385,"column":4},"end":{"line":408,"column":3}},"356":{"start":{"line":386,"column":6},"end":{"line":386,"column":36}},"357":{"start":{"line":387,"column":6},"end":{"line":387,"column":31}},"358":{"start":{"line":389,"column":6},"end":{"line":389,"column":15}},"359":{"start":{"line":390,"column":6},"end":{"line":390,"column":83}},"360":{"start":{"line":390,"column":6},"end":{"line":390,"column":49}},"361":{"start":{"line":391,"column":6},"end":{"line":391,"column":52}},"362":{"start":{"line":392,"column":6},"end":{"line":392,"column":30}},"363":{"start":{"line":393,"column":6},"end":{"line":393,"column":69}},"364":{"start":{"line":393,"column":6},"end":{"line":393,"column":35}},"365":{"start":{"line":394,"column":6},"end":{"line":394,"column":17}},"366":{"start":{"line":395,"column":6},"end":{"line":395,"column":83}},"367":{"start":{"line":395,"column":6},"end":{"line":395,"column":49}},"368":{"start":{"line":396,"column":6},"end":{"line":396,"column":53}},"369":{"start":{"line":398,"column":6},"end":{"line":403,"column":5}},"370":{"start":{"line":399,"column":8},"end":{"line":399,"column":26}},"371":{"start":{"line":400,"column":8},"end":{"line":400,"column":32}},"372":{"start":{"line":401,"column":8},"end":{"line":401,"column":71}},"373":{"start":{"line":401,"column":8},"end":{"line":401,"column":37}},"374":{"start":{"line":403,"column":6},"end":{"line":403,"column":17}},"375":{"start":{"line":404,"column":6},"end":{"line":404,"column":83}},"376":{"start":{"line":404,"column":6},"end":{"line":404,"column":49}},"377":{"start":{"line":405,"column":6},"end":{"line":405,"column":53}},"378":{"start":{"line":406,"column":6},"end":{"line":406,"column":23}},"379":{"start":{"line":406,"column":6},"end":{"line":406,"column":23}},"380":{"start":{"line":406,"column":13},"end":{"line":406,"column":17}},"381":{"start":{"line":408,"column":4},"end":{"line":428,"column":1}},"382":{"start":{"line":410,"column":6},"end":{"line":410,"column":15}},"383":{"start":{"line":411,"column":6},"end":{"line":414,"column":5}},"384":{"start":{"line":412,"column":8},"end":{"line":412,"column":35}},"385":{"start":{"line":413,"column":8},"end":{"line":413,"column":35}},"386":{"start":{"line":413,"column":8},"end":{"line":413,"column":19}},"387":{"start":{"line":414,"column":6},"end":{"line":414,"column":16}},"388":{"start":{"line":415,"column":6},"end":{"line":420,"column":21}},"389":{"start":{"line":421,"column":6},"end":{"line":423,"column":5}},"390":{"start":{"line":422,"column":8},"end":{"line":422,"column":99}},"391":{"start":{"line":422,"column":8},"end":{"line":422,"column":98}},"392":{"start":{"line":422,"column":11},"end":{"line":422,"column":26}},"393":{"start":{"line":422,"column":30},"end":{"line":422,"column":30}},"394":{"start":{"line":422,"column":34},"end":{"line":422,"column":78}},"395":{"start":{"line":422,"column":82},"end":{"line":422,"column":97}},"396":{"start":{"line":423,"column":6},"end":{"line":425,"column":62}},"397":{"start":{"line":423,"column":6},"end":{"line":425,"column":59}},"398":{"start":{"line":423,"column":15},"end":{"line":423,"column":65}},"399":{"start":{"line":424,"column":8},"end":{"line":424,"column":21}},"400":{"start":{"line":425,"column":8},"end":{"line":425,"column":58}},"401":{"start":{"line":428,"column":2},"end":{"line":428,"column":12}},"402":{"start":{"line":430,"column":4},"end":{"line":430,"column":38}},"403":{"start":{"line":430,"column":4},"end":{"line":430,"column":26}},"404":{"start":{"line":431,"column":4},"end":{"line":431,"column":25}},"405":{"start":{"line":435,"column":4},"end":{"line":438,"column":3}},"406":{"start":{"line":436,"column":6},"end":{"line":436,"column":17}},"407":{"start":{"line":437,"column":6},"end":{"line":437,"column":17}},"408":{"start":{"line":438,"column":4},"end":{"line":438,"column":16}},"409":{"start":{"line":439,"column":4},"end":{"line":439,"column":25}},"410":{"start":{"line":440,"column":4},"end":{"line":445,"column":3}},"411":{"start":{"line":445,"column":4},"end":{"line":445,"column":24}},"412":{"start":{"line":446,"column":4},"end":{"line":446,"column":27}},"413":{"start":{"line":447,"column":4},"end":{"line":447,"column":45}},"414":{"start":{"line":451,"column":4},"end":{"line":454,"column":3}},"415":{"start":{"line":452,"column":6},"end":{"line":452,"column":17}},"416":{"start":{"line":453,"column":6},"end":{"line":453,"column":17}},"417":{"start":{"line":454,"column":4},"end":{"line":454,"column":16}},"418":{"start":{"line":455,"column":4},"end":{"line":455,"column":24}},"419":{"start":{"line":456,"column":4},"end":{"line":456,"column":24}},"420":{"start":{"line":457,"column":4},"end":{"line":457,"column":27}},"421":{"start":{"line":458,"column":4},"end":{"line":458,"column":45}},"422":{"start":{"line":463,"column":0},"end":{"line":463,"column":22}},"423":{"start":{"line":470,"column":0},"end":{"line":471,"column":97}},"424":{"start":{"line":471,"column":2},"end":{"line":471,"column":96}}},"branchMap":{"1":{"line":18,"type":"if","locations":[{"start":{"line":18,"column":2},"end":{"line":18,"column":2}},{"start":{"line":18,"column":2},"end":{"line":18,"column":2}}]},"2":{"line":24,"type":"if","locations":[{"start":{"line":24,"column":2},"end":{"line":24,"column":2}},{"start":{"line":24,"column":2},"end":{"line":24,"column":2}}]},"3":{"line":26,"type":"if","locations":[{"start":{"line":26,"column":2},"end":{"line":26,"column":2}},{"start":{"line":26,"column":2},"end":{"line":26,"column":2}}]},"4":{"line":29,"type":"if","locations":[{"start":{"line":29,"column":6},"end":{"line":29,"column":6}},{"start":{"line":29,"column":6},"end":{"line":29,"column":6}}]},"5":{"line":30,"type":"if","locations":[{"start":{"line":30,"column":8},"end":{"line":30,"column":8}},{"start":{"line":30,"column":8},"end":{"line":30,"column":8}}]},"6":{"line":39,"type":"if","locations":[{"start":{"line":39,"column":8},"end":{"line":39,"column":8}},{"start":{"line":39,"column":8},"end":{"line":39,"column":8}}]},"7":{"line":41,"type":"if","locations":[{"start":{"line":41,"column":2},"end":{"line":41,"column":2}},{"start":{"line":41,"column":2},"end":{"line":41,"column":2}}]},"8":{"line":42,"type":"if","locations":[{"start":{"line":42,"column":4},"end":{"line":42,"column":4}},{"start":{"line":42,"column":4},"end":{"line":42,"column":4}}]},"9":{"line":43,"type":"if","locations":[{"start":{"line":43,"column":6},"end":{"line":43,"column":6}},{"start":{"line":43,"column":6},"end":{"line":43,"column":6}}]},"10":{"line":50,"type":"if","locations":[{"start":{"line":50,"column":8},"end":{"line":50,"column":8}},{"start":{"line":50,"column":8},"end":{"line":50,"column":8}}]},"11":{"line":53,"type":"if","locations":[{"start":{"line":53,"column":9},"end":{"line":53,"column":9}},{"start":{"line":53,"column":9},"end":{"line":53,"column":9}}]},"12":{"line":61,"type":"if","locations":[{"start":{"line":61,"column":2},"end":{"line":61,"column":2}},{"start":{"line":61,"column":2},"end":{"line":61,"column":2}}]},"13":{"line":65,"type":"if","locations":[{"start":{"line":65,"column":7},"end":{"line":65,"column":7}},{"start":{"line":65,"column":7},"end":{"line":65,"column":7}}]},"14":{"line":78,"type":"if","locations":[{"start":{"line":78,"column":6},"end":{"line":78,"column":6}},{"start":{"line":78,"column":6},"end":{"line":78,"column":6}}]},"15":{"line":79,"type":"if","locations":[{"start":{"line":79,"column":6},"end":{"line":79,"column":6}},{"start":{"line":79,"column":6},"end":{"line":79,"column":6}}]},"16":{"line":82,"type":"if","locations":[{"start":{"line":82,"column":2},"end":{"line":82,"column":2}},{"start":{"line":82,"column":2},"end":{"line":82,"column":2}}]},"17":{"line":87,"type":"if","locations":[{"start":{"line":87,"column":8},"end":{"line":87,"column":8}},{"start":{"line":87,"column":8},"end":{"line":87,"column":8}}]},"18":{"line":88,"type":"if","locations":[{"start":{"line":88,"column":8},"end":{"line":88,"column":8}},{"start":{"line":88,"column":8},"end":{"line":88,"column":8}}]},"19":{"line":93,"type":"switch","locations":[{"start":{"line":94,"column":8},"end":{"line":94,"column":24}},{"start":{"line":95,"column":8},"end":{"line":95,"column":24}},{"start":{"line":96,"column":13},"end":{"line":96,"column":15}}]},"20":{"line":103,"type":"switch","locations":[{"start":{"line":104,"column":8},"end":{"line":105,"column":47}},{"start":{"line":106,"column":8},"end":{"line":107,"column":47}},{"start":{"line":108,"column":8},"end":{"line":109,"column":47}}]},"21":{"line":116,"type":"switch","locations":[{"start":{"line":117,"column":10},"end":{"line":117,"column":26}},{"start":{"line":118,"column":10},"end":{"line":118,"column":26}},{"start":{"line":119,"column":15},"end":{"line":119,"column":17}}]},"22":{"line":121,"type":"if","locations":[{"start":{"line":121,"column":8},"end":{"line":121,"column":8}},{"start":{"line":121,"column":8},"end":{"line":121,"column":8}}]},"23":{"line":161,"type":"if","locations":[{"start":{"line":161,"column":23},"end":{"line":161,"column":23}},{"start":{"line":161,"column":23},"end":{"line":161,"column":23}}]},"24":{"line":163,"type":"if","locations":[{"start":{"line":163,"column":24},"end":{"line":163,"column":24}},{"start":{"line":163,"column":24},"end":{"line":163,"column":24}}]},"25":{"line":175,"type":"if","locations":[{"start":{"line":175,"column":4},"end":{"line":175,"column":4}},{"start":{"line":175,"column":4},"end":{"line":175,"column":4}}]},"26":{"line":180,"type":"if","locations":[{"start":{"line":180,"column":4},"end":{"line":180,"column":4}},{"start":{"line":180,"column":4},"end":{"line":180,"column":4}}]},"27":{"line":182,"type":"if","locations":[{"start":{"line":182,"column":4},"end":{"line":182,"column":4}},{"start":{"line":182,"column":4},"end":{"line":182,"column":4}}]},"28":{"line":191,"type":"if","locations":[{"start":{"line":191,"column":4},"end":{"line":191,"column":4}},{"start":{"line":191,"column":4},"end":{"line":191,"column":4}}]},"29":{"line":194,"type":"if","locations":[{"start":{"line":194,"column":6},"end":{"line":194,"column":6}},{"start":{"line":194,"column":6},"end":{"line":194,"column":6}}]},"30":{"line":196,"type":"if","locations":[{"start":{"line":196,"column":6},"end":{"line":196,"column":6}},{"start":{"line":196,"column":6},"end":{"line":196,"column":6}}]},"31":{"line":203,"type":"if","locations":[{"start":{"line":203,"column":4},"end":{"line":203,"column":4}},{"start":{"line":203,"column":4},"end":{"line":203,"column":4}}]},"32":{"line":206,"type":"if","locations":[{"start":{"line":206,"column":6},"end":{"line":206,"column":6}},{"start":{"line":206,"column":6},"end":{"line":206,"column":6}}]},"33":{"line":211,"type":"if","locations":[{"start":{"line":211,"column":6},"end":{"line":211,"column":6}},{"start":{"line":211,"column":6},"end":{"line":211,"column":6}}]},"34":{"line":219,"type":"if","locations":[{"start":{"line":219,"column":4},"end":{"line":219,"column":4}},{"start":{"line":219,"column":4},"end":{"line":219,"column":4}}]},"35":{"line":222,"type":"if","locations":[{"start":{"line":222,"column":6},"end":{"line":222,"column":6}},{"start":{"line":222,"column":6},"end":{"line":222,"column":6}}]},"36":{"line":233,"type":"if","locations":[{"start":{"line":233,"column":20},"end":{"line":233,"column":20}},{"start":{"line":233,"column":20},"end":{"line":233,"column":20}}]},"37":{"line":250,"type":"if","locations":[{"start":{"line":250,"column":4},"end":{"line":250,"column":4}},{"start":{"line":250,"column":4},"end":{"line":250,"column":4}}]},"38":{"line":262,"type":"if","locations":[{"start":{"line":262,"column":4},"end":{"line":262,"column":4}},{"start":{"line":262,"column":4},"end":{"line":262,"column":4}}]},"39":{"line":268,"type":"if","locations":[{"start":{"line":268,"column":4},"end":{"line":268,"column":4}},{"start":{"line":268,"column":4},"end":{"line":268,"column":4}}]},"40":{"line":312,"type":"if","locations":[{"start":{"line":312,"column":6},"end":{"line":312,"column":6}},{"start":{"line":312,"column":6},"end":{"line":312,"column":6}}]},"41":{"line":413,"type":"if","locations":[{"start":{"line":413,"column":8},"end":{"line":413,"column":8}},{"start":{"line":413,"column":8},"end":{"line":413,"column":8}}]},"42":{"line":430,"type":"if","locations":[{"start":{"line":430,"column":4},"end":{"line":430,"column":4}},{"start":{"line":430,"column":4},"end":{"line":430,"column":4}}]},"43":{"line":435,"type":"if","locations":[{"start":{"line":435,"column":4},"end":{"line":435,"column":4}},{"start":{"line":435,"column":4},"end":{"line":435,"column":4}}]},"44":{"line":451,"type":"if","locations":[{"start":{"line":451,"column":4},"end":{"line":451,"column":4}},{"start":{"line":451,"column":4},"end":{"line":451,"column":4}}]}}},"/home/alex/github/node-report/src/plugin.coffee":{"path":"/home/alex/github/node-report/src/plugin.coffee","s":{"1":0,"2":0,"3":0,"4":0,"5":0,"6":0,"7":0,"8":0,"9":0,"10":0,"11":0,"12":0,"13":0,"14":0,"15":0,"16":0,"17":0,"18":0,"19":0,"20":0,"21":0,"22":0,"23":0,"24":0,"25":0,"26":0,"27":0,"28":0,"29":0,"30":0,"31":0,"32":0,"33":0,"34":0,"35":0,"36":0,"37":0,"38":0,"39":0,"40":0,"41":0,"42":0,"43":0,"44":0,"45":0,"46":0,"47":0,"48":0,"49":0,"50":0,"51":0,"52":0,"53":0,"54":0,"55":0,"56":0,"57":0,"58":0,"59":0,"60":0,"61":0,"62":0,"63":0,"64":0,"65":0,"66":0,"67":0,"68":0,"69":0,"70":0,"71":0,"72":0,"73":0,"74":0,"75":0,"76":0,"77":0,"78":0,"79":0,"80":0,"81":0,"82":0,"83":0,"84":0,"85":0,"86":0,"87":0,"88":0,"89":0,"90":0,"91":0,"92":0,"93":0,"94":0,"95":0,"96":0,"97":0,"98":0,"99":0,"100":0,"101":0,"102":0,"103":0,"104":0,"105":0},"b":{"1":[0,0],"2":[0,0],"3":[0,0],"4":[0,0],"5":[0,0],"6":[0,0],"7":[0,0],"8":[0,0],"9":[0,0],"10":[0,0],"11":[0,0],"12":[0,0],"13":[0,0],"14":[0,0]},"f":{"1":0,"2":0,"3":0,"4":0,"5":0},"fnMap":{"1":{"name":"module","line":3,"loc":{"start":{"line":3,"column":0},"end":{"line":3,"column":32}}},"2":{"name":"module","line":9,"loc":{"start":{"line":9,"column":0},"end":{"line":9,"column":38}}},"3":{"name":"validateDefault","line":11,"loc":{"start":{"line":11,"column":2},"end":{"line":11,"column":30}}},"4":{"name":"renderDefault","line":14,"loc":{"start":{"line":14,"column":2},"end":{"line":14,"column":54}}},"5":{"name":"container","line":23,"loc":{"start":{"line":23,"column":2},"end":{"line":23,"column":51}}}},"statementMap":{"1":{"start":{"line":3,"column":0},"end":{"line":6,"column":0}},"2":{"start":{"line":4,"column":2},"end":{"line":4,"column":24}},"3":{"start":{"line":7,"column":0},"end":{"line":7,"column":5}},"4":{"start":{"line":9,"column":0},"end":{"line":135,"column":8}},"5":{"start":{"line":11,"column":2},"end":{"line":14,"column":1}},"6":{"start":{"line":12,"column":4},"end":{"line":12,"column":41}},"7":{"start":{"line":14,"column":2},"end":{"line":23,"column":1}},"8":{"start":{"line":16,"column":4},"end":{"line":21,"column":3}},"9":{"start":{"line":17,"column":6},"end":{"line":20,"column":6}},"10":{"start":{"line":21,"column":4},"end":{"line":21,"column":52}},"11":{"start":{"line":23,"column":2},"end":{"line":120,"column":1}},"12":{"start":{"line":24,"column":4},"end":{"line":24,"column":18}},"13":{"start":{"line":25,"column":4},"end":{"line":25,"column":23}},"14":{"start":{"line":26,"column":4},"end":{"line":26,"column":27}},"15":{"start":{"line":27,"column":4},"end":{"line":27,"column":21}},"16":{"start":{"line":28,"column":4},"end":{"line":28,"column":21}},"17":{"start":{"line":29,"column":4},"end":{"line":29,"column":20}},"18":{"start":{"line":30,"column":4},"end":{"line":30,"column":25}},"19":{"start":{"line":31,"column":4},"end":{"line":31,"column":27}},"20":{"start":{"line":32,"column":4},"end":{"line":32,"column":22}},"21":{"start":{"line":33,"column":4},"end":{"line":33,"column":60}},"22":{"start":{"line":34,"column":4},"end":{"line":34,"column":32}},"23":{"start":{"line":38,"column":4},"end":{"line":42,"column":3}},"24":{"start":{"line":39,"column":6},"end":{"line":39,"column":17}},"25":{"start":{"line":42,"column":4},"end":{"line":42,"column":18}},"26":{"start":{"line":43,"column":4},"end":{"line":43,"column":19}},"27":{"start":{"line":44,"column":6},"end":{"line":46,"column":5}},"28":{"start":{"line":44,"column":21},"end":{"line":44,"column":31}},"29":{"start":{"line":45,"column":8},"end":{"line":45,"column":12}},"30":{"start":{"line":46,"column":6},"end":{"line":46,"column":10}},"31":{"start":{"line":47,"column":4},"end":{"line":47,"column":56}},"32":{"start":{"line":47,"column":31},"end":{"line":47,"column":41}},"33":{"start":{"line":48,"column":4},"end":{"line":50,"column":3}},"34":{"start":{"line":49,"column":6},"end":{"line":49,"column":17}},"35":{"start":{"line":50,"column":4},"end":{"line":50,"column":36}},"36":{"start":{"line":50,"column":12},"end":{"line":50,"column":22}},"37":{"start":{"line":51,"column":4},"end":{"line":51,"column":39}},"38":{"start":{"line":52,"column":4},"end":{"line":52,"column":37}},"39":{"start":{"line":53,"column":4},"end":{"line":57,"column":3}},"40":{"start":{"line":54,"column":6},"end":{"line":54,"column":17}},"41":{"start":{"line":57,"column":4},"end":{"line":61,"column":3}},"42":{"start":{"line":58,"column":6},"end":{"line":58,"column":16}},"43":{"start":{"line":61,"column":4},"end":{"line":61,"column":23}},"44":{"start":{"line":62,"column":4},"end":{"line":98,"column":3}},"45":{"start":{"line":63,"column":6},"end":{"line":63,"column":15}},"46":{"start":{"line":64,"column":6},"end":{"line":68,"column":5}},"47":{"start":{"line":67,"column":8},"end":{"line":67,"column":12}},"48":{"start":{"line":68,"column":6},"end":{"line":68,"column":60}},"49":{"start":{"line":69,"column":6},"end":{"line":69,"column":33}},"50":{"start":{"line":70,"column":6},"end":{"line":75,"column":5}},"51":{"start":{"line":74,"column":8},"end":{"line":74,"column":12}},"52":{"start":{"line":75,"column":6},"end":{"line":77,"column":5}},"53":{"start":{"line":76,"column":8},"end":{"line":76,"column":15}},"54":{"start":{"line":77,"column":6},"end":{"line":80,"column":5}},"55":{"start":{"line":77,"column":35},"end":{"line":77,"column":39}},"56":{"start":{"line":79,"column":8},"end":{"line":79,"column":15}},"57":{"start":{"line":80,"column":6},"end":{"line":80,"column":20}},"58":{"start":{"line":81,"column":6},"end":{"line":81,"column":21}},"59":{"start":{"line":82,"column":8},"end":{"line":84,"column":7}},"60":{"start":{"line":82,"column":23},"end":{"line":82,"column":33}},"61":{"start":{"line":83,"column":10},"end":{"line":83,"column":14}},"62":{"start":{"line":84,"column":8},"end":{"line":84,"column":12}},"63":{"start":{"line":86,"column":6},"end":{"line":90,"column":5}},"64":{"start":{"line":86,"column":21},"end":{"line":86,"column":31}},"65":{"start":{"line":87,"column":8},"end":{"line":87,"column":12}},"66":{"start":{"line":88,"column":8},"end":{"line":88,"column":15}},"67":{"start":{"line":90,"column":6},"end":{"line":90,"column":38}},"68":{"start":{"line":90,"column":14},"end":{"line":90,"column":24}},"69":{"start":{"line":91,"column":6},"end":{"line":91,"column":32}},"70":{"start":{"line":92,"column":6},"end":{"line":96,"column":5}},"71":{"start":{"line":93,"column":8},"end":{"line":93,"column":12}},"72":{"start":{"line":94,"column":8},"end":{"line":94,"column":15}},"73":{"start":{"line":96,"column":6},"end":{"line":96,"column":23}},"74":{"start":{"line":97,"column":6},"end":{"line":97,"column":10}},"75":{"start":{"line":98,"column":4},"end":{"line":98,"column":32}},"76":{"start":{"line":99,"column":4},"end":{"line":99,"column":31}},"77":{"start":{"line":100,"column":4},"end":{"line":100,"column":33}},"78":{"start":{"line":102,"column":4},"end":{"line":102,"column":27}},"79":{"start":{"line":103,"column":4},"end":{"line":103,"column":62}},"80":{"start":{"line":104,"column":4},"end":{"line":104,"column":24}},"81":{"start":{"line":105,"column":4},"end":{"line":105,"column":21}},"82":{"start":{"line":106,"column":4},"end":{"line":106,"column":22}},"83":{"start":{"line":107,"column":4},"end":{"line":110,"column":4}},"84":{"start":{"line":111,"column":4},"end":{"line":111,"column":57}},"85":{"start":{"line":112,"column":4},"end":{"line":112,"column":64}},"86":{"start":{"line":113,"column":4},"end":{"line":113,"column":45}},"87":{"start":{"line":114,"column":4},"end":{"line":114,"column":21}},"88":{"start":{"line":115,"column":4},"end":{"line":115,"column":32}},"89":{"start":{"line":116,"column":4},"end":{"line":116,"column":31}},"90":{"start":{"line":117,"column":4},"end":{"line":117,"column":57}},"91":{"start":{"line":117,"column":29},"end":{"line":117,"column":56}},"92":{"start":{"line":117,"column":49},"end":{"line":117,"column":49}},"93":{"start":{"line":117,"column":56},"end":{"line":117,"column":56}},"94":{"start":{"line":118,"column":4},"end":{"line":118,"column":7}},"95":{"start":{"line":120,"column":2},"end":{"line":120,"column":24}},"96":{"start":{"line":121,"column":2},"end":{"line":121,"column":16}},"97":{"start":{"line":122,"column":2},"end":{"line":122,"column":35}},"98":{"start":{"line":123,"column":2},"end":{"line":123,"column":39}},"99":{"start":{"line":124,"column":2},"end":{"line":124,"column":31}},"100":{"start":{"line":125,"column":2},"end":{"line":125,"column":47}},"101":{"start":{"line":126,"column":2},"end":{"line":126,"column":41}},"102":{"start":{"line":127,"column":2},"end":{"line":132,"column":2}},"103":{"start":{"line":133,"column":2},"end":{"line":133,"column":58}},"104":{"start":{"line":134,"column":2},"end":{"line":134,"column":59}},"105":{"start":{"line":135,"column":2},"end":{"line":135,"column":7}}},"branchMap":{"1":{"line":16,"type":"if","locations":[{"start":{"line":16,"column":4},"end":{"line":16,"column":4}},{"start":{"line":16,"column":4},"end":{"line":16,"column":4}}]},"2":{"line":38,"type":"if","locations":[{"start":{"line":38,"column":4},"end":{"line":38,"column":4}},{"start":{"line":38,"column":4},"end":{"line":38,"column":4}}]},"3":{"line":44,"type":"if","locations":[{"start":{"line":44,"column":6},"end":{"line":44,"column":6}},{"start":{"line":44,"column":6},"end":{"line":44,"column":6}}]},"4":{"line":48,"type":"if","locations":[{"start":{"line":48,"column":4},"end":{"line":48,"column":4}},{"start":{"line":48,"column":4},"end":{"line":48,"column":4}}]},"5":{"line":53,"type":"if","locations":[{"start":{"line":53,"column":4},"end":{"line":53,"column":4}},{"start":{"line":53,"column":4},"end":{"line":53,"column":4}}]},"6":{"line":57,"type":"if","locations":[{"start":{"line":57,"column":4},"end":{"line":57,"column":4}},{"start":{"line":57,"column":4},"end":{"line":57,"column":4}}]},"7":{"line":64,"type":"if","locations":[{"start":{"line":64,"column":6},"end":{"line":64,"column":6}},{"start":{"line":64,"column":6},"end":{"line":64,"column":6}}]},"8":{"line":70,"type":"if","locations":[{"start":{"line":70,"column":6},"end":{"line":70,"column":6}},{"start":{"line":70,"column":6},"end":{"line":70,"column":6}}]},"9":{"line":75,"type":"if","locations":[{"start":{"line":75,"column":6},"end":{"line":75,"column":6}},{"start":{"line":75,"column":6},"end":{"line":75,"column":6}}]},"10":{"line":77,"type":"if","locations":[{"start":{"line":77,"column":6},"end":{"line":77,"column":6}},{"start":{"line":77,"column":6},"end":{"line":77,"column":6}}]},"11":{"line":82,"type":"if","locations":[{"start":{"line":82,"column":8},"end":{"line":82,"column":8}},{"start":{"line":82,"column":8},"end":{"line":82,"column":8}}]},"12":{"line":86,"type":"if","locations":[{"start":{"line":86,"column":6},"end":{"line":86,"column":6}},{"start":{"line":86,"column":6},"end":{"line":86,"column":6}}]},"13":{"line":92,"type":"if","locations":[{"start":{"line":92,"column":6},"end":{"line":92,"column":6}},{"start":{"line":92,"column":6},"end":{"line":92,"column":6}}]},"14":{"line":117,"type":"if","locations":[{"start":{"line":117,"column":29},"end":{"line":117,"column":29}},{"start":{"line":117,"column":29},"end":{"line":117,"column":29}}]}}}}