{"/home/alex/github/node-report/src/html.coffee":{"path":"/home/alex/github/node-report/src/html.coffee","s":{"1":1,"2":1,"3":1,"4":1,"5":1,"6":1,"7":1,"8":1,"9":1,"10":1,"11":1,"12":1,"13":1,"14":1,"15":1,"16":1,"17":1,"18":1,"19":1,"20":1,"21":1,"22":1,"23":1,"24":1,"25":1,"26":1,"27":9,"28":0,"29":0,"30":9,"31":9,"32":9,"33":9,"34":2,"35":2,"36":2,"37":2,"38":2,"39":2,"40":2,"41":2,"42":9,"43":9,"44":9,"45":9,"46":9,"47":9,"48":9,"49":9,"50":0,"51":0,"52":0,"53":0,"54":0,"55":0,"56":0,"57":9,"58":9,"59":9,"60":1,"61":8,"62":9,"63":9,"64":9,"65":9,"66":8,"67":1,"68":0,"69":1,"70":1,"71":1,"72":1,"73":9,"74":8,"75":1,"76":5,"77":5,"78":5,"79":0,"80":0,"81":0,"82":1,"83":1,"84":40,"85":1,"86":1,"87":72,"88":72,"89":0,"90":72,"91":1,"92":9,"93":9,"94":9,"95":9,"96":36,"97":36,"98":36,"99":9,"100":27,"101":27,"102":27,"103":9,"104":72,"105":9},"b":{"1":[0,9],"2":[9,0,0],"3":[1,8],"4":[8,1],"5":[0,1],"6":[8,1],"7":[5,0],"8":[0,72]},"f":{"1":9,"2":2,"3":1,"4":9,"5":5,"6":40,"7":72,"8":9},"fnMap":{"1":{"name":"module","line":62,"loc":{"start":{"line":62,"column":0},"end":{"line":62,"column":38}}},"2":{"name":"(anonymous_1)","line":82,"loc":{"start":{"line":82,"column":9},"end":{"line":82,"column":23}}},"3":{"name":"(anonymous_2)","line":121,"loc":{"start":{"line":121,"column":8},"end":{"line":121,"column":16}}},"4":{"name":"initHtml","line":130,"loc":{"start":{"line":130,"column":0},"end":{"line":130,"column":12}}},"5":{"name":"highlight","line":139,"loc":{"start":{"line":139,"column":4},"end":{"line":139,"column":28}}},"6":{"name":"md2html","line":167,"loc":{"start":{"line":167,"column":2},"end":{"line":167,"column":47}}},"7":{"name":"text","line":171,"loc":{"start":{"line":171,"column":0},"end":{"line":171,"column":34}}},"8":{"name":"optimizeHtml","line":176,"loc":{"start":{"line":176,"column":0},"end":{"line":176,"column":38}}}},"statementMap":{"1":{"start":{"line":7,"column":0},"end":{"line":7,"column":16}},"2":{"start":{"line":8,"column":0},"end":{"line":8,"column":20}},"3":{"start":{"line":9,"column":0},"end":{"line":9,"column":23}},"4":{"start":{"line":10,"column":0},"end":{"line":10,"column":20}},"5":{"start":{"line":11,"column":0},"end":{"line":11,"column":31}},"6":{"start":{"line":13,"column":0},"end":{"line":13,"column":26}},"7":{"start":{"line":14,"column":0},"end":{"line":14,"column":28}},"8":{"start":{"line":15,"column":0},"end":{"line":15,"column":44}},"9":{"start":{"line":16,"column":0},"end":{"line":16,"column":36}},"10":{"start":{"line":17,"column":0},"end":{"line":17,"column":32}},"11":{"start":{"line":18,"column":0},"end":{"line":18,"column":32}},"12":{"start":{"line":19,"column":0},"end":{"line":19,"column":34}},"13":{"start":{"line":20,"column":0},"end":{"line":20,"column":36}},"14":{"start":{"line":21,"column":0},"end":{"line":21,"column":48}},"15":{"start":{"line":22,"column":0},"end":{"line":22,"column":40}},"16":{"start":{"line":23,"column":0},"end":{"line":23,"column":34}},"17":{"start":{"line":24,"column":0},"end":{"line":24,"column":42}},"18":{"start":{"line":25,"column":0},"end":{"line":25,"column":42}},"19":{"start":{"line":26,"column":0},"end":{"line":26,"column":42}},"20":{"start":{"line":27,"column":0},"end":{"line":27,"column":43}},"21":{"start":{"line":28,"column":0},"end":{"line":28,"column":26}},"22":{"start":{"line":33,"column":0},"end":{"line":35,"column":0}},"23":{"start":{"line":34,"column":13},"end":{"line":34,"column":53}},"24":{"start":{"line":34,"column":14},"end":{"line":34,"column":22}},"25":{"start":{"line":36,"column":0},"end":{"line":61,"column":51}},"26":{"start":{"line":62,"column":0},"end":{"line":128,"column":43}},"27":{"start":{"line":63,"column":2},"end":{"line":67,"column":1}},"28":{"start":{"line":64,"column":4},"end":{"line":64,"column":13}},"29":{"start":{"line":65,"column":4},"end":{"line":65,"column":15}},"30":{"start":{"line":67,"column":2},"end":{"line":67,"column":16}},"31":{"start":{"line":68,"column":2},"end":{"line":68,"column":10}},"32":{"start":{"line":69,"column":2},"end":{"line":69,"column":28}},"33":{"start":{"line":72,"column":2},"end":{"line":87,"column":1}},"34":{"start":{"line":83,"column":4},"end":{"line":83,"column":39}},"35":{"start":{"line":84,"column":4},"end":{"line":84,"column":57}},"36":{"start":{"line":85,"column":4},"end":{"line":85,"column":49}},"37":{"start":{"line":85,"column":6},"end":{"line":85,"column":48}},"38":{"start":{"line":85,"column":7},"end":{"line":85,"column":7}},"39":{"start":{"line":85,"column":16},"end":{"line":85,"column":28}},"40":{"start":{"line":85,"column":40},"end":{"line":85,"column":43}},"41":{"start":{"line":85,"column":47},"end":{"line":85,"column":47}},"42":{"start":{"line":87,"column":2},"end":{"line":87,"column":63}},"43":{"start":{"line":88,"column":2},"end":{"line":88,"column":45}},"44":{"start":{"line":89,"column":2},"end":{"line":89,"column":33}},"45":{"start":{"line":91,"column":2},"end":{"line":101,"column":1}},"46":{"start":{"line":93,"column":6},"end":{"line":93,"column":53}},"47":{"start":{"line":94,"column":6},"end":{"line":94,"column":28}},"48":{"start":{"line":94,"column":6},"end":{"line":94,"column":28}},"49":{"start":{"line":94,"column":16},"end":{"line":94,"column":18}},"50":{"start":{"line":96,"column":6},"end":{"line":96,"column":52}},"51":{"start":{"line":96,"column":6},"end":{"line":96,"column":52}},"52":{"start":{"line":96,"column":41},"end":{"line":96,"column":45}},"53":{"start":{"line":98,"column":6},"end":{"line":98,"column":40}},"54":{"start":{"line":99,"column":6},"end":{"line":99,"column":28}},"55":{"start":{"line":99,"column":6},"end":{"line":99,"column":28}},"56":{"start":{"line":99,"column":16},"end":{"line":99,"column":18}},"57":{"start":{"line":101,"column":2},"end":{"line":115,"column":4}},"58":{"start":{"line":101,"column":9},"end":{"line":115,"column":4}},"59":{"start":{"line":103,"column":16},"end":{"line":103,"column":65}},"60":{"start":{"line":103,"column":38},"end":{"line":103,"column":42}},"61":{"start":{"line":103,"column":62},"end":{"line":103,"column":65}},"62":{"start":{"line":105,"column":15},"end":{"line":105,"column":19}},"63":{"start":{"line":111,"column":8},"end":{"line":111,"column":10}},"64":{"start":{"line":113,"column":12},"end":{"line":113,"column":18}},"65":{"start":{"line":116,"column":2},"end":{"line":116,"column":22}},"66":{"start":{"line":116,"column":2},"end":{"line":116,"column":12}},"67":{"start":{"line":117,"column":2},"end":{"line":117,"column":38}},"68":{"start":{"line":117,"column":2},"end":{"line":117,"column":14}},"69":{"start":{"line":119,"column":2},"end":{"line":128,"column":43}},"70":{"start":{"line":122,"column":4},"end":{"line":122,"column":16}},"71":{"start":{"line":129,"column":0},"end":{"line":129,"column":13}},"72":{"start":{"line":130,"column":0},"end":{"line":170,"column":0}},"73":{"start":{"line":131,"column":2},"end":{"line":131,"column":26}},"74":{"start":{"line":131,"column":2},"end":{"line":131,"column":15}},"75":{"start":{"line":133,"column":2},"end":{"line":166,"column":1}},"76":{"start":{"line":140,"column":6},"end":{"line":143,"column":5}},"77":{"start":{"line":141,"column":8},"end":{"line":143,"column":5}},"78":{"start":{"line":142,"column":10},"end":{"line":142,"column":47}},"79":{"start":{"line":143,"column":6},"end":{"line":145,"column":5}},"80":{"start":{"line":144,"column":8},"end":{"line":144,"column":43}},"81":{"start":{"line":145,"column":6},"end":{"line":145,"column":14}},"82":{"start":{"line":166,"column":2},"end":{"line":166,"column":45}},"83":{"start":{"line":167,"column":2},"end":{"line":169,"column":1}},"84":{"start":{"line":168,"column":4},"end":{"line":168,"column":35}},"85":{"start":{"line":169,"column":2},"end":{"line":169,"column":8}},"86":{"start":{"line":171,"column":0},"end":{"line":175,"column":0}},"87":{"start":{"line":172,"column":2},"end":{"line":172,"column":23}},"88":{"start":{"line":173,"column":2},"end":{"line":173,"column":80}},"89":{"start":{"line":173,"column":2},"end":{"line":173,"column":55}},"90":{"start":{"line":174,"column":2},"end":{"line":174,"column":53}},"91":{"start":{"line":176,"column":0},"end":{"line":199,"column":6}},"92":{"start":{"line":177,"column":2},"end":{"line":182,"column":2}},"93":{"start":{"line":180,"column":6},"end":{"line":180,"column":53}},"94":{"start":{"line":180,"column":19},"end":{"line":180,"column":40}},"95":{"start":{"line":184,"column":2},"end":{"line":190,"column":1}},"96":{"start":{"line":185,"column":4},"end":{"line":188,"column":4}},"97":{"start":{"line":187,"column":6},"end":{"line":187,"column":57}},"98":{"start":{"line":187,"column":19},"end":{"line":187,"column":46}},"99":{"start":{"line":190,"column":2},"end":{"line":196,"column":1}},"100":{"start":{"line":191,"column":4},"end":{"line":194,"column":4}},"101":{"start":{"line":193,"column":6},"end":{"line":193,"column":58}},"102":{"start":{"line":193,"column":19},"end":{"line":193,"column":47}},"103":{"start":{"line":196,"column":2},"end":{"line":199,"column":1}},"104":{"start":{"line":197,"column":4},"end":{"line":197,"column":27}},"105":{"start":{"line":199,"column":2},"end":{"line":199,"column":5}}},"branchMap":{"1":{"line":63,"type":"if","locations":[{"start":{"line":63,"column":2},"end":{"line":63,"column":2}},{"start":{"line":63,"column":2},"end":{"line":63,"column":2}}]},"2":{"line":91,"type":"switch","locations":[{"start":{"line":92,"column":4},"end":{"line":93,"column":53}},{"start":{"line":95,"column":4},"end":{"line":96,"column":52}},{"start":{"line":98,"column":6},"end":{"line":98,"column":40}}]},"3":{"line":103,"type":"if","locations":[{"start":{"line":103,"column":16},"end":{"line":103,"column":16}},{"start":{"line":103,"column":16},"end":{"line":103,"column":16}}]},"4":{"line":116,"type":"if","locations":[{"start":{"line":116,"column":2},"end":{"line":116,"column":2}},{"start":{"line":116,"column":2},"end":{"line":116,"column":2}}]},"5":{"line":117,"type":"if","locations":[{"start":{"line":117,"column":2},"end":{"line":117,"column":2}},{"start":{"line":117,"column":2},"end":{"line":117,"column":2}}]},"6":{"line":131,"type":"if","locations":[{"start":{"line":131,"column":2},"end":{"line":131,"column":2}},{"start":{"line":131,"column":2},"end":{"line":131,"column":2}}]},"7":{"line":140,"type":"if","locations":[{"start":{"line":140,"column":6},"end":{"line":140,"column":6}},{"start":{"line":140,"column":6},"end":{"line":140,"column":6}}]},"8":{"line":173,"type":"if","locations":[{"start":{"line":173,"column":2},"end":{"line":173,"column":2}},{"start":{"line":173,"column":2},"end":{"line":173,"column":2}}]}}},"/home/alex/github/node-report/src/index.coffee":{"path":"/home/alex/github/node-report/src/index.coffee","s":{"1":1,"2":1,"3":1,"4":1,"5":58,"6":58,"7":54,"8":58,"9":58,"10":1,"11":18,"12":0,"13":18,"14":18,"15":4,"16":4,"17":12,"18":2,"19":1,"20":1,"21":2,"22":2,"23":2,"24":2,"25":10,"26":4,"27":13,"28":26,"29":26,"30":0,"31":18,"32":13,"33":7,"34":5,"35":7,"36":7,"37":16,"38":0,"39":16,"40":7,"41":6,"42":1,"43":1,"44":2,"45":1,"46":5,"47":5,"48":14,"49":18,"50":1,"51":1,"52":1,"53":17,"54":1,"55":1,"56":1,"57":1,"58":18,"59":69,"60":33,"61":86,"62":36,"63":108,"64":36,"65":18,"66":2,"67":7,"68":7,"69":18,"70":0,"71":0,"72":0,"73":18,"74":47,"75":47,"76":182,"77":0,"78":182,"79":34,"80":182,"81":18,"82":3,"83":3,"84":13,"85":13,"86":13,"87":5,"88":13,"89":13,"90":0,"91":18,"92":18,"93":47,"94":5,"95":42,"96":0,"97":47,"98":47,"99":47,"100":18,"101":18,"102":47,"103":5,"104":5,"105":5,"106":42,"107":42,"108":42,"109":0,"110":0,"111":0,"112":18,"113":69,"114":69,"115":182,"116":20,"117":162,"118":0,"119":182,"120":182,"121":0,"122":182,"123":0,"124":182,"125":182,"126":182,"127":18,"128":1,"129":19,"130":3,"131":3,"132":3,"133":3,"134":3,"135":3,"136":3,"137":3,"138":12,"139":12,"140":12,"141":2,"142":2,"143":2,"144":2,"145":2,"146":2,"147":2,"148":2,"149":2,"150":2,"151":2,"152":2,"153":2,"154":2,"155":2,"156":2,"157":2,"158":2,"159":1,"160":1,"161":1,"162":2,"163":2,"164":2,"165":2,"166":2,"167":2,"168":2,"169":2,"170":2,"171":1,"172":2,"173":2,"174":2,"175":2,"176":2,"177":0,"178":2,"179":11,"180":11,"181":11,"182":11,"183":11,"184":3,"185":8,"186":0,"187":0,"188":0,"189":0,"190":0,"191":0,"192":23,"193":5,"194":5,"195":5,"196":2,"197":2,"198":2,"199":2,"200":3,"201":3,"202":5,"203":0,"204":0,"205":0,"206":5,"207":0,"208":5,"209":5,"210":5,"211":5,"212":0,"213":0,"214":2,"215":6,"216":1,"217":1,"218":1,"219":0,"220":6,"221":19,"222":2,"223":2,"224":17,"225":17,"226":3,"227":1,"228":1,"229":1,"230":0,"231":3,"232":3,"233":3,"234":3,"235":10,"236":1,"237":1,"238":9,"239":9,"240":9,"241":9,"242":2,"243":2,"244":0,"245":0,"246":0,"247":0,"248":2,"249":2,"250":5,"251":5,"252":5,"253":5,"254":5,"255":5,"256":5,"257":5,"258":2,"259":1,"260":1,"261":3,"262":3,"263":3,"264":2,"265":1,"266":3,"267":1,"268":2,"269":2,"270":2,"271":2,"272":2,"273":0,"274":0,"275":0,"276":14,"277":14,"278":14,"279":14,"280":3,"281":14,"282":14,"283":56,"284":0,"285":56,"286":56,"287":0,"288":0,"289":0,"290":0,"291":0,"292":0,"293":2,"294":2,"295":11,"296":1,"297":1,"298":1,"299":20,"300":1,"301":2,"302":2,"303":4,"304":2,"305":1,"306":1,"307":1,"308":1,"309":2,"310":2,"311":2,"312":2,"313":2,"314":2,"315":2,"316":2,"317":2,"318":1,"319":25,"320":25,"321":50,"322":41,"323":9,"324":9,"325":9,"326":25,"327":6,"328":6,"329":6,"330":2,"331":2,"332":11,"333":11,"334":50,"335":2,"336":48,"337":0,"338":6,"339":2,"340":2,"341":2,"342":1,"343":1,"344":1,"345":1,"346":1,"347":1,"348":1,"349":2,"350":2,"351":2,"352":1,"353":1,"354":1,"355":1,"356":1,"357":2,"358":1,"359":1,"360":1,"361":1,"362":1,"363":2,"364":13,"365":13,"366":13,"367":13,"368":2,"369":1,"370":1,"371":1,"372":2,"373":2,"374":26,"375":2,"376":2,"377":2,"378":2,"379":2,"380":2,"381":2,"382":2,"383":1,"384":1,"385":1,"386":1,"387":3,"388":1,"389":1,"390":1,"391":3,"392":1,"393":1,"394":3,"395":1,"396":1,"397":4,"398":4,"399":4,"400":12,"401":1,"402":1,"403":3,"404":1,"405":1,"406":1,"407":1,"408":2,"409":0,"410":0,"411":0,"412":0,"413":0,"414":0,"415":0,"416":0,"417":2,"418":2,"419":4,"420":4,"421":4,"422":4,"423":4,"424":4,"425":4,"426":4,"427":4,"428":4,"429":4,"430":4,"431":4,"432":4,"433":4,"434":4,"435":4,"436":4,"437":4,"438":2,"439":1,"440":1,"441":1,"442":2,"443":1,"444":9,"445":1,"446":9,"447":1,"448":1,"449":1,"450":1,"451":1,"452":1,"453":1,"454":1,"455":1,"456":2,"457":1,"458":1,"459":2,"460":2,"461":2,"462":2,"463":2,"464":1,"465":1,"466":8},"b":{"1":[54,4],"2":[0,18],"3":[4,14],"4":[2,10],"5":[1,1],"6":[26,0],"7":[13,5],"8":[7,6],"9":[5,2],"10":[0,16],"11":[1,5],"12":[1,17],"13":[1,16],"14":[33,36],"15":[2,16],"16":[7,0],"17":[0,182],"18":[34,148],"19":[3,15],"20":[5,8],"21":[13,0],"22":[5,42,0],"23":[5,42,0],"24":[20,162,0],"25":[0,182],"26":[0,182],"27":[0,2],"28":[3,8],"29":[2,3],"30":[0,5],"31":[0,5],"32":[1,5],"33":[0,1],"34":[2,17],"35":[1,2],"36":[0,1],"37":[1,9],"38":[0,2],"39":[0,0],"40":[2,1],"41":[3,11],"42":[0,56],"43":[0,0],"44":[41,9],"45":[2,4],"46":[11,0],"47":[2,48],"48":[0,2],"49":[0,0],"50":[0,0],"51":[4,0],"52":[1,8],"53":[1,0],"54":[1,1]},"f":{"1":58,"2":18,"3":13,"4":26,"5":69,"6":86,"7":7,"8":18,"9":13,"10":47,"11":47,"12":182,"13":1,"14":19,"15":3,"16":3,"17":12,"18":2,"19":2,"20":2,"21":2,"22":2,"23":2,"24":1,"25":2,"26":2,"27":2,"28":1,"29":2,"30":11,"31":0,"32":23,"33":5,"34":5,"35":5,"36":2,"37":6,"38":19,"39":3,"40":10,"41":2,"42":5,"43":1,"44":2,"45":2,"46":0,"47":14,"48":56,"49":0,"50":2,"51":2,"52":11,"53":1,"54":1,"55":1,"56":20,"57":1,"58":2,"59":2,"60":4,"61":2,"62":1,"63":1,"64":1,"65":1,"66":2,"67":2,"68":1,"69":25,"70":6,"71":11,"72":50,"73":2,"74":1,"75":1,"76":1,"77":13,"78":1,"79":1,"80":0,"81":0,"82":4,"83":4,"84":9,"85":1,"86":2,"87":8},"fnMap":{"1":{"name":"block","line":16,"loc":{"start":{"line":16,"column":0},"end":{"line":16,"column":51}}},"2":{"name":"table","line":23,"loc":{"start":{"line":23,"column":0},"end":{"line":23,"column":32}}},"3":{"name":"(anonymous_1)","line":38,"loc":{"start":{"line":38,"column":16},"end":{"line":38,"column":21}}},"4":{"name":"(anonymous_2)","line":39,"loc":{"start":{"line":39,"column":12},"end":{"line":39,"column":17}}},"5":{"name":"(anonymous_3)","line":71,"loc":{"start":{"line":71,"column":16},"end":{"line":71,"column":23}}},"6":{"name":"(anonymous_4)","line":73,"loc":{"start":{"line":73,"column":14},"end":{"line":73,"column":21}}},"7":{"name":"(anonymous_5)","line":80,"loc":{"start":{"line":80,"column":18},"end":{"line":80,"column":25}}},"8":{"name":"(anonymous_6)","line":82,"loc":{"start":{"line":82,"column":16},"end":{"line":82,"column":23}}},"9":{"name":"(anonymous_7)","line":97,"loc":{"start":{"line":97,"column":13},"end":{"line":97,"column":21}}},"10":{"name":"(anonymous_8)","line":105,"loc":{"start":{"line":105,"column":25},"end":{"line":105,"column":30}}},"11":{"name":"(anonymous_9)","line":115,"loc":{"start":{"line":115,"column":25},"end":{"line":115,"column":30}}},"12":{"name":"(anonymous_10)","line":128,"loc":{"start":{"line":128,"column":27},"end":{"line":128,"column":32}}},"13":{"name":"Report","line":147,"loc":{"start":{"line":147,"column":6},"end":{"line":147,"column":11}}},"14":{"name":"this","line":154,"loc":{"start":{"line":154,"column":2},"end":{"line":154,"column":17}}},"15":{"name":"this","line":157,"loc":{"start":{"line":157,"column":2},"end":{"line":157,"column":22}}},"16":{"name":"this","line":160,"loc":{"start":{"line":160,"column":2},"end":{"line":160,"column":22}}},"17":{"name":"this","line":163,"loc":{"start":{"line":163,"column":2},"end":{"line":163,"column":15}}},"18":{"name":"this","line":164,"loc":{"start":{"line":164,"column":2},"end":{"line":164,"column":15}}},"19":{"name":"this","line":165,"loc":{"start":{"line":165,"column":2},"end":{"line":165,"column":15}}},"20":{"name":"this","line":166,"loc":{"start":{"line":166,"column":2},"end":{"line":166,"column":15}}},"21":{"name":"this","line":169,"loc":{"start":{"line":169,"column":2},"end":{"line":169,"column":14}}},"22":{"name":"this","line":170,"loc":{"start":{"line":170,"column":2},"end":{"line":170,"column":14}}},"23":{"name":"this","line":171,"loc":{"start":{"line":171,"column":2},"end":{"line":171,"column":16}}},"24":{"name":"this","line":172,"loc":{"start":{"line":172,"column":2},"end":{"line":172,"column":15}}},"25":{"name":"this","line":173,"loc":{"start":{"line":173,"column":2},"end":{"line":173,"column":16}}},"26":{"name":"this","line":174,"loc":{"start":{"line":174,"column":2},"end":{"line":174,"column":16}}},"27":{"name":"this","line":175,"loc":{"start":{"line":175,"column":2},"end":{"line":175,"column":17}}},"28":{"name":"this","line":176,"loc":{"start":{"line":176,"column":2},"end":{"line":176,"column":8}}},"29":{"name":"this","line":177,"loc":{"start":{"line":177,"column":2},"end":{"line":177,"column":26}}},"30":{"name":"this","line":179,"loc":{"start":{"line":179,"column":2},"end":{"line":179,"column":28}}},"31":{"name":"this","line":183,"loc":{"start":{"line":183,"column":2},"end":{"line":183,"column":25}}},"32":{"name":"this","line":187,"loc":{"start":{"line":187,"column":2},"end":{"line":187,"column":21}}},"33":{"name":"this","line":188,"loc":{"start":{"line":188,"column":2},"end":{"line":188,"column":36}}},"34":{"name":"this","line":191,"loc":{"start":{"line":191,"column":2},"end":{"line":191,"column":30}}},"35":{"name":"this","line":196,"loc":{"start":{"line":196,"column":2},"end":{"line":196,"column":29}}},"36":{"name":"this","line":203,"loc":{"start":{"line":203,"column":2},"end":{"line":203,"column":8}}},"37":{"name":"this","line":207,"loc":{"start":{"line":207,"column":2},"end":{"line":207,"column":28}}},"38":{"name":"(anonymous_11)","line":212,"loc":{"start":{"line":212,"column":20},"end":{"line":212,"column":28}}},"39":{"name":"this","line":219,"loc":{"start":{"line":219,"column":2},"end":{"line":219,"column":28}}},"40":{"name":"(anonymous_12)","line":227,"loc":{"start":{"line":227,"column":20},"end":{"line":227,"column":28}}},"41":{"name":"this","line":234,"loc":{"start":{"line":234,"column":2},"end":{"line":234,"column":27}}},"42":{"name":"(anonymous_13)","line":242,"loc":{"start":{"line":242,"column":51},"end":{"line":242,"column":56}}},"43":{"name":"this","line":247,"loc":{"start":{"line":247,"column":2},"end":{"line":247,"column":17}}},"44":{"name":"this","line":255,"loc":{"start":{"line":255,"column":2},"end":{"line":255,"column":23}}},"45":{"name":"this","line":256,"loc":{"start":{"line":256,"column":2},"end":{"line":256,"column":9}}},"46":{"name":"this","line":257,"loc":{"start":{"line":257,"column":2},"end":{"line":257,"column":19}}},"47":{"name":"constructor","line":262,"loc":{"start":{"line":262,"column":2},"end":{"line":262,"column":24}}},"48":{"name":"raw","line":278,"loc":{"start":{"line":278,"column":2},"end":{"line":278,"column":15}}},"49":{"name":"add","line":284,"loc":{"start":{"line":284,"column":2},"end":{"line":284,"column":17}}},"50":{"name":"h1","line":292,"loc":{"start":{"line":292,"column":2},"end":{"line":292,"column":14}}},"51":{"name":"h2","line":293,"loc":{"start":{"line":293,"column":2},"end":{"line":293,"column":14}}},"52":{"name":"h3","line":294,"loc":{"start":{"line":294,"column":2},"end":{"line":294,"column":14}}},"53":{"name":"h4","line":295,"loc":{"start":{"line":295,"column":2},"end":{"line":295,"column":14}}},"54":{"name":"h5","line":296,"loc":{"start":{"line":296,"column":2},"end":{"line":296,"column":14}}},"55":{"name":"h6","line":297,"loc":{"start":{"line":297,"column":2},"end":{"line":297,"column":14}}},"56":{"name":"p","line":300,"loc":{"start":{"line":300,"column":2},"end":{"line":300,"column":13}}},"57":{"name":"hr","line":301,"loc":{"start":{"line":301,"column":2},"end":{"line":301,"column":7}}},"58":{"name":"quote","line":302,"loc":{"start":{"line":302,"column":2},"end":{"line":302,"column":24}}},"59":{"name":"code","line":303,"loc":{"start":{"line":303,"column":2},"end":{"line":303,"column":22}}},"60":{"name":"box","line":304,"loc":{"start":{"line":304,"column":2},"end":{"line":304,"column":21}}},"61":{"name":"ul","line":307,"loc":{"start":{"line":307,"column":2},"end":{"line":307,"column":20}}},"62":{"name":"ol","line":308,"loc":{"start":{"line":308,"column":2},"end":{"line":308,"column":20}}},"63":{"name":"dl","line":309,"loc":{"start":{"line":309,"column":2},"end":{"line":309,"column":19}}},"64":{"name":"check","line":310,"loc":{"start":{"line":310,"column":2},"end":{"line":310,"column":16}}},"65":{"name":"table","line":312,"loc":{"start":{"line":312,"column":2},"end":{"line":312,"column":33}}},"66":{"name":"footnote","line":314,"loc":{"start":{"line":314,"column":2},"end":{"line":314,"column":24}}},"67":{"name":"abbr","line":319,"loc":{"start":{"line":319,"column":2},"end":{"line":319,"column":22}}},"68":{"name":"toc","line":320,"loc":{"start":{"line":320,"column":2},"end":{"line":320,"column":8}}},"69":{"name":"toString","line":326,"loc":{"start":{"line":326,"column":2},"end":{"line":326,"column":13}}},"70":{"name":"toText","line":334,"loc":{"start":{"line":334,"column":2},"end":{"line":334,"column":11}}},"71":{"name":"(anonymous_14)","line":351,"loc":{"start":{"line":351,"column":37},"end":{"line":351,"column":45}}},"72":{"name":"(anonymous_15)","line":354,"loc":{"start":{"line":354,"column":31},"end":{"line":354,"column":39}}},"73":{"name":"toConsole","line":374,"loc":{"start":{"line":374,"column":2},"end":{"line":374,"column":14}}},"74":{"name":"(anonymous_16)","line":378,"loc":{"start":{"line":378,"column":69},"end":{"line":378,"column":88}}},"75":{"name":"(anonymous_17)","line":396,"loc":{"start":{"line":396,"column":56},"end":{"line":396,"column":86}}},"76":{"name":"(anonymous_18)","line":398,"loc":{"start":{"line":398,"column":56},"end":{"line":398,"column":86}}},"77":{"name":"(anonymous_19)","line":400,"loc":{"start":{"line":400,"column":58},"end":{"line":400,"column":82}}},"78":{"name":"(anonymous_20)","line":403,"loc":{"start":{"line":403,"column":39},"end":{"line":403,"column":40}}},"79":{"name":"(anonymous_21)","line":431,"loc":{"start":{"line":431,"column":49},"end":{"line":431,"column":58}}},"80":{"name":"(anonymous_22)","line":456,"loc":{"start":{"line":456,"column":37},"end":{"line":456,"column":45}}},"81":{"name":"(anonymous_23)","line":459,"loc":{"start":{"line":459,"column":30},"end":{"line":459,"column":38}}},"82":{"name":"(anonymous_24)","line":478,"loc":{"start":{"line":478,"column":67},"end":{"line":478,"column":86}}},"83":{"name":"(anonymous_25)","line":491,"loc":{"start":{"line":491,"column":34},"end":{"line":491,"column":39}}},"84":{"name":"toHtml","line":503,"loc":{"start":{"line":503,"column":2},"end":{"line":503,"column":25}}},"85":{"name":"toPdf","line":508,"loc":{"start":{"line":508,"column":2},"end":{"line":508,"column":24}}},"86":{"name":"toImage","line":524,"loc":{"start":{"line":524,"column":2},"end":{"line":524,"column":26}}},"87":{"name":"stripAnsi","line":544,"loc":{"start":{"line":544,"column":0},"end":{"line":544,"column":20}}}},"statementMap":{"1":{"start":{"line":7,"column":0},"end":{"line":7,"column":22}},"2":{"start":{"line":8,"column":0},"end":{"line":8,"column":20}},"3":{"start":{"line":10,"column":0},"end":{"line":10,"column":39}},"4":{"start":{"line":16,"column":0},"end":{"line":22,"column":38}},"5":{"start":{"line":17,"column":2},"end":{"line":17,"column":23}},"6":{"start":{"line":18,"column":2},"end":{"line":18,"column":83}},"7":{"start":{"line":18,"column":2},"end":{"line":18,"column":72}},"8":{"start":{"line":19,"column":2},"end":{"line":19,"column":57}},"9":{"start":{"line":20,"column":2},"end":{"line":20,"column":39}},"10":{"start":{"line":23,"column":0},"end":{"line":146,"column":0}},"11":{"start":{"line":24,"column":2},"end":{"line":24,"column":41}},"12":{"start":{"line":24,"column":2},"end":{"line":24,"column":10}},"13":{"start":{"line":25,"column":2},"end":{"line":25,"column":23}},"14":{"start":{"line":27,"column":2},"end":{"line":42,"column":1}},"15":{"start":{"line":28,"column":4},"end":{"line":28,"column":9}},"16":{"start":{"line":29,"column":4},"end":{"line":38,"column":3}},"17":{"start":{"line":30,"column":6},"end":{"line":37,"column":25}},"18":{"start":{"line":31,"column":8},"end":{"line":36,"column":5}},"19":{"start":{"line":32,"column":10},"end":{"line":32,"column":37}},"20":{"start":{"line":34,"column":10},"end":{"line":36,"column":5}},"21":{"start":{"line":35,"column":12},"end":{"line":35,"column":37}},"22":{"start":{"line":35,"column":22},"end":{"line":35,"column":32}},"23":{"start":{"line":35,"column":23},"end":{"line":35,"column":26}},"24":{"start":{"line":35,"column":31},"end":{"line":35,"column":31}},"25":{"start":{"line":37,"column":8},"end":{"line":37,"column":25}},"26":{"start":{"line":38,"column":4},"end":{"line":42,"column":1}},"27":{"start":{"line":39,"column":6},"end":{"line":42,"column":1}},"28":{"start":{"line":40,"column":8},"end":{"line":40,"column":69}},"29":{"start":{"line":40,"column":37},"end":{"line":40,"column":62}},"30":{"start":{"line":40,"column":69},"end":{"line":40,"column":69}},"31":{"start":{"line":42,"column":2},"end":{"line":59,"column":11}},"32":{"start":{"line":43,"column":4},"end":{"line":58,"column":1}},"33":{"start":{"line":44,"column":6},"end":{"line":49,"column":5}},"34":{"start":{"line":45,"column":8},"end":{"line":48,"column":8}},"35":{"start":{"line":49,"column":6},"end":{"line":49,"column":11}},"36":{"start":{"line":50,"column":6},"end":{"line":53,"column":5}},"37":{"start":{"line":51,"column":8},"end":{"line":51,"column":37}},"38":{"start":{"line":51,"column":8},"end":{"line":51,"column":12}},"39":{"start":{"line":52,"column":8},"end":{"line":52,"column":29}},"40":{"start":{"line":53,"column":6},"end":{"line":53,"column":12}},"41":{"start":{"line":54,"column":9},"end":{"line":58,"column":1}},"42":{"start":{"line":55,"column":6},"end":{"line":55,"column":11}},"43":{"start":{"line":56,"column":6},"end":{"line":56,"column":52}},"44":{"start":{"line":56,"column":6},"end":{"line":56,"column":29}},"45":{"start":{"line":57,"column":6},"end":{"line":57,"column":12}},"46":{"start":{"line":59,"column":4},"end":{"line":59,"column":11}},"47":{"start":{"line":60,"column":4},"end":{"line":60,"column":47}},"48":{"start":{"line":60,"column":4},"end":{"line":60,"column":28}},"49":{"start":{"line":62,"column":2},"end":{"line":71,"column":1}},"50":{"start":{"line":63,"column":4},"end":{"line":63,"column":9}},"51":{"start":{"line":64,"column":4},"end":{"line":64,"column":18}},"52":{"start":{"line":65,"column":4},"end":{"line":65,"column":11}},"53":{"start":{"line":66,"column":7},"end":{"line":71,"column":1}},"54":{"start":{"line":67,"column":4},"end":{"line":67,"column":9}},"55":{"start":{"line":68,"column":4},"end":{"line":68,"column":33}},"56":{"start":{"line":68,"column":4},"end":{"line":68,"column":17}},"57":{"start":{"line":69,"column":4},"end":{"line":69,"column":11}},"58":{"start":{"line":71,"column":2},"end":{"line":79,"column":1}},"59":{"start":{"line":72,"column":4},"end":{"line":77,"column":5}},"60":{"start":{"line":73,"column":6},"end":{"line":73,"column":42}},"61":{"start":{"line":73,"column":23},"end":{"line":73,"column":42}},"62":{"start":{"line":75,"column":6},"end":{"line":77,"column":5}},"63":{"start":{"line":76,"column":8},"end":{"line":76,"column":43}},"64":{"start":{"line":77,"column":6},"end":{"line":77,"column":8}},"65":{"start":{"line":79,"column":2},"end":{"line":88,"column":1}},"66":{"start":{"line":80,"column":4},"end":{"line":88,"column":1}},"67":{"start":{"line":81,"column":6},"end":{"line":86,"column":7}},"68":{"start":{"line":82,"column":8},"end":{"line":82,"column":39}},"69":{"start":{"line":82,"column":25},"end":{"line":82,"column":39}},"70":{"start":{"line":84,"column":8},"end":{"line":86,"column":7}},"71":{"start":{"line":85,"column":10},"end":{"line":85,"column":40}},"72":{"start":{"line":86,"column":8},"end":{"line":86,"column":10}},"73":{"start":{"line":88,"column":2},"end":{"line":95,"column":1}},"74":{"start":{"line":89,"column":4},"end":{"line":89,"column":57}},"75":{"start":{"line":90,"column":4},"end":{"line":95,"column":1}},"76":{"start":{"line":91,"column":6},"end":{"line":91,"column":30}},"77":{"start":{"line":91,"column":6},"end":{"line":91,"column":13}},"78":{"start":{"line":92,"column":6},"end":{"line":92,"column":73}},"79":{"start":{"line":92,"column":6},"end":{"line":92,"column":37}},"80":{"start":{"line":93,"column":6},"end":{"line":93,"column":29}},"81":{"start":{"line":95,"column":2},"end":{"line":104,"column":1}},"82":{"start":{"line":96,"column":4},"end":{"line":96,"column":20}},"83":{"start":{"line":97,"column":4},"end":{"line":104,"column":1}},"84":{"start":{"line":98,"column":6},"end":{"line":102,"column":5}},"85":{"start":{"line":99,"column":8},"end":{"line":99,"column":42}},"86":{"start":{"line":100,"column":8},"end":{"line":100,"column":40}},"87":{"start":{"line":100,"column":8},"end":{"line":100,"column":21}},"88":{"start":{"line":101,"column":8},"end":{"line":101,"column":24}},"89":{"start":{"line":101,"column":8},"end":{"line":101,"column":17}},"90":{"start":{"line":102,"column":6},"end":{"line":102,"column":6}},"91":{"start":{"line":104,"column":2},"end":{"line":112,"column":9}},"92":{"start":{"line":105,"column":4},"end":{"line":111,"column":14}},"93":{"start":{"line":106,"column":6},"end":{"line":110,"column":5}},"94":{"start":{"line":107,"column":22},"end":{"line":107,"column":24}},"95":{"start":{"line":108,"column":22},"end":{"line":108,"column":24}},"96":{"start":{"line":109,"column":13},"end":{"line":109,"column":15}},"97":{"start":{"line":110,"column":6},"end":{"line":110,"column":51}},"98":{"start":{"line":110,"column":15},"end":{"line":110,"column":23}},"99":{"start":{"line":110,"column":16},"end":{"line":110,"column":18}},"100":{"start":{"line":114,"column":2},"end":{"line":124,"column":8}},"101":{"start":{"line":115,"column":4},"end":{"line":123,"column":12}},"102":{"start":{"line":116,"column":6},"end":{"line":123,"column":3}},"103":{"start":{"line":118,"column":10},"end":{"line":118,"column":47}},"104":{"start":{"line":118,"column":10},"end":{"line":118,"column":47}},"105":{"start":{"line":118,"column":14},"end":{"line":118,"column":44}},"106":{"start":{"line":120,"column":10},"end":{"line":120,"column":47}},"107":{"start":{"line":120,"column":10},"end":{"line":120,"column":47}},"108":{"start":{"line":120,"column":14},"end":{"line":120,"column":44}},"109":{"start":{"line":122,"column":10},"end":{"line":122,"column":47}},"110":{"start":{"line":122,"column":10},"end":{"line":122,"column":47}},"111":{"start":{"line":122,"column":14},"end":{"line":122,"column":44}},"112":{"start":{"line":126,"column":2},"end":{"line":141,"column":1}},"113":{"start":{"line":127,"column":4},"end":{"line":140,"column":11}},"114":{"start":{"line":128,"column":6},"end":{"line":139,"column":16}},"115":{"start":{"line":129,"column":8},"end":{"line":133,"column":7}},"116":{"start":{"line":130,"column":24},"end":{"line":130,"column":26}},"117":{"start":{"line":131,"column":24},"end":{"line":131,"column":26}},"118":{"start":{"line":132,"column":15},"end":{"line":132,"column":17}},"119":{"start":{"line":133,"column":8},"end":{"line":133,"column":19}},"120":{"start":{"line":134,"column":8},"end":{"line":138,"column":7}},"121":{"start":{"line":135,"column":10},"end":{"line":135,"column":17}},"122":{"start":{"line":136,"column":13},"end":{"line":138,"column":7}},"123":{"start":{"line":137,"column":10},"end":{"line":137,"column":52}},"124":{"start":{"line":138,"column":8},"end":{"line":138,"column":44}},"125":{"start":{"line":138,"column":17},"end":{"line":138,"column":25}},"126":{"start":{"line":138,"column":18},"end":{"line":138,"column":20}},"127":{"start":{"line":141,"column":2},"end":{"line":141,"column":12}},"128":{"start":{"line":147,"column":0},"end":{"line":536,"column":51}},"129":{"start":{"line":155,"column":4},"end":{"line":155,"column":48}},"130":{"start":{"line":158,"column":4},"end":{"line":159,"column":44}},"131":{"start":{"line":158,"column":4},"end":{"line":159,"column":44}},"132":{"start":{"line":158,"column":13},"end":{"line":158,"column":16}},"133":{"start":{"line":159,"column":6},"end":{"line":159,"column":38}},"134":{"start":{"line":161,"column":4},"end":{"line":162,"column":44}},"135":{"start":{"line":161,"column":4},"end":{"line":162,"column":44}},"136":{"start":{"line":161,"column":13},"end":{"line":161,"column":16}},"137":{"start":{"line":162,"column":6},"end":{"line":162,"column":38}},"138":{"start":{"line":163,"column":17},"end":{"line":163,"column":33}},"139":{"start":{"line":163,"column":17},"end":{"line":163,"column":33}},"140":{"start":{"line":163,"column":26},"end":{"line":163,"column":29}},"141":{"start":{"line":164,"column":17},"end":{"line":164,"column":34}},"142":{"start":{"line":164,"column":17},"end":{"line":164,"column":34}},"143":{"start":{"line":164,"column":27},"end":{"line":164,"column":30}},"144":{"start":{"line":165,"column":17},"end":{"line":165,"column":35}},"145":{"start":{"line":165,"column":17},"end":{"line":165,"column":35}},"146":{"start":{"line":165,"column":28},"end":{"line":165,"column":31}},"147":{"start":{"line":166,"column":17},"end":{"line":166,"column":36}},"148":{"start":{"line":166,"column":17},"end":{"line":166,"column":36}},"149":{"start":{"line":166,"column":29},"end":{"line":166,"column":32}},"150":{"start":{"line":169,"column":16},"end":{"line":169,"column":28}},"151":{"start":{"line":169,"column":16},"end":{"line":169,"column":28}},"152":{"start":{"line":169,"column":21},"end":{"line":169,"column":24}},"153":{"start":{"line":170,"column":16},"end":{"line":170,"column":26}},"154":{"start":{"line":170,"column":16},"end":{"line":170,"column":26}},"155":{"start":{"line":170,"column":20},"end":{"line":170,"column":23}},"156":{"start":{"line":171,"column":18},"end":{"line":171,"column":30}},"157":{"start":{"line":171,"column":18},"end":{"line":171,"column":30}},"158":{"start":{"line":171,"column":23},"end":{"line":171,"column":26}},"159":{"start":{"line":172,"column":17},"end":{"line":172,"column":27}},"160":{"start":{"line":172,"column":17},"end":{"line":172,"column":27}},"161":{"start":{"line":172,"column":21},"end":{"line":172,"column":24}},"162":{"start":{"line":173,"column":18},"end":{"line":173,"column":28}},"163":{"start":{"line":173,"column":18},"end":{"line":173,"column":28}},"164":{"start":{"line":173,"column":22},"end":{"line":173,"column":25}},"165":{"start":{"line":174,"column":18},"end":{"line":174,"column":28}},"166":{"start":{"line":174,"column":18},"end":{"line":174,"column":28}},"167":{"start":{"line":174,"column":22},"end":{"line":174,"column":25}},"168":{"start":{"line":175,"column":19},"end":{"line":175,"column":31}},"169":{"start":{"line":175,"column":19},"end":{"line":175,"column":31}},"170":{"start":{"line":175,"column":24},"end":{"line":175,"column":27}},"171":{"start":{"line":176,"column":10},"end":{"line":176,"column":15}},"172":{"start":{"line":178,"column":4},"end":{"line":178,"column":61}},"173":{"start":{"line":178,"column":4},"end":{"line":178,"column":61}},"174":{"start":{"line":178,"column":8},"end":{"line":178,"column":11}},"175":{"start":{"line":178,"column":17},"end":{"line":178,"column":19}},"176":{"start":{"line":178,"column":23},"end":{"line":178,"column":58}},"177":{"start":{"line":178,"column":37},"end":{"line":178,"column":50}},"178":{"start":{"line":178,"column":57},"end":{"line":178,"column":58}},"179":{"start":{"line":180,"column":4},"end":{"line":180,"column":62}},"180":{"start":{"line":180,"column":4},"end":{"line":180,"column":62}},"181":{"start":{"line":180,"column":9},"end":{"line":180,"column":12}},"182":{"start":{"line":180,"column":18},"end":{"line":180,"column":20}},"183":{"start":{"line":180,"column":24},"end":{"line":180,"column":59}},"184":{"start":{"line":180,"column":38},"end":{"line":180,"column":51}},"185":{"start":{"line":180,"column":58},"end":{"line":180,"column":59}},"186":{"start":{"line":184,"column":4},"end":{"line":184,"column":40}},"187":{"start":{"line":184,"column":5},"end":{"line":184,"column":14}},"188":{"start":{"line":184,"column":10},"end":{"line":184,"column":11}},"189":{"start":{"line":184,"column":17},"end":{"line":184,"column":39}},"190":{"start":{"line":184,"column":24},"end":{"line":184,"column":25}},"191":{"start":{"line":184,"column":32},"end":{"line":184,"column":35}},"192":{"start":{"line":187,"column":23},"end":{"line":187,"column":56}},"193":{"start":{"line":189,"column":4},"end":{"line":189,"column":37}},"194":{"start":{"line":190,"column":4},"end":{"line":190,"column":45}},"195":{"start":{"line":192,"column":4},"end":{"line":194,"column":3}},"196":{"start":{"line":193,"column":6},"end":{"line":193,"column":71}},"197":{"start":{"line":193,"column":13},"end":{"line":193,"column":71}},"198":{"start":{"line":193,"column":22},"end":{"line":193,"column":25}},"199":{"start":{"line":193,"column":31},"end":{"line":193,"column":62}},"200":{"start":{"line":194,"column":4},"end":{"line":194,"column":18}},"201":{"start":{"line":195,"column":4},"end":{"line":195,"column":51}},"202":{"start":{"line":197,"column":4},"end":{"line":199,"column":3}},"203":{"start":{"line":198,"column":6},"end":{"line":198,"column":58}},"204":{"start":{"line":198,"column":22},"end":{"line":198,"column":58}},"205":{"start":{"line":198,"column":42},"end":{"line":198,"column":45}},"206":{"start":{"line":199,"column":4},"end":{"line":199,"column":29}},"207":{"start":{"line":199,"column":4},"end":{"line":199,"column":17}},"208":{"start":{"line":200,"column":4},"end":{"line":200,"column":48}},"209":{"start":{"line":200,"column":11},"end":{"line":200,"column":48}},"210":{"start":{"line":200,"column":20},"end":{"line":200,"column":23}},"211":{"start":{"line":200,"column":29},"end":{"line":200,"column":39}},"212":{"start":{"line":201,"column":4},"end":{"line":201,"column":14}},"213":{"start":{"line":202,"column":4},"end":{"line":202,"column":45}},"214":{"start":{"line":203,"column":10},"end":{"line":203,"column":18}},"215":{"start":{"line":208,"column":4},"end":{"line":212,"column":3}},"216":{"start":{"line":209,"column":6},"end":{"line":209,"column":21}},"217":{"start":{"line":210,"column":6},"end":{"line":210,"column":16}},"218":{"start":{"line":211,"column":6},"end":{"line":211,"column":31}},"219":{"start":{"line":211,"column":6},"end":{"line":211,"column":19}},"220":{"start":{"line":212,"column":4},"end":{"line":218,"column":21}},"221":{"start":{"line":213,"column":6},"end":{"line":216,"column":5}},"222":{"start":{"line":214,"column":8},"end":{"line":214,"column":29}},"223":{"start":{"line":215,"column":8},"end":{"line":215,"column":53}},"224":{"start":{"line":216,"column":6},"end":{"line":216,"column":58}},"225":{"start":{"line":217,"column":6},"end":{"line":217,"column":9}},"226":{"start":{"line":220,"column":4},"end":{"line":224,"column":3}},"227":{"start":{"line":221,"column":6},"end":{"line":221,"column":21}},"228":{"start":{"line":222,"column":6},"end":{"line":222,"column":16}},"229":{"start":{"line":223,"column":6},"end":{"line":223,"column":31}},"230":{"start":{"line":223,"column":6},"end":{"line":223,"column":19}},"231":{"start":{"line":224,"column":4},"end":{"line":224,"column":45}},"232":{"start":{"line":225,"column":4},"end":{"line":225,"column":37}},"233":{"start":{"line":226,"column":4},"end":{"line":226,"column":10}},"234":{"start":{"line":227,"column":4},"end":{"line":233,"column":21}},"235":{"start":{"line":228,"column":6},"end":{"line":231,"column":5}},"236":{"start":{"line":229,"column":8},"end":{"line":229,"column":29}},"237":{"start":{"line":230,"column":8},"end":{"line":230,"column":62}},"238":{"start":{"line":231,"column":6},"end":{"line":231,"column":44}},"239":{"start":{"line":231,"column":28},"end":{"line":231,"column":36}},"240":{"start":{"line":231,"column":29},"end":{"line":231,"column":33}},"241":{"start":{"line":232,"column":6},"end":{"line":232,"column":54}},"242":{"start":{"line":235,"column":4},"end":{"line":235,"column":25}},"243":{"start":{"line":236,"column":4},"end":{"line":240,"column":3}},"244":{"start":{"line":237,"column":6},"end":{"line":237,"column":21}},"245":{"start":{"line":238,"column":6},"end":{"line":238,"column":16}},"246":{"start":{"line":239,"column":6},"end":{"line":239,"column":31}},"247":{"start":{"line":239,"column":6},"end":{"line":239,"column":19}},"248":{"start":{"line":240,"column":4},"end":{"line":240,"column":12}},"249":{"start":{"line":241,"column":4},"end":{"line":246,"column":3}},"250":{"start":{"line":242,"column":6},"end":{"line":244,"column":17}},"251":{"start":{"line":243,"column":8},"end":{"line":243,"column":53}},"252":{"start":{"line":243,"column":8},"end":{"line":243,"column":52}},"253":{"start":{"line":243,"column":13},"end":{"line":243,"column":51}},"254":{"start":{"line":245,"column":6},"end":{"line":245,"column":40}},"255":{"start":{"line":245,"column":14},"end":{"line":245,"column":40}},"256":{"start":{"line":245,"column":19},"end":{"line":245,"column":22}},"257":{"start":{"line":245,"column":30},"end":{"line":245,"column":36}},"258":{"start":{"line":246,"column":4},"end":{"line":246,"column":7}},"259":{"start":{"line":248,"column":4},"end":{"line":248,"column":12}},"260":{"start":{"line":249,"column":4},"end":{"line":251,"column":3}},"261":{"start":{"line":250,"column":6},"end":{"line":250,"column":54}},"262":{"start":{"line":250,"column":14},"end":{"line":250,"column":53}},"263":{"start":{"line":250,"column":20},"end":{"line":250,"column":43}},"264":{"start":{"line":250,"column":32},"end":{"line":250,"column":34}},"265":{"start":{"line":250,"column":41},"end":{"line":250,"column":43}},"266":{"start":{"line":250,"column":49},"end":{"line":250,"column":52}},"267":{"start":{"line":251,"column":4},"end":{"line":251,"column":14}},"268":{"start":{"line":255,"column":25},"end":{"line":255,"column":54}},"269":{"start":{"line":255,"column":25},"end":{"line":255,"column":53}},"270":{"start":{"line":255,"column":32},"end":{"line":255,"column":35}},"271":{"start":{"line":255,"column":42},"end":{"line":255,"column":52}},"272":{"start":{"line":256,"column":11},"end":{"line":256,"column":22}},"273":{"start":{"line":257,"column":21},"end":{"line":257,"column":41}},"274":{"start":{"line":257,"column":21},"end":{"line":257,"column":41}},"275":{"start":{"line":257,"column":30},"end":{"line":257,"column":34}},"276":{"start":{"line":263,"column":4},"end":{"line":263,"column":29}},"277":{"start":{"line":264,"column":4},"end":{"line":264,"column":20}},"278":{"start":{"line":266,"column":4},"end":{"line":266,"column":13}},"279":{"start":{"line":267,"column":4},"end":{"line":267,"column":41}},"280":{"start":{"line":267,"column":4},"end":{"line":267,"column":24}},"281":{"start":{"line":268,"column":4},"end":{"line":271,"column":3}},"282":{"start":{"line":271,"column":4},"end":{"line":278,"column":1}},"283":{"start":{"line":279,"column":4},"end":{"line":279,"column":20}},"284":{"start":{"line":279,"column":4},"end":{"line":279,"column":12}},"285":{"start":{"line":280,"column":4},"end":{"line":280,"column":16}},"286":{"start":{"line":281,"column":4},"end":{"line":281,"column":7}},"287":{"start":{"line":285,"column":4},"end":{"line":285,"column":27}},"288":{"start":{"line":285,"column":4},"end":{"line":285,"column":19}},"289":{"start":{"line":286,"column":4},"end":{"line":286,"column":23}},"290":{"start":{"line":287,"column":4},"end":{"line":289,"column":3}},"291":{"start":{"line":288,"column":6},"end":{"line":288,"column":55}},"292":{"start":{"line":289,"column":4},"end":{"line":289,"column":7}},"293":{"start":{"line":292,"column":16},"end":{"line":292,"column":42}},"294":{"start":{"line":293,"column":16},"end":{"line":293,"column":42}},"295":{"start":{"line":294,"column":16},"end":{"line":294,"column":42}},"296":{"start":{"line":295,"column":16},"end":{"line":295,"column":42}},"297":{"start":{"line":296,"column":16},"end":{"line":296,"column":42}},"298":{"start":{"line":297,"column":16},"end":{"line":297,"column":42}},"299":{"start":{"line":300,"column":15},"end":{"line":300,"column":40}},"300":{"start":{"line":301,"column":9},"end":{"line":301,"column":24}},"301":{"start":{"line":302,"column":26},"end":{"line":302,"column":62}},"302":{"start":{"line":303,"column":24},"end":{"line":303,"column":58}},"303":{"start":{"line":304,"column":23},"end":{"line":304,"column":56}},"304":{"start":{"line":307,"column":22},"end":{"line":307,"column":54}},"305":{"start":{"line":308,"column":22},"end":{"line":308,"column":54}},"306":{"start":{"line":309,"column":21},"end":{"line":309,"column":52}},"307":{"start":{"line":310,"column":18},"end":{"line":310,"column":38}},"308":{"start":{"line":312,"column":35},"end":{"line":312,"column":72}},"309":{"start":{"line":315,"column":4},"end":{"line":315,"column":26}},"310":{"start":{"line":316,"column":4},"end":{"line":316,"column":50}},"311":{"start":{"line":316,"column":25},"end":{"line":316,"column":49}},"312":{"start":{"line":316,"column":30},"end":{"line":316,"column":31}},"313":{"start":{"line":316,"column":38},"end":{"line":316,"column":48}},"314":{"start":{"line":317,"column":4},"end":{"line":317,"column":20}},"315":{"start":{"line":317,"column":11},"end":{"line":317,"column":20}},"316":{"start":{"line":317,"column":16},"end":{"line":317,"column":17}},"317":{"start":{"line":319,"column":24},"end":{"line":319,"column":50}},"318":{"start":{"line":320,"column":10},"end":{"line":320,"column":26}},"319":{"start":{"line":327,"column":4},"end":{"line":327,"column":15}},"320":{"start":{"line":328,"column":4},"end":{"line":331,"column":3}},"321":{"start":{"line":329,"column":6},"end":{"line":329,"column":39}},"322":{"start":{"line":329,"column":6},"end":{"line":329,"column":13}},"323":{"start":{"line":330,"column":6},"end":{"line":330,"column":43}},"324":{"start":{"line":330,"column":14},"end":{"line":330,"column":43}},"325":{"start":{"line":330,"column":19},"end":{"line":330,"column":39}},"326":{"start":{"line":331,"column":4},"end":{"line":331,"column":7}},"327":{"start":{"line":335,"column":4},"end":{"line":335,"column":21}},"328":{"start":{"line":337,"column":4},"end":{"line":347,"column":10}},"329":{"start":{"line":349,"column":4},"end":{"line":365,"column":3}},"330":{"start":{"line":350,"column":6},"end":{"line":350,"column":28}},"331":{"start":{"line":351,"column":6},"end":{"line":363,"column":15}},"332":{"start":{"line":353,"column":8},"end":{"line":362,"column":34}},"333":{"start":{"line":354,"column":10},"end":{"line":359,"column":18}},"334":{"start":{"line":355,"column":12},"end":{"line":358,"column":17}},"335":{"start":{"line":356,"column":14},"end":{"line":356,"column":73}},"336":{"start":{"line":358,"column":14},"end":{"line":358,"column":17}},"337":{"start":{"line":362,"column":10},"end":{"line":362,"column":34}},"338":{"start":{"line":365,"column":4},"end":{"line":371,"column":21}},"339":{"start":{"line":375,"column":4},"end":{"line":375,"column":21}},"340":{"start":{"line":377,"column":4},"end":{"line":377,"column":15}},"341":{"start":{"line":378,"column":4},"end":{"line":382,"column":3}},"342":{"start":{"line":379,"column":6},"end":{"line":379,"column":88}},"343":{"start":{"line":379,"column":19},"end":{"line":379,"column":87}},"344":{"start":{"line":379,"column":26},"end":{"line":379,"column":42}},"345":{"start":{"line":379,"column":47},"end":{"line":379,"column":86}},"346":{"start":{"line":380,"column":6},"end":{"line":380,"column":34}},"347":{"start":{"line":380,"column":6},"end":{"line":380,"column":34}},"348":{"start":{"line":380,"column":14},"end":{"line":380,"column":20}},"349":{"start":{"line":382,"column":4},"end":{"line":392,"column":10}},"350":{"start":{"line":394,"column":4},"end":{"line":394,"column":32}},"351":{"start":{"line":396,"column":4},"end":{"line":398,"column":3}},"352":{"start":{"line":397,"column":6},"end":{"line":397,"column":62}},"353":{"start":{"line":397,"column":6},"end":{"line":397,"column":62}},"354":{"start":{"line":397,"column":9},"end":{"line":397,"column":13}},"355":{"start":{"line":397,"column":17},"end":{"line":397,"column":31}},"356":{"start":{"line":397,"column":37},"end":{"line":397,"column":58}},"357":{"start":{"line":398,"column":4},"end":{"line":400,"column":3}},"358":{"start":{"line":399,"column":6},"end":{"line":399,"column":62}},"359":{"start":{"line":399,"column":6},"end":{"line":399,"column":62}},"360":{"start":{"line":399,"column":9},"end":{"line":399,"column":13}},"361":{"start":{"line":399,"column":17},"end":{"line":399,"column":31}},"362":{"start":{"line":399,"column":37},"end":{"line":399,"column":58}},"363":{"start":{"line":400,"column":4},"end":{"line":403,"column":3}},"364":{"start":{"line":401,"column":6},"end":{"line":401,"column":43}},"365":{"start":{"line":401,"column":6},"end":{"line":401,"column":42}},"366":{"start":{"line":401,"column":9},"end":{"line":401,"column":13}},"367":{"start":{"line":401,"column":17},"end":{"line":401,"column":41}},"368":{"start":{"line":403,"column":4},"end":{"line":406,"column":3}},"369":{"start":{"line":404,"column":6},"end":{"line":404,"column":41}},"370":{"start":{"line":404,"column":6},"end":{"line":404,"column":41}},"371":{"start":{"line":404,"column":13},"end":{"line":404,"column":37}},"372":{"start":{"line":406,"column":4},"end":{"line":420,"column":3}},"373":{"start":{"line":420,"column":4},"end":{"line":423,"column":3}},"374":{"start":{"line":421,"column":6},"end":{"line":421,"column":33}},"375":{"start":{"line":423,"column":4},"end":{"line":423,"column":72}},"376":{"start":{"line":424,"column":4},"end":{"line":424,"column":68}},"377":{"start":{"line":425,"column":4},"end":{"line":425,"column":70}},"378":{"start":{"line":426,"column":4},"end":{"line":426,"column":68}},"379":{"start":{"line":427,"column":4},"end":{"line":427,"column":73}},"380":{"start":{"line":428,"column":4},"end":{"line":428,"column":83}},"381":{"start":{"line":429,"column":4},"end":{"line":429,"column":82}},"382":{"start":{"line":431,"column":4},"end":{"line":454,"column":3}},"383":{"start":{"line":432,"column":6},"end":{"line":432,"column":36}},"384":{"start":{"line":433,"column":6},"end":{"line":433,"column":31}},"385":{"start":{"line":435,"column":6},"end":{"line":435,"column":15}},"386":{"start":{"line":436,"column":6},"end":{"line":436,"column":83}},"387":{"start":{"line":436,"column":6},"end":{"line":436,"column":49}},"388":{"start":{"line":437,"column":6},"end":{"line":437,"column":52}},"389":{"start":{"line":438,"column":6},"end":{"line":438,"column":30}},"390":{"start":{"line":439,"column":6},"end":{"line":439,"column":81}},"391":{"start":{"line":439,"column":6},"end":{"line":439,"column":47}},"392":{"start":{"line":440,"column":6},"end":{"line":440,"column":17}},"393":{"start":{"line":441,"column":6},"end":{"line":441,"column":83}},"394":{"start":{"line":441,"column":6},"end":{"line":441,"column":49}},"395":{"start":{"line":442,"column":6},"end":{"line":442,"column":53}},"396":{"start":{"line":444,"column":6},"end":{"line":449,"column":5}},"397":{"start":{"line":445,"column":8},"end":{"line":445,"column":26}},"398":{"start":{"line":446,"column":8},"end":{"line":446,"column":32}},"399":{"start":{"line":447,"column":8},"end":{"line":447,"column":71}},"400":{"start":{"line":447,"column":8},"end":{"line":447,"column":37}},"401":{"start":{"line":449,"column":6},"end":{"line":449,"column":17}},"402":{"start":{"line":450,"column":6},"end":{"line":450,"column":83}},"403":{"start":{"line":450,"column":6},"end":{"line":450,"column":49}},"404":{"start":{"line":451,"column":6},"end":{"line":451,"column":53}},"405":{"start":{"line":452,"column":6},"end":{"line":452,"column":23}},"406":{"start":{"line":452,"column":6},"end":{"line":452,"column":23}},"407":{"start":{"line":452,"column":13},"end":{"line":452,"column":17}},"408":{"start":{"line":454,"column":4},"end":{"line":470,"column":3}},"409":{"start":{"line":455,"column":6},"end":{"line":455,"column":39}},"410":{"start":{"line":456,"column":6},"end":{"line":468,"column":15}},"411":{"start":{"line":458,"column":8},"end":{"line":467,"column":36}},"412":{"start":{"line":459,"column":10},"end":{"line":464,"column":18}},"413":{"start":{"line":460,"column":12},"end":{"line":463,"column":17}},"414":{"start":{"line":461,"column":14},"end":{"line":461,"column":75}},"415":{"start":{"line":463,"column":14},"end":{"line":463,"column":17}},"416":{"start":{"line":467,"column":10},"end":{"line":467,"column":36}},"417":{"start":{"line":470,"column":4},"end":{"line":476,"column":21}},"418":{"start":{"line":478,"column":4},"end":{"line":497,"column":3}},"419":{"start":{"line":480,"column":6},"end":{"line":480,"column":15}},"420":{"start":{"line":481,"column":6},"end":{"line":484,"column":5}},"421":{"start":{"line":482,"column":8},"end":{"line":482,"column":35}},"422":{"start":{"line":483,"column":8},"end":{"line":483,"column":35}},"423":{"start":{"line":483,"column":8},"end":{"line":483,"column":19}},"424":{"start":{"line":484,"column":6},"end":{"line":484,"column":16}},"425":{"start":{"line":485,"column":6},"end":{"line":490,"column":21}},"426":{"start":{"line":491,"column":6},"end":{"line":493,"column":5}},"427":{"start":{"line":492,"column":8},"end":{"line":492,"column":99}},"428":{"start":{"line":492,"column":8},"end":{"line":492,"column":98}},"429":{"start":{"line":492,"column":11},"end":{"line":492,"column":26}},"430":{"start":{"line":492,"column":30},"end":{"line":492,"column":30}},"431":{"start":{"line":492,"column":34},"end":{"line":492,"column":78}},"432":{"start":{"line":492,"column":82},"end":{"line":492,"column":97}},"433":{"start":{"line":493,"column":6},"end":{"line":495,"column":62}},"434":{"start":{"line":493,"column":6},"end":{"line":495,"column":59}},"435":{"start":{"line":493,"column":15},"end":{"line":493,"column":65}},"436":{"start":{"line":494,"column":8},"end":{"line":494,"column":21}},"437":{"start":{"line":495,"column":8},"end":{"line":495,"column":58}},"438":{"start":{"line":497,"column":4},"end":{"line":499,"column":3}},"439":{"start":{"line":498,"column":6},"end":{"line":498,"column":52}},"440":{"start":{"line":498,"column":26},"end":{"line":498,"column":45}},"441":{"start":{"line":498,"column":34},"end":{"line":498,"column":38}},"442":{"start":{"line":499,"column":4},"end":{"line":499,"column":14}},"443":{"start":{"line":502,"column":2},"end":{"line":502,"column":12}},"444":{"start":{"line":504,"column":4},"end":{"line":504,"column":38}},"445":{"start":{"line":504,"column":4},"end":{"line":504,"column":26}},"446":{"start":{"line":505,"column":4},"end":{"line":505,"column":25}},"447":{"start":{"line":509,"column":4},"end":{"line":512,"column":3}},"448":{"start":{"line":510,"column":6},"end":{"line":510,"column":17}},"449":{"start":{"line":511,"column":6},"end":{"line":511,"column":17}},"450":{"start":{"line":512,"column":4},"end":{"line":512,"column":16}},"451":{"start":{"line":513,"column":4},"end":{"line":513,"column":25}},"452":{"start":{"line":514,"column":4},"end":{"line":519,"column":3}},"453":{"start":{"line":519,"column":4},"end":{"line":519,"column":24}},"454":{"start":{"line":520,"column":4},"end":{"line":520,"column":27}},"455":{"start":{"line":521,"column":4},"end":{"line":521,"column":45}},"456":{"start":{"line":525,"column":4},"end":{"line":528,"column":3}},"457":{"start":{"line":526,"column":6},"end":{"line":526,"column":17}},"458":{"start":{"line":527,"column":6},"end":{"line":527,"column":17}},"459":{"start":{"line":528,"column":4},"end":{"line":528,"column":16}},"460":{"start":{"line":529,"column":4},"end":{"line":529,"column":24}},"461":{"start":{"line":530,"column":4},"end":{"line":530,"column":24}},"462":{"start":{"line":531,"column":4},"end":{"line":531,"column":27}},"463":{"start":{"line":532,"column":4},"end":{"line":532,"column":45}},"464":{"start":{"line":537,"column":0},"end":{"line":537,"column":22}},"465":{"start":{"line":544,"column":0},"end":{"line":545,"column":97}},"466":{"start":{"line":545,"column":2},"end":{"line":545,"column":96}}},"branchMap":{"1":{"line":18,"type":"if","locations":[{"start":{"line":18,"column":2},"end":{"line":18,"column":2}},{"start":{"line":18,"column":2},"end":{"line":18,"column":2}}]},"2":{"line":24,"type":"if","locations":[{"start":{"line":24,"column":2},"end":{"line":24,"column":2}},{"start":{"line":24,"column":2},"end":{"line":24,"column":2}}]},"3":{"line":27,"type":"if","locations":[{"start":{"line":27,"column":2},"end":{"line":27,"column":2}},{"start":{"line":27,"column":2},"end":{"line":27,"column":2}}]},"4":{"line":30,"type":"if","locations":[{"start":{"line":30,"column":6},"end":{"line":30,"column":6}},{"start":{"line":30,"column":6},"end":{"line":30,"column":6}}]},"5":{"line":31,"type":"if","locations":[{"start":{"line":31,"column":8},"end":{"line":31,"column":8}},{"start":{"line":31,"column":8},"end":{"line":31,"column":8}}]},"6":{"line":40,"type":"if","locations":[{"start":{"line":40,"column":8},"end":{"line":40,"column":8}},{"start":{"line":40,"column":8},"end":{"line":40,"column":8}}]},"7":{"line":42,"type":"if","locations":[{"start":{"line":42,"column":2},"end":{"line":42,"column":2}},{"start":{"line":42,"column":2},"end":{"line":42,"column":2}}]},"8":{"line":43,"type":"if","locations":[{"start":{"line":43,"column":4},"end":{"line":43,"column":4}},{"start":{"line":43,"column":4},"end":{"line":43,"column":4}}]},"9":{"line":44,"type":"if","locations":[{"start":{"line":44,"column":6},"end":{"line":44,"column":6}},{"start":{"line":44,"column":6},"end":{"line":44,"column":6}}]},"10":{"line":51,"type":"if","locations":[{"start":{"line":51,"column":8},"end":{"line":51,"column":8}},{"start":{"line":51,"column":8},"end":{"line":51,"column":8}}]},"11":{"line":54,"type":"if","locations":[{"start":{"line":54,"column":9},"end":{"line":54,"column":9}},{"start":{"line":54,"column":9},"end":{"line":54,"column":9}}]},"12":{"line":62,"type":"if","locations":[{"start":{"line":62,"column":2},"end":{"line":62,"column":2}},{"start":{"line":62,"column":2},"end":{"line":62,"column":2}}]},"13":{"line":66,"type":"if","locations":[{"start":{"line":66,"column":7},"end":{"line":66,"column":7}},{"start":{"line":66,"column":7},"end":{"line":66,"column":7}}]},"14":{"line":72,"type":"if","locations":[{"start":{"line":72,"column":4},"end":{"line":72,"column":4}},{"start":{"line":72,"column":4},"end":{"line":72,"column":4}}]},"15":{"line":79,"type":"if","locations":[{"start":{"line":79,"column":2},"end":{"line":79,"column":2}},{"start":{"line":79,"column":2},"end":{"line":79,"column":2}}]},"16":{"line":81,"type":"if","locations":[{"start":{"line":81,"column":6},"end":{"line":81,"column":6}},{"start":{"line":81,"column":6},"end":{"line":81,"column":6}}]},"17":{"line":91,"type":"if","locations":[{"start":{"line":91,"column":6},"end":{"line":91,"column":6}},{"start":{"line":91,"column":6},"end":{"line":91,"column":6}}]},"18":{"line":92,"type":"if","locations":[{"start":{"line":92,"column":6},"end":{"line":92,"column":6}},{"start":{"line":92,"column":6},"end":{"line":92,"column":6}}]},"19":{"line":95,"type":"if","locations":[{"start":{"line":95,"column":2},"end":{"line":95,"column":2}},{"start":{"line":95,"column":2},"end":{"line":95,"column":2}}]},"20":{"line":100,"type":"if","locations":[{"start":{"line":100,"column":8},"end":{"line":100,"column":8}},{"start":{"line":100,"column":8},"end":{"line":100,"column":8}}]},"21":{"line":101,"type":"if","locations":[{"start":{"line":101,"column":8},"end":{"line":101,"column":8}},{"start":{"line":101,"column":8},"end":{"line":101,"column":8}}]},"22":{"line":106,"type":"switch","locations":[{"start":{"line":107,"column":8},"end":{"line":107,"column":24}},{"start":{"line":108,"column":8},"end":{"line":108,"column":24}},{"start":{"line":109,"column":13},"end":{"line":109,"column":15}}]},"23":{"line":116,"type":"switch","locations":[{"start":{"line":117,"column":8},"end":{"line":118,"column":47}},{"start":{"line":119,"column":8},"end":{"line":120,"column":47}},{"start":{"line":121,"column":8},"end":{"line":122,"column":47}}]},"24":{"line":129,"type":"switch","locations":[{"start":{"line":130,"column":10},"end":{"line":130,"column":26}},{"start":{"line":131,"column":10},"end":{"line":131,"column":26}},{"start":{"line":132,"column":15},"end":{"line":132,"column":17}}]},"25":{"line":134,"type":"if","locations":[{"start":{"line":134,"column":8},"end":{"line":134,"column":8}},{"start":{"line":134,"column":8},"end":{"line":134,"column":8}}]},"26":{"line":136,"type":"if","locations":[{"start":{"line":136,"column":13},"end":{"line":136,"column":13}},{"start":{"line":136,"column":13},"end":{"line":136,"column":13}}]},"27":{"line":178,"type":"if","locations":[{"start":{"line":178,"column":23},"end":{"line":178,"column":23}},{"start":{"line":178,"column":23},"end":{"line":178,"column":23}}]},"28":{"line":180,"type":"if","locations":[{"start":{"line":180,"column":24},"end":{"line":180,"column":24}},{"start":{"line":180,"column":24},"end":{"line":180,"column":24}}]},"29":{"line":192,"type":"if","locations":[{"start":{"line":192,"column":4},"end":{"line":192,"column":4}},{"start":{"line":192,"column":4},"end":{"line":192,"column":4}}]},"30":{"line":197,"type":"if","locations":[{"start":{"line":197,"column":4},"end":{"line":197,"column":4}},{"start":{"line":197,"column":4},"end":{"line":197,"column":4}}]},"31":{"line":199,"type":"if","locations":[{"start":{"line":199,"column":4},"end":{"line":199,"column":4}},{"start":{"line":199,"column":4},"end":{"line":199,"column":4}}]},"32":{"line":208,"type":"if","locations":[{"start":{"line":208,"column":4},"end":{"line":208,"column":4}},{"start":{"line":208,"column":4},"end":{"line":208,"column":4}}]},"33":{"line":211,"type":"if","locations":[{"start":{"line":211,"column":6},"end":{"line":211,"column":6}},{"start":{"line":211,"column":6},"end":{"line":211,"column":6}}]},"34":{"line":213,"type":"if","locations":[{"start":{"line":213,"column":6},"end":{"line":213,"column":6}},{"start":{"line":213,"column":6},"end":{"line":213,"column":6}}]},"35":{"line":220,"type":"if","locations":[{"start":{"line":220,"column":4},"end":{"line":220,"column":4}},{"start":{"line":220,"column":4},"end":{"line":220,"column":4}}]},"36":{"line":223,"type":"if","locations":[{"start":{"line":223,"column":6},"end":{"line":223,"column":6}},{"start":{"line":223,"column":6},"end":{"line":223,"column":6}}]},"37":{"line":228,"type":"if","locations":[{"start":{"line":228,"column":6},"end":{"line":228,"column":6}},{"start":{"line":228,"column":6},"end":{"line":228,"column":6}}]},"38":{"line":236,"type":"if","locations":[{"start":{"line":236,"column":4},"end":{"line":236,"column":4}},{"start":{"line":236,"column":4},"end":{"line":236,"column":4}}]},"39":{"line":239,"type":"if","locations":[{"start":{"line":239,"column":6},"end":{"line":239,"column":6}},{"start":{"line":239,"column":6},"end":{"line":239,"column":6}}]},"40":{"line":250,"type":"if","locations":[{"start":{"line":250,"column":20},"end":{"line":250,"column":20}},{"start":{"line":250,"column":20},"end":{"line":250,"column":20}}]},"41":{"line":267,"type":"if","locations":[{"start":{"line":267,"column":4},"end":{"line":267,"column":4}},{"start":{"line":267,"column":4},"end":{"line":267,"column":4}}]},"42":{"line":279,"type":"if","locations":[{"start":{"line":279,"column":4},"end":{"line":279,"column":4}},{"start":{"line":279,"column":4},"end":{"line":279,"column":4}}]},"43":{"line":285,"type":"if","locations":[{"start":{"line":285,"column":4},"end":{"line":285,"column":4}},{"start":{"line":285,"column":4},"end":{"line":285,"column":4}}]},"44":{"line":329,"type":"if","locations":[{"start":{"line":329,"column":6},"end":{"line":329,"column":6}},{"start":{"line":329,"column":6},"end":{"line":329,"column":6}}]},"45":{"line":349,"type":"if","locations":[{"start":{"line":349,"column":4},"end":{"line":349,"column":4}},{"start":{"line":349,"column":4},"end":{"line":349,"column":4}}]},"46":{"line":353,"type":"if","locations":[{"start":{"line":353,"column":8},"end":{"line":353,"column":8}},{"start":{"line":353,"column":8},"end":{"line":353,"column":8}}]},"47":{"line":355,"type":"if","locations":[{"start":{"line":355,"column":12},"end":{"line":355,"column":12}},{"start":{"line":355,"column":12},"end":{"line":355,"column":12}}]},"48":{"line":454,"type":"if","locations":[{"start":{"line":454,"column":4},"end":{"line":454,"column":4}},{"start":{"line":454,"column":4},"end":{"line":454,"column":4}}]},"49":{"line":458,"type":"if","locations":[{"start":{"line":458,"column":8},"end":{"line":458,"column":8}},{"start":{"line":458,"column":8},"end":{"line":458,"column":8}}]},"50":{"line":460,"type":"if","locations":[{"start":{"line":460,"column":12},"end":{"line":460,"column":12}},{"start":{"line":460,"column":12},"end":{"line":460,"column":12}}]},"51":{"line":483,"type":"if","locations":[{"start":{"line":483,"column":8},"end":{"line":483,"column":8}},{"start":{"line":483,"column":8},"end":{"line":483,"column":8}}]},"52":{"line":504,"type":"if","locations":[{"start":{"line":504,"column":4},"end":{"line":504,"column":4}},{"start":{"line":504,"column":4},"end":{"line":504,"column":4}}]},"53":{"line":509,"type":"if","locations":[{"start":{"line":509,"column":4},"end":{"line":509,"column":4}},{"start":{"line":509,"column":4},"end":{"line":509,"column":4}}]},"54":{"line":525,"type":"if","locations":[{"start":{"line":525,"column":4},"end":{"line":525,"column":4}},{"start":{"line":525,"column":4},"end":{"line":525,"column":4}}]}}},"/home/alex/github/node-report/src/plugin.coffee":{"path":"/home/alex/github/node-report/src/plugin.coffee","s":{"1":0,"2":0,"3":0,"4":0,"5":0,"6":0,"7":0,"8":0,"9":0,"10":0,"11":0,"12":0,"13":0,"14":0,"15":0,"16":0,"17":0,"18":0,"19":0,"20":0,"21":0,"22":0,"23":0,"24":0,"25":0,"26":0,"27":0,"28":0,"29":0,"30":0,"31":0,"32":0,"33":0,"34":0,"35":0,"36":0,"37":0,"38":0,"39":0,"40":0,"41":0,"42":0,"43":0,"44":0,"45":0,"46":0,"47":0,"48":0,"49":0,"50":0,"51":0,"52":0,"53":0,"54":0,"55":0,"56":0,"57":0,"58":0,"59":0,"60":0,"61":0,"62":0,"63":0,"64":0,"65":0,"66":0,"67":0,"68":0,"69":0,"70":0,"71":0,"72":0,"73":0,"74":0,"75":0,"76":0,"77":0,"78":0,"79":0,"80":0,"81":0,"82":0,"83":0,"84":0,"85":0,"86":0,"87":0,"88":0,"89":0,"90":0,"91":0,"92":0,"93":0,"94":0,"95":0,"96":0,"97":0,"98":0,"99":0,"100":0,"101":0,"102":0,"103":0,"104":0,"105":0},"b":{"1":[0,0],"2":[0,0],"3":[0,0],"4":[0,0],"5":[0,0],"6":[0,0],"7":[0,0],"8":[0,0],"9":[0,0],"10":[0,0],"11":[0,0],"12":[0,0],"13":[0,0],"14":[0,0]},"f":{"1":0,"2":0,"3":0,"4":0,"5":0},"fnMap":{"1":{"name":"module","line":3,"loc":{"start":{"line":3,"column":0},"end":{"line":3,"column":32}}},"2":{"name":"module","line":9,"loc":{"start":{"line":9,"column":0},"end":{"line":9,"column":38}}},"3":{"name":"validateDefault","line":11,"loc":{"start":{"line":11,"column":2},"end":{"line":11,"column":30}}},"4":{"name":"renderDefault","line":14,"loc":{"start":{"line":14,"column":2},"end":{"line":14,"column":54}}},"5":{"name":"container","line":23,"loc":{"start":{"line":23,"column":2},"end":{"line":23,"column":51}}}},"statementMap":{"1":{"start":{"line":3,"column":0},"end":{"line":6,"column":0}},"2":{"start":{"line":4,"column":2},"end":{"line":4,"column":24}},"3":{"start":{"line":7,"column":0},"end":{"line":7,"column":5}},"4":{"start":{"line":9,"column":0},"end":{"line":135,"column":8}},"5":{"start":{"line":11,"column":2},"end":{"line":14,"column":1}},"6":{"start":{"line":12,"column":4},"end":{"line":12,"column":41}},"7":{"start":{"line":14,"column":2},"end":{"line":23,"column":1}},"8":{"start":{"line":16,"column":4},"end":{"line":21,"column":3}},"9":{"start":{"line":17,"column":6},"end":{"line":20,"column":6}},"10":{"start":{"line":21,"column":4},"end":{"line":21,"column":52}},"11":{"start":{"line":23,"column":2},"end":{"line":120,"column":1}},"12":{"start":{"line":24,"column":4},"end":{"line":24,"column":18}},"13":{"start":{"line":25,"column":4},"end":{"line":25,"column":23}},"14":{"start":{"line":26,"column":4},"end":{"line":26,"column":27}},"15":{"start":{"line":27,"column":4},"end":{"line":27,"column":21}},"16":{"start":{"line":28,"column":4},"end":{"line":28,"column":21}},"17":{"start":{"line":29,"column":4},"end":{"line":29,"column":20}},"18":{"start":{"line":30,"column":4},"end":{"line":30,"column":25}},"19":{"start":{"line":31,"column":4},"end":{"line":31,"column":27}},"20":{"start":{"line":32,"column":4},"end":{"line":32,"column":22}},"21":{"start":{"line":33,"column":4},"end":{"line":33,"column":60}},"22":{"start":{"line":34,"column":4},"end":{"line":34,"column":32}},"23":{"start":{"line":38,"column":4},"end":{"line":42,"column":3}},"24":{"start":{"line":39,"column":6},"end":{"line":39,"column":17}},"25":{"start":{"line":42,"column":4},"end":{"line":42,"column":18}},"26":{"start":{"line":43,"column":4},"end":{"line":43,"column":19}},"27":{"start":{"line":44,"column":6},"end":{"line":46,"column":5}},"28":{"start":{"line":44,"column":21},"end":{"line":44,"column":31}},"29":{"start":{"line":45,"column":8},"end":{"line":45,"column":12}},"30":{"start":{"line":46,"column":6},"end":{"line":46,"column":10}},"31":{"start":{"line":47,"column":4},"end":{"line":47,"column":56}},"32":{"start":{"line":47,"column":31},"end":{"line":47,"column":41}},"33":{"start":{"line":48,"column":4},"end":{"line":50,"column":3}},"34":{"start":{"line":49,"column":6},"end":{"line":49,"column":17}},"35":{"start":{"line":50,"column":4},"end":{"line":50,"column":36}},"36":{"start":{"line":50,"column":12},"end":{"line":50,"column":22}},"37":{"start":{"line":51,"column":4},"end":{"line":51,"column":39}},"38":{"start":{"line":52,"column":4},"end":{"line":52,"column":37}},"39":{"start":{"line":53,"column":4},"end":{"line":57,"column":3}},"40":{"start":{"line":54,"column":6},"end":{"line":54,"column":17}},"41":{"start":{"line":57,"column":4},"end":{"line":61,"column":3}},"42":{"start":{"line":58,"column":6},"end":{"line":58,"column":16}},"43":{"start":{"line":61,"column":4},"end":{"line":61,"column":23}},"44":{"start":{"line":62,"column":4},"end":{"line":98,"column":3}},"45":{"start":{"line":63,"column":6},"end":{"line":63,"column":15}},"46":{"start":{"line":64,"column":6},"end":{"line":68,"column":5}},"47":{"start":{"line":67,"column":8},"end":{"line":67,"column":12}},"48":{"start":{"line":68,"column":6},"end":{"line":68,"column":60}},"49":{"start":{"line":69,"column":6},"end":{"line":69,"column":33}},"50":{"start":{"line":70,"column":6},"end":{"line":75,"column":5}},"51":{"start":{"line":74,"column":8},"end":{"line":74,"column":12}},"52":{"start":{"line":75,"column":6},"end":{"line":77,"column":5}},"53":{"start":{"line":76,"column":8},"end":{"line":76,"column":15}},"54":{"start":{"line":77,"column":6},"end":{"line":80,"column":5}},"55":{"start":{"line":77,"column":35},"end":{"line":77,"column":39}},"56":{"start":{"line":79,"column":8},"end":{"line":79,"column":15}},"57":{"start":{"line":80,"column":6},"end":{"line":80,"column":20}},"58":{"start":{"line":81,"column":6},"end":{"line":81,"column":21}},"59":{"start":{"line":82,"column":8},"end":{"line":84,"column":7}},"60":{"start":{"line":82,"column":23},"end":{"line":82,"column":33}},"61":{"start":{"line":83,"column":10},"end":{"line":83,"column":14}},"62":{"start":{"line":84,"column":8},"end":{"line":84,"column":12}},"63":{"start":{"line":86,"column":6},"end":{"line":90,"column":5}},"64":{"start":{"line":86,"column":21},"end":{"line":86,"column":31}},"65":{"start":{"line":87,"column":8},"end":{"line":87,"column":12}},"66":{"start":{"line":88,"column":8},"end":{"line":88,"column":15}},"67":{"start":{"line":90,"column":6},"end":{"line":90,"column":38}},"68":{"start":{"line":90,"column":14},"end":{"line":90,"column":24}},"69":{"start":{"line":91,"column":6},"end":{"line":91,"column":32}},"70":{"start":{"line":92,"column":6},"end":{"line":96,"column":5}},"71":{"start":{"line":93,"column":8},"end":{"line":93,"column":12}},"72":{"start":{"line":94,"column":8},"end":{"line":94,"column":15}},"73":{"start":{"line":96,"column":6},"end":{"line":96,"column":23}},"74":{"start":{"line":97,"column":6},"end":{"line":97,"column":10}},"75":{"start":{"line":98,"column":4},"end":{"line":98,"column":32}},"76":{"start":{"line":99,"column":4},"end":{"line":99,"column":31}},"77":{"start":{"line":100,"column":4},"end":{"line":100,"column":33}},"78":{"start":{"line":102,"column":4},"end":{"line":102,"column":27}},"79":{"start":{"line":103,"column":4},"end":{"line":103,"column":62}},"80":{"start":{"line":104,"column":4},"end":{"line":104,"column":24}},"81":{"start":{"line":105,"column":4},"end":{"line":105,"column":21}},"82":{"start":{"line":106,"column":4},"end":{"line":106,"column":22}},"83":{"start":{"line":107,"column":4},"end":{"line":110,"column":4}},"84":{"start":{"line":111,"column":4},"end":{"line":111,"column":57}},"85":{"start":{"line":112,"column":4},"end":{"line":112,"column":64}},"86":{"start":{"line":113,"column":4},"end":{"line":113,"column":45}},"87":{"start":{"line":114,"column":4},"end":{"line":114,"column":21}},"88":{"start":{"line":115,"column":4},"end":{"line":115,"column":32}},"89":{"start":{"line":116,"column":4},"end":{"line":116,"column":31}},"90":{"start":{"line":117,"column":4},"end":{"line":117,"column":57}},"91":{"start":{"line":117,"column":29},"end":{"line":117,"column":56}},"92":{"start":{"line":117,"column":49},"end":{"line":117,"column":49}},"93":{"start":{"line":117,"column":56},"end":{"line":117,"column":56}},"94":{"start":{"line":118,"column":4},"end":{"line":118,"column":7}},"95":{"start":{"line":120,"column":2},"end":{"line":120,"column":24}},"96":{"start":{"line":121,"column":2},"end":{"line":121,"column":16}},"97":{"start":{"line":122,"column":2},"end":{"line":122,"column":35}},"98":{"start":{"line":123,"column":2},"end":{"line":123,"column":39}},"99":{"start":{"line":124,"column":2},"end":{"line":124,"column":31}},"100":{"start":{"line":125,"column":2},"end":{"line":125,"column":47}},"101":{"start":{"line":126,"column":2},"end":{"line":126,"column":41}},"102":{"start":{"line":127,"column":2},"end":{"line":132,"column":2}},"103":{"start":{"line":133,"column":2},"end":{"line":133,"column":58}},"104":{"start":{"line":134,"column":2},"end":{"line":134,"column":59}},"105":{"start":{"line":135,"column":2},"end":{"line":135,"column":7}}},"branchMap":{"1":{"line":16,"type":"if","locations":[{"start":{"line":16,"column":4},"end":{"line":16,"column":4}},{"start":{"line":16,"column":4},"end":{"line":16,"column":4}}]},"2":{"line":38,"type":"if","locations":[{"start":{"line":38,"column":4},"end":{"line":38,"column":4}},{"start":{"line":38,"column":4},"end":{"line":38,"column":4}}]},"3":{"line":44,"type":"if","locations":[{"start":{"line":44,"column":6},"end":{"line":44,"column":6}},{"start":{"line":44,"column":6},"end":{"line":44,"column":6}}]},"4":{"line":48,"type":"if","locations":[{"start":{"line":48,"column":4},"end":{"line":48,"column":4}},{"start":{"line":48,"column":4},"end":{"line":48,"column":4}}]},"5":{"line":53,"type":"if","locations":[{"start":{"line":53,"column":4},"end":{"line":53,"column":4}},{"start":{"line":53,"column":4},"end":{"line":53,"column":4}}]},"6":{"line":57,"type":"if","locations":[{"start":{"line":57,"column":4},"end":{"line":57,"column":4}},{"start":{"line":57,"column":4},"end":{"line":57,"column":4}}]},"7":{"line":64,"type":"if","locations":[{"start":{"line":64,"column":6},"end":{"line":64,"column":6}},{"start":{"line":64,"column":6},"end":{"line":64,"column":6}}]},"8":{"line":70,"type":"if","locations":[{"start":{"line":70,"column":6},"end":{"line":70,"column":6}},{"start":{"line":70,"column":6},"end":{"line":70,"column":6}}]},"9":{"line":75,"type":"if","locations":[{"start":{"line":75,"column":6},"end":{"line":75,"column":6}},{"start":{"line":75,"column":6},"end":{"line":75,"column":6}}]},"10":{"line":77,"type":"if","locations":[{"start":{"line":77,"column":6},"end":{"line":77,"column":6}},{"start":{"line":77,"column":6},"end":{"line":77,"column":6}}]},"11":{"line":82,"type":"if","locations":[{"start":{"line":82,"column":8},"end":{"line":82,"column":8}},{"start":{"line":82,"column":8},"end":{"line":82,"column":8}}]},"12":{"line":86,"type":"if","locations":[{"start":{"line":86,"column":6},"end":{"line":86,"column":6}},{"start":{"line":86,"column":6},"end":{"line":86,"column":6}}]},"13":{"line":92,"type":"if","locations":[{"start":{"line":92,"column":6},"end":{"line":92,"column":6}},{"start":{"line":92,"column":6},"end":{"line":92,"column":6}}]},"14":{"line":117,"type":"if","locations":[{"start":{"line":117,"column":29},"end":{"line":117,"column":29}},{"start":{"line":117,"column":29},"end":{"line":117,"column":29}}]}}}}