TN:
SF:/home/alex/github/node-report/src/html.coffee
FN:62,module
FN:82,(anonymous_1)
FN:121,(anonymous_2)
FN:130,initHtml
FN:139,highlight
FN:167,md2html
FN:171,text
FN:176,optimizeHtml
FNF:8
FNH:0
FNDA:0,module
FNDA:0,(anonymous_1)
FNDA:0,(anonymous_2)
FNDA:0,initHtml
FNDA:0,highlight
FNDA:0,md2html
FNDA:0,text
FNDA:0,optimizeHtml
DA:7,0
DA:8,0
DA:9,0
DA:10,0
DA:11,0
DA:13,0
DA:14,0
DA:15,0
DA:16,0
DA:17,0
DA:18,0
DA:19,0
DA:20,0
DA:21,0
DA:22,0
DA:23,0
DA:24,0
DA:25,0
DA:26,0
DA:27,0
DA:28,0
DA:33,0
DA:34,0
DA:36,0
DA:62,0
DA:63,0
DA:64,0
DA:65,0
DA:67,0
DA:68,0
DA:69,0
DA:72,0
DA:83,0
DA:84,0
DA:85,0
DA:87,0
DA:88,0
DA:89,0
DA:91,0
DA:93,0
DA:94,0
DA:96,0
DA:98,0
DA:99,0
DA:101,0
DA:103,0
DA:105,0
DA:111,0
DA:113,0
DA:116,0
DA:117,0
DA:119,0
DA:122,0
DA:129,0
DA:130,0
DA:131,0
DA:133,0
DA:140,0
DA:141,0
DA:142,0
DA:143,0
DA:144,0
DA:145,0
DA:166,0
DA:167,0
DA:168,0
DA:169,0
DA:171,0
DA:172,0
DA:173,0
DA:174,0
DA:176,0
DA:177,0
DA:180,0
DA:184,0
DA:185,0
DA:187,0
DA:190,0
DA:191,0
DA:193,0
DA:196,0
DA:197,0
DA:199,0
LF:83
LH:0
BRDA:63,1,0,0
BRDA:63,1,1,0
BRDA:91,2,0,0
BRDA:91,2,1,0
BRDA:91,2,2,0
BRDA:103,3,0,0
BRDA:103,3,1,0
BRDA:116,4,0,0
BRDA:116,4,1,0
BRDA:117,5,0,0
BRDA:117,5,1,0
BRDA:131,6,0,0
BRDA:131,6,1,0
BRDA:140,7,0,0
BRDA:140,7,1,0
BRDA:173,8,0,0
BRDA:173,8,1,0
BRF:17
BRH:0
end_of_record
TN:
SF:/home/alex/github/node-report/src/index.coffee
FN:16,block
FN:23,table
FN:37,(anonymous_1)
FN:38,(anonymous_2)
FN:70,(anonymous_3)
FN:76,(anonymous_4)
FN:77,(anonymous_5)
FN:89,(anonymous_6)
FN:97,(anonymous_7)
FN:107,(anonymous_8)
FN:120,(anonymous_9)
FN:137,Report
FN:144,this
FN:147,this
FN:150,this
FN:153,this
FN:154,this
FN:155,this
FN:156,this
FN:159,this
FN:160,this
FN:161,this
FN:162,this
FN:163,this
FN:164,this
FN:165,this
FN:166,this
FN:167,this
FN:169,this
FN:173,this
FN:177,this
FN:178,this
FN:181,this
FN:186,this
FN:193,this
FN:197,this
FN:202,(anonymous_10)
FN:209,this
FN:217,(anonymous_11)
FN:224,this
FN:232,(anonymous_12)
FN:237,this
FN:245,this
FN:246,this
FN:247,this
FN:252,constructor
FN:268,raw
FN:274,add
FN:282,h1
FN:283,h2
FN:284,h3
FN:285,h4
FN:286,h5
FN:287,h6
FN:290,p
FN:291,hr
FN:292,quote
FN:293,code
FN:294,box
FN:297,ul
FN:298,ol
FN:299,dl
FN:300,check
FN:302,table
FN:304,footnote
FN:309,abbr
FN:310,toc
FN:316,toString
FN:324,toText
FN:341,(anonymous_13)
FN:344,(anonymous_14)
FN:364,toConsole
FN:381,(anonymous_15)
FN:383,(anonymous_16)
FN:385,(anonymous_17)
FN:388,(anonymous_18)
FN:416,(anonymous_19)
FN:419,(anonymous_20)
FN:444,(anonymous_21)
FN:448,(anonymous_22)
FN:467,(anonymous_23)
FN:480,(anonymous_24)
FN:489,toHtml
FN:494,toPdf
FN:510,toImage
FN:530,stripAnsi
FNF:86
FNH:69
FNDA:25,block
FNDA:2,table
FNDA:3,(anonymous_1)
FNDA:6,(anonymous_2)
FNDA:7,(anonymous_3)
FNDA:3,(anonymous_4)
FNDA:6,(anonymous_5)
FNDA:0,(anonymous_6)
FNDA:5,(anonymous_7)
FNDA:5,(anonymous_8)
FNDA:18,(anonymous_9)
FNDA:1,Report
FNDA:6,this
FNDA:1,this
FNDA:1,this
FNDA:11,this
FNDA:1,this
FNDA:1,this
FNDA:1,this
FNDA:1,this
FNDA:1,this
FNDA:1,this
FNDA:0,this
FNDA:1,this
FNDA:1,this
FNDA:1,this
FNDA:0,this
FNDA:1,this
FNDA:1,this
FNDA:0,this
FNDA:12,this
FNDA:2,this
FNDA:2,this
FNDA:4,this
FNDA:1,this
FNDA:2,this
FNDA:6,(anonymous_10)
FNDA:2,this
FNDA:6,(anonymous_11)
FNDA:1,this
FNDA:3,(anonymous_12)
FNDA:1,this
FNDA:1,this
FNDA:1,this
FNDA:0,this
FNDA:3,constructor
FNDA:44,raw
FNDA:0,add
FNDA:1,h1
FNDA:1,h2
FNDA:11,h3
FNDA:1,h4
FNDA:1,h5
FNDA:1,h6
FNDA:12,p
FNDA:1,hr
FNDA:2,quote
FNDA:2,code
FNDA:4,box
FNDA:1,ul
FNDA:1,ol
FNDA:1,dl
FNDA:1,check
FNDA:1,table
FNDA:1,footnote
FNDA:1,abbr
FNDA:1,toc
FNDA:2,toString
FNDA:1,toText
FNDA:5,(anonymous_13)
FNDA:20,(anonymous_14)
FNDA:1,toConsole
FNDA:0,(anonymous_15)
FNDA:0,(anonymous_16)
FNDA:0,(anonymous_17)
FNDA:0,(anonymous_18)
FNDA:0,(anonymous_19)
FNDA:1,(anonymous_20)
FNDA:11,(anonymous_21)
FNDA:16,(anonymous_22)
FNDA:0,(anonymous_23)
FNDA:0,(anonymous_24)
FNDA:0,toHtml
FNDA:0,toPdf
FNDA:0,toImage
FNDA:0,stripAnsi
DA:7,1
DA:8,1
DA:10,1
DA:16,1
DA:17,25
DA:18,25
DA:19,25
DA:20,25
DA:23,1
DA:24,2
DA:26,2
DA:27,1
DA:28,1
DA:29,3
DA:30,0
DA:31,0
DA:33,0
DA:34,0
DA:36,3
DA:37,1
DA:38,3
DA:39,6
DA:41,2
DA:42,2
DA:43,1
DA:44,1
DA:48,1
DA:49,1
DA:50,2
DA:51,2
DA:52,1
DA:53,1
DA:54,0
DA:55,0
DA:56,0
DA:58,0
DA:59,0
DA:61,2
DA:62,0
DA:63,0
DA:64,0
DA:65,2
DA:66,0
DA:67,0
DA:68,0
DA:70,2
DA:71,7
DA:72,18
DA:73,7
DA:75,2
DA:76,1
DA:77,3
DA:78,6
DA:80,2
DA:81,5
DA:82,5
DA:83,18
DA:84,18
DA:85,18
DA:87,2
DA:88,0
DA:89,0
DA:90,0
DA:91,0
DA:92,0
DA:93,0
DA:94,0
DA:96,2
DA:97,2
DA:98,5
DA:99,1
DA:100,4
DA:101,0
DA:102,5
DA:106,2
DA:107,2
DA:108,5
DA:110,1
DA:112,4
DA:114,0
DA:118,2
DA:119,7
DA:120,7
DA:121,18
DA:122,4
DA:123,14
DA:124,0
DA:125,18
DA:126,18
DA:127,0
DA:128,18
DA:131,2
DA:137,1
DA:145,6
DA:148,1
DA:149,1
DA:151,1
DA:152,1
DA:153,11
DA:154,1
DA:155,1
DA:156,1
DA:159,1
DA:160,1
DA:161,1
DA:162,0
DA:163,1
DA:164,1
DA:165,1
DA:166,0
DA:168,1
DA:170,1
DA:174,0
DA:177,12
DA:179,2
DA:180,2
DA:182,2
DA:183,1
DA:184,1
DA:185,1
DA:187,4
DA:188,0
DA:189,4
DA:190,4
DA:191,0
DA:192,0
DA:193,1
DA:198,2
DA:199,1
DA:200,1
DA:201,1
DA:202,2
DA:203,6
DA:204,1
DA:205,1
DA:206,5
DA:207,5
DA:210,2
DA:211,1
DA:212,1
DA:213,1
DA:214,2
DA:215,2
DA:216,2
DA:217,2
DA:218,6
DA:219,1
DA:220,1
DA:221,5
DA:222,5
DA:225,1
DA:226,1
DA:227,0
DA:228,0
DA:229,0
DA:230,1
DA:231,1
DA:232,3
DA:233,3
DA:235,3
DA:236,1
DA:238,1
DA:239,1
DA:240,3
DA:241,1
DA:245,1
DA:246,1
DA:247,0
DA:253,3
DA:254,3
DA:256,3
DA:257,3
DA:258,3
DA:261,3
DA:269,44
DA:270,44
DA:271,44
DA:275,0
DA:276,0
DA:277,0
DA:278,0
DA:279,0
DA:282,1
DA:283,1
DA:284,11
DA:285,1
DA:286,1
DA:287,1
DA:290,12
DA:291,1
DA:292,2
DA:293,2
DA:294,4
DA:297,1
DA:298,1
DA:299,1
DA:300,1
DA:302,1
DA:305,1
DA:306,1
DA:307,1
DA:309,1
DA:310,1
DA:317,2
DA:318,2
DA:319,4
DA:320,0
DA:321,2
DA:325,1
DA:327,1
DA:339,1
DA:340,1
DA:341,1
DA:343,5
DA:344,5
DA:345,20
DA:346,1
DA:348,19
DA:352,0
DA:355,1
DA:365,1
DA:367,1
DA:379,1
DA:381,1
DA:382,0
DA:383,1
DA:384,0
DA:385,1
DA:386,0
DA:388,1
DA:389,0
DA:391,1
DA:405,1
DA:406,13
DA:408,1
DA:409,1
DA:410,1
DA:411,1
DA:412,1
DA:413,1
DA:414,1
DA:416,1
DA:417,0
DA:419,1
DA:420,1
DA:421,1
DA:423,1
DA:424,2
DA:425,1
DA:426,1
DA:427,2
DA:428,1
DA:429,2
DA:430,1
DA:432,1
DA:433,3
DA:434,3
DA:435,6
DA:437,1
DA:438,2
DA:439,1
DA:440,1
DA:442,1
DA:443,1
DA:444,1
DA:445,11
DA:447,11
DA:448,4
DA:449,16
DA:450,1
DA:452,15
DA:456,7
DA:459,1
DA:467,1
DA:469,0
DA:470,0
DA:471,0
DA:472,0
DA:473,0
DA:474,0
DA:480,0
DA:481,0
DA:482,0
DA:483,0
DA:484,0
DA:485,1
DA:488,1
DA:490,0
DA:491,0
DA:495,0
DA:496,0
DA:497,0
DA:498,0
DA:499,0
DA:500,0
DA:505,0
DA:506,0
DA:507,0
DA:511,0
DA:512,0
DA:513,0
DA:514,0
DA:515,0
DA:516,0
DA:517,0
DA:518,0
DA:523,1
DA:530,1
DA:531,0
LF:309
LH:230
BRDA:18,1,0,24
BRDA:18,1,1,1
BRDA:24,2,0,0
BRDA:24,2,1,2
BRDA:26,3,0,1
BRDA:26,3,1,1
BRDA:29,4,0,0
BRDA:29,4,1,3
BRDA:30,5,0,0
BRDA:30,5,1,0
BRDA:39,6,0,6
BRDA:39,6,1,0
BRDA:41,7,0,2
BRDA:41,7,1,0
BRDA:42,8,0,1
BRDA:42,8,1,1
BRDA:43,9,0,1
BRDA:43,9,1,0
BRDA:50,10,0,0
BRDA:50,10,1,2
BRDA:53,11,0,0
BRDA:53,11,1,1
BRDA:61,12,0,0
BRDA:61,12,1,2
BRDA:65,13,0,0
BRDA:65,13,1,2
BRDA:75,14,0,1
BRDA:75,14,1,1
BRDA:83,15,0,0
BRDA:83,15,1,18
BRDA:84,16,0,3
BRDA:84,16,1,15
BRDA:87,17,0,0
BRDA:87,17,1,2
BRDA:92,18,0,0
BRDA:92,18,1,0
BRDA:93,19,0,0
BRDA:93,19,1,0
BRDA:98,20,0,1
BRDA:98,20,1,4
BRDA:98,20,2,0
BRDA:108,21,0,1
BRDA:108,21,1,4
BRDA:108,21,2,0
BRDA:121,22,0,4
BRDA:121,22,1,14
BRDA:121,22,2,0
BRDA:126,23,0,0
BRDA:126,23,1,18
BRDA:168,24,0,0
BRDA:168,24,1,1
BRDA:170,25,0,0
BRDA:170,25,1,1
BRDA:182,26,0,1
BRDA:182,26,1,1
BRDA:187,27,0,0
BRDA:187,27,1,4
BRDA:189,28,0,0
BRDA:189,28,1,4
BRDA:198,29,0,1
BRDA:198,29,1,1
BRDA:201,30,0,0
BRDA:201,30,1,1
BRDA:203,31,0,1
BRDA:203,31,1,5
BRDA:210,32,0,1
BRDA:210,32,1,1
BRDA:213,33,0,0
BRDA:213,33,1,1
BRDA:218,34,0,1
BRDA:218,34,1,5
BRDA:226,35,0,0
BRDA:226,35,1,1
BRDA:229,36,0,0
BRDA:229,36,1,0
BRDA:240,37,0,2
BRDA:240,37,1,1
BRDA:257,38,0,1
BRDA:257,38,1,2
BRDA:269,39,0,0
BRDA:269,39,1,44
BRDA:275,40,0,0
BRDA:275,40,1,0
BRDA:319,41,0,4
BRDA:319,41,1,0
BRDA:339,42,0,1
BRDA:339,42,1,0
BRDA:343,43,0,5
BRDA:343,43,1,0
BRDA:345,44,0,1
BRDA:345,44,1,19
BRDA:442,45,0,1
BRDA:442,45,1,0
BRDA:447,46,0,4
BRDA:447,46,1,7
BRDA:449,47,0,1
BRDA:449,47,1,15
BRDA:472,48,0,0
BRDA:472,48,1,0
BRDA:490,49,0,0
BRDA:490,49,1,0
BRDA:495,50,0,0
BRDA:495,50,1,0
BRDA:511,51,0,0
BRDA:511,51,1,0
BRF:105
BRH:60
end_of_record
TN:
SF:/home/alex/github/node-report/src/plugin.coffee
FN:3,module
FN:9,module
FN:11,validateDefault
FN:14,renderDefault
FN:23,container
FNF:5
FNH:0
FNDA:0,module
FNDA:0,module
FNDA:0,validateDefault
FNDA:0,renderDefault
FNDA:0,container
DA:3,0
DA:4,0
DA:7,0
DA:9,0
DA:11,0
DA:12,0
DA:14,0
DA:16,0
DA:17,0
DA:21,0
DA:23,0
DA:24,0
DA:25,0
DA:26,0
DA:27,0
DA:28,0
DA:29,0
DA:30,0
DA:31,0
DA:32,0
DA:33,0
DA:34,0
DA:38,0
DA:39,0
DA:42,0
DA:43,0
DA:44,0
DA:45,0
DA:46,0
DA:47,0
DA:48,0
DA:49,0
DA:50,0
DA:51,0
DA:52,0
DA:53,0
DA:54,0
DA:57,0
DA:58,0
DA:61,0
DA:62,0
DA:63,0
DA:64,0
DA:67,0
DA:68,0
DA:69,0
DA:70,0
DA:74,0
DA:75,0
DA:76,0
DA:77,0
DA:79,0
DA:80,0
DA:81,0
DA:82,0
DA:83,0
DA:84,0
DA:86,0
DA:87,0
DA:88,0
DA:90,0
DA:91,0
DA:92,0
DA:93,0
DA:94,0
DA:96,0
DA:97,0
DA:98,0
DA:99,0
DA:100,0
DA:102,0
DA:103,0
DA:104,0
DA:105,0
DA:106,0
DA:107,0
DA:111,0
DA:112,0
DA:113,0
DA:114,0
DA:115,0
DA:116,0
DA:117,0
DA:118,0
DA:120,0
DA:121,0
DA:122,0
DA:123,0
DA:124,0
DA:125,0
DA:126,0
DA:127,0
DA:133,0
DA:134,0
DA:135,0
LF:95
LH:0
BRDA:16,1,0,0
BRDA:16,1,1,0
BRDA:38,2,0,0
BRDA:38,2,1,0
BRDA:44,3,0,0
BRDA:44,3,1,0
BRDA:48,4,0,0
BRDA:48,4,1,0
BRDA:53,5,0,0
BRDA:53,5,1,0
BRDA:57,6,0,0
BRDA:57,6,1,0
BRDA:64,7,0,0
BRDA:64,7,1,0
BRDA:70,8,0,0
BRDA:70,8,1,0
BRDA:75,9,0,0
BRDA:75,9,1,0
BRDA:77,10,0,0
BRDA:77,10,1,0
BRDA:82,11,0,0
BRDA:82,11,1,0
BRDA:86,12,0,0
BRDA:86,12,1,0
BRDA:92,13,0,0
BRDA:92,13,1,0
BRDA:117,14,0,0
BRDA:117,14,1,0
BRF:28
BRH:0
end_of_record
