TN:
SF:/home/alex/github/node-report/src/html.coffee
FN:62,module
FN:82,(anonymous_1)
FN:121,(anonymous_2)
FN:130,initHtml
FN:139,highlight
FN:167,md2html
FN:171,text
FN:176,optimizeHtml
FNF:8
FNH:8
FNDA:9,module
FNDA:2,(anonymous_1)
FNDA:1,(anonymous_2)
FNDA:9,initHtml
FNDA:5,highlight
FNDA:40,md2html
FNDA:72,text
FNDA:9,optimizeHtml
DA:7,1
DA:8,1
DA:9,1
DA:10,1
DA:11,1
DA:13,1
DA:14,1
DA:15,1
DA:16,1
DA:17,1
DA:18,1
DA:19,1
DA:20,1
DA:21,1
DA:22,1
DA:23,1
DA:24,1
DA:25,1
DA:26,1
DA:27,1
DA:28,1
DA:33,1
DA:34,1
DA:36,1
DA:62,1
DA:63,9
DA:64,0
DA:65,0
DA:67,9
DA:68,9
DA:69,9
DA:72,9
DA:83,2
DA:84,2
DA:85,2
DA:87,9
DA:88,9
DA:89,9
DA:91,9
DA:93,9
DA:94,9
DA:96,0
DA:98,0
DA:99,0
DA:101,9
DA:103,9
DA:105,9
DA:111,9
DA:113,9
DA:116,9
DA:117,1
DA:119,1
DA:122,1
DA:129,1
DA:130,1
DA:131,9
DA:133,1
DA:140,5
DA:141,5
DA:142,5
DA:143,0
DA:144,0
DA:145,0
DA:166,1
DA:167,1
DA:168,40
DA:169,1
DA:171,1
DA:172,72
DA:173,72
DA:174,72
DA:176,1
DA:177,9
DA:180,9
DA:184,9
DA:185,36
DA:187,36
DA:190,9
DA:191,27
DA:193,27
DA:196,9
DA:197,72
DA:199,9
LF:83
LH:75
BRDA:63,1,0,0
BRDA:63,1,1,9
BRDA:91,2,0,9
BRDA:91,2,1,0
BRDA:91,2,2,0
BRDA:103,3,0,1
BRDA:103,3,1,8
BRDA:116,4,0,8
BRDA:116,4,1,1
BRDA:117,5,0,0
BRDA:117,5,1,1
BRDA:131,6,0,8
BRDA:131,6,1,1
BRDA:140,7,0,5
BRDA:140,7,1,0
BRDA:173,8,0,0
BRDA:173,8,1,72
BRF:17
BRH:11
end_of_record
TN:
SF:/home/alex/github/node-report/src/index.coffee
FN:16,block
FN:23,table
FN:38,(anonymous_1)
FN:39,(anonymous_2)
FN:71,(anonymous_3)
FN:73,(anonymous_4)
FN:80,(anonymous_5)
FN:82,(anonymous_6)
FN:97,(anonymous_7)
FN:105,(anonymous_8)
FN:115,(anonymous_9)
FN:128,(anonymous_10)
FN:147,Report
FN:154,this
FN:157,this
FN:160,this
FN:163,this
FN:164,this
FN:165,this
FN:166,this
FN:169,this
FN:170,this
FN:171,this
FN:172,this
FN:173,this
FN:174,this
FN:175,this
FN:176,this
FN:177,this
FN:179,this
FN:183,this
FN:187,this
FN:188,this
FN:191,this
FN:196,this
FN:203,this
FN:207,this
FN:212,(anonymous_11)
FN:219,this
FN:227,(anonymous_12)
FN:234,this
FN:242,(anonymous_13)
FN:247,this
FN:255,this
FN:256,this
FN:257,this
FN:262,constructor
FN:278,raw
FN:284,add
FN:292,h1
FN:293,h2
FN:294,h3
FN:295,h4
FN:296,h5
FN:297,h6
FN:300,p
FN:301,hr
FN:302,quote
FN:303,code
FN:304,box
FN:307,ul
FN:308,ol
FN:309,dl
FN:310,check
FN:312,table
FN:314,footnote
FN:319,abbr
FN:320,toc
FN:326,toString
FN:334,toText
FN:351,(anonymous_14)
FN:354,(anonymous_15)
FN:374,toConsole
FN:378,(anonymous_16)
FN:396,(anonymous_17)
FN:398,(anonymous_18)
FN:400,(anonymous_19)
FN:403,(anonymous_20)
FN:431,(anonymous_21)
FN:456,(anonymous_22)
FN:459,(anonymous_23)
FN:478,(anonymous_24)
FN:491,(anonymous_25)
FN:503,toHtml
FN:508,toPdf
FN:524,toImage
FN:544,stripAnsi
FNF:87
FNH:82
FNDA:58,block
FNDA:18,table
FNDA:13,(anonymous_1)
FNDA:26,(anonymous_2)
FNDA:69,(anonymous_3)
FNDA:86,(anonymous_4)
FNDA:7,(anonymous_5)
FNDA:18,(anonymous_6)
FNDA:13,(anonymous_7)
FNDA:47,(anonymous_8)
FNDA:47,(anonymous_9)
FNDA:182,(anonymous_10)
FNDA:1,Report
FNDA:19,this
FNDA:3,this
FNDA:3,this
FNDA:12,this
FNDA:2,this
FNDA:2,this
FNDA:2,this
FNDA:2,this
FNDA:2,this
FNDA:2,this
FNDA:1,this
FNDA:2,this
FNDA:2,this
FNDA:2,this
FNDA:1,this
FNDA:2,this
FNDA:11,this
FNDA:0,this
FNDA:23,this
FNDA:5,this
FNDA:5,this
FNDA:5,this
FNDA:2,this
FNDA:6,this
FNDA:19,(anonymous_11)
FNDA:3,this
FNDA:10,(anonymous_12)
FNDA:2,this
FNDA:5,(anonymous_13)
FNDA:1,this
FNDA:2,this
FNDA:2,this
FNDA:0,this
FNDA:14,constructor
FNDA:56,raw
FNDA:0,add
FNDA:2,h1
FNDA:2,h2
FNDA:11,h3
FNDA:1,h4
FNDA:1,h5
FNDA:1,h6
FNDA:20,p
FNDA:1,hr
FNDA:2,quote
FNDA:2,code
FNDA:4,box
FNDA:2,ul
FNDA:1,ol
FNDA:1,dl
FNDA:1,check
FNDA:1,table
FNDA:2,footnote
FNDA:2,abbr
FNDA:1,toc
FNDA:25,toString
FNDA:6,toText
FNDA:11,(anonymous_14)
FNDA:50,(anonymous_15)
FNDA:2,toConsole
FNDA:1,(anonymous_16)
FNDA:1,(anonymous_17)
FNDA:1,(anonymous_18)
FNDA:13,(anonymous_19)
FNDA:1,(anonymous_20)
FNDA:1,(anonymous_21)
FNDA:0,(anonymous_22)
FNDA:0,(anonymous_23)
FNDA:4,(anonymous_24)
FNDA:4,(anonymous_25)
FNDA:9,toHtml
FNDA:1,toPdf
FNDA:2,toImage
FNDA:8,stripAnsi
DA:7,1
DA:8,1
DA:10,1
DA:16,1
DA:17,58
DA:18,58
DA:19,58
DA:20,58
DA:23,1
DA:24,18
DA:25,18
DA:27,18
DA:28,4
DA:29,4
DA:30,12
DA:31,2
DA:32,1
DA:34,1
DA:35,2
DA:37,10
DA:38,4
DA:39,13
DA:40,26
DA:42,18
DA:43,13
DA:44,7
DA:45,5
DA:49,7
DA:50,7
DA:51,16
DA:52,16
DA:53,7
DA:54,6
DA:55,1
DA:56,2
DA:57,1
DA:59,5
DA:60,14
DA:62,18
DA:63,1
DA:64,1
DA:65,1
DA:66,17
DA:67,1
DA:68,1
DA:69,1
DA:71,18
DA:72,69
DA:73,86
DA:75,36
DA:76,108
DA:77,36
DA:79,18
DA:80,2
DA:81,7
DA:82,18
DA:84,0
DA:85,0
DA:86,0
DA:88,18
DA:89,47
DA:90,47
DA:91,182
DA:92,182
DA:93,182
DA:95,18
DA:96,3
DA:97,3
DA:98,13
DA:99,13
DA:100,13
DA:101,13
DA:102,0
DA:104,18
DA:105,18
DA:106,47
DA:107,5
DA:108,42
DA:109,0
DA:110,47
DA:114,18
DA:115,18
DA:116,47
DA:118,5
DA:120,42
DA:122,0
DA:126,18
DA:127,69
DA:128,69
DA:129,182
DA:130,20
DA:131,162
DA:132,0
DA:133,182
DA:134,182
DA:135,0
DA:136,182
DA:137,0
DA:138,182
DA:141,18
DA:147,1
DA:155,19
DA:158,3
DA:159,3
DA:161,3
DA:162,3
DA:163,12
DA:164,2
DA:165,2
DA:166,2
DA:169,2
DA:170,2
DA:171,2
DA:172,1
DA:173,2
DA:174,2
DA:175,2
DA:176,1
DA:178,2
DA:180,11
DA:184,0
DA:187,23
DA:189,5
DA:190,5
DA:192,5
DA:193,2
DA:194,3
DA:195,3
DA:197,5
DA:198,0
DA:199,5
DA:200,5
DA:201,0
DA:202,0
DA:203,2
DA:208,6
DA:209,1
DA:210,1
DA:211,1
DA:212,6
DA:213,19
DA:214,2
DA:215,2
DA:216,17
DA:217,17
DA:220,3
DA:221,1
DA:222,1
DA:223,1
DA:224,3
DA:225,3
DA:226,3
DA:227,3
DA:228,10
DA:229,1
DA:230,1
DA:231,9
DA:232,9
DA:235,2
DA:236,2
DA:237,0
DA:238,0
DA:239,0
DA:240,2
DA:241,2
DA:242,5
DA:243,5
DA:245,5
DA:246,2
DA:248,1
DA:249,1
DA:250,3
DA:251,1
DA:255,2
DA:256,2
DA:257,0
DA:263,14
DA:264,14
DA:266,14
DA:267,14
DA:268,14
DA:271,14
DA:279,56
DA:280,56
DA:281,56
DA:285,0
DA:286,0
DA:287,0
DA:288,0
DA:289,0
DA:292,2
DA:293,2
DA:294,11
DA:295,1
DA:296,1
DA:297,1
DA:300,20
DA:301,1
DA:302,2
DA:303,2
DA:304,4
DA:307,2
DA:308,1
DA:309,1
DA:310,1
DA:312,1
DA:315,2
DA:316,2
DA:317,2
DA:319,2
DA:320,1
DA:327,25
DA:328,25
DA:329,50
DA:330,9
DA:331,25
DA:335,6
DA:337,6
DA:349,6
DA:350,2
DA:351,2
DA:353,11
DA:354,11
DA:355,50
DA:356,2
DA:358,48
DA:362,0
DA:365,6
DA:375,2
DA:377,2
DA:378,2
DA:379,1
DA:380,1
DA:382,2
DA:394,2
DA:396,2
DA:397,1
DA:398,2
DA:399,1
DA:400,2
DA:401,13
DA:403,2
DA:404,1
DA:406,2
DA:420,2
DA:421,26
DA:423,2
DA:424,2
DA:425,2
DA:426,2
DA:427,2
DA:428,2
DA:429,2
DA:431,2
DA:432,1
DA:433,1
DA:435,1
DA:436,3
DA:437,1
DA:438,1
DA:439,3
DA:440,1
DA:441,3
DA:442,1
DA:444,1
DA:445,4
DA:446,4
DA:447,12
DA:449,1
DA:450,3
DA:451,1
DA:452,1
DA:454,2
DA:455,0
DA:456,0
DA:458,0
DA:459,0
DA:460,0
DA:461,0
DA:463,0
DA:467,0
DA:470,2
DA:478,2
DA:480,4
DA:481,4
DA:482,4
DA:483,4
DA:484,4
DA:485,4
DA:491,4
DA:492,4
DA:493,4
DA:494,4
DA:495,4
DA:497,2
DA:498,1
DA:499,2
DA:502,1
DA:504,9
DA:505,9
DA:509,1
DA:510,1
DA:511,1
DA:512,1
DA:513,1
DA:514,1
DA:519,1
DA:520,1
DA:521,1
DA:525,2
DA:526,1
DA:527,1
DA:528,2
DA:529,2
DA:530,2
DA:531,2
DA:532,2
DA:537,1
DA:544,1
DA:545,8
LF:320
LH:289
BRDA:18,1,0,54
BRDA:18,1,1,4
BRDA:24,2,0,0
BRDA:24,2,1,18
BRDA:27,3,0,4
BRDA:27,3,1,14
BRDA:30,4,0,2
BRDA:30,4,1,10
BRDA:31,5,0,1
BRDA:31,5,1,1
BRDA:40,6,0,26
BRDA:40,6,1,0
BRDA:42,7,0,13
BRDA:42,7,1,5
BRDA:43,8,0,7
BRDA:43,8,1,6
BRDA:44,9,0,5
BRDA:44,9,1,2
BRDA:51,10,0,0
BRDA:51,10,1,16
BRDA:54,11,0,1
BRDA:54,11,1,5
BRDA:62,12,0,1
BRDA:62,12,1,17
BRDA:66,13,0,1
BRDA:66,13,1,16
BRDA:72,14,0,33
BRDA:72,14,1,36
BRDA:79,15,0,2
BRDA:79,15,1,16
BRDA:81,16,0,7
BRDA:81,16,1,0
BRDA:91,17,0,0
BRDA:91,17,1,182
BRDA:92,18,0,34
BRDA:92,18,1,148
BRDA:95,19,0,3
BRDA:95,19,1,15
BRDA:100,20,0,5
BRDA:100,20,1,8
BRDA:101,21,0,13
BRDA:101,21,1,0
BRDA:106,22,0,5
BRDA:106,22,1,42
BRDA:106,22,2,0
BRDA:116,23,0,5
BRDA:116,23,1,42
BRDA:116,23,2,0
BRDA:129,24,0,20
BRDA:129,24,1,162
BRDA:129,24,2,0
BRDA:134,25,0,0
BRDA:134,25,1,182
BRDA:136,26,0,0
BRDA:136,26,1,182
BRDA:178,27,0,0
BRDA:178,27,1,2
BRDA:180,28,0,3
BRDA:180,28,1,8
BRDA:192,29,0,2
BRDA:192,29,1,3
BRDA:197,30,0,0
BRDA:197,30,1,5
BRDA:199,31,0,0
BRDA:199,31,1,5
BRDA:208,32,0,1
BRDA:208,32,1,5
BRDA:211,33,0,0
BRDA:211,33,1,1
BRDA:213,34,0,2
BRDA:213,34,1,17
BRDA:220,35,0,1
BRDA:220,35,1,2
BRDA:223,36,0,0
BRDA:223,36,1,1
BRDA:228,37,0,1
BRDA:228,37,1,9
BRDA:236,38,0,0
BRDA:236,38,1,2
BRDA:239,39,0,0
BRDA:239,39,1,0
BRDA:250,40,0,2
BRDA:250,40,1,1
BRDA:267,41,0,3
BRDA:267,41,1,11
BRDA:279,42,0,0
BRDA:279,42,1,56
BRDA:285,43,0,0
BRDA:285,43,1,0
BRDA:329,44,0,41
BRDA:329,44,1,9
BRDA:349,45,0,2
BRDA:349,45,1,4
BRDA:353,46,0,11
BRDA:353,46,1,0
BRDA:355,47,0,2
BRDA:355,47,1,48
BRDA:454,48,0,0
BRDA:454,48,1,2
BRDA:458,49,0,0
BRDA:458,49,1,0
BRDA:460,50,0,0
BRDA:460,50,1,0
BRDA:483,51,0,4
BRDA:483,51,1,0
BRDA:504,52,0,1
BRDA:504,52,1,8
BRDA:509,53,0,1
BRDA:509,53,1,0
BRDA:525,54,0,1
BRDA:525,54,1,1
BRF:111
BRH:81
end_of_record
TN:
SF:/home/alex/github/node-report/src/plugin.coffee
FN:3,module
FN:9,module
FN:11,validateDefault
FN:14,renderDefault
FN:23,container
FNF:5
FNH:0
FNDA:0,module
FNDA:0,module
FNDA:0,validateDefault
FNDA:0,renderDefault
FNDA:0,container
DA:3,0
DA:4,0
DA:7,0
DA:9,0
DA:11,0
DA:12,0
DA:14,0
DA:16,0
DA:17,0
DA:21,0
DA:23,0
DA:24,0
DA:25,0
DA:26,0
DA:27,0
DA:28,0
DA:29,0
DA:30,0
DA:31,0
DA:32,0
DA:33,0
DA:34,0
DA:38,0
DA:39,0
DA:42,0
DA:43,0
DA:44,0
DA:45,0
DA:46,0
DA:47,0
DA:48,0
DA:49,0
DA:50,0
DA:51,0
DA:52,0
DA:53,0
DA:54,0
DA:57,0
DA:58,0
DA:61,0
DA:62,0
DA:63,0
DA:64,0
DA:67,0
DA:68,0
DA:69,0
DA:70,0
DA:74,0
DA:75,0
DA:76,0
DA:77,0
DA:79,0
DA:80,0
DA:81,0
DA:82,0
DA:83,0
DA:84,0
DA:86,0
DA:87,0
DA:88,0
DA:90,0
DA:91,0
DA:92,0
DA:93,0
DA:94,0
DA:96,0
DA:97,0
DA:98,0
DA:99,0
DA:100,0
DA:102,0
DA:103,0
DA:104,0
DA:105,0
DA:106,0
DA:107,0
DA:111,0
DA:112,0
DA:113,0
DA:114,0
DA:115,0
DA:116,0
DA:117,0
DA:118,0
DA:120,0
DA:121,0
DA:122,0
DA:123,0
DA:124,0
DA:125,0
DA:126,0
DA:127,0
DA:133,0
DA:134,0
DA:135,0
LF:95
LH:0
BRDA:16,1,0,0
BRDA:16,1,1,0
BRDA:38,2,0,0
BRDA:38,2,1,0
BRDA:44,3,0,0
BRDA:44,3,1,0
BRDA:48,4,0,0
BRDA:48,4,1,0
BRDA:53,5,0,0
BRDA:53,5,1,0
BRDA:57,6,0,0
BRDA:57,6,1,0
BRDA:64,7,0,0
BRDA:64,7,1,0
BRDA:70,8,0,0
BRDA:70,8,1,0
BRDA:75,9,0,0
BRDA:75,9,1,0
BRDA:77,10,0,0
BRDA:77,10,1,0
BRDA:82,11,0,0
BRDA:82,11,1,0
BRDA:86,12,0,0
BRDA:86,12,1,0
BRDA:92,13,0,0
BRDA:92,13,1,0
BRDA:117,14,0,0
BRDA:117,14,1,0
BRF:28
BRH:0
end_of_record
